2023-03-03 11:17:57,500 DEBUG [root] ASPIRE configuration directory is /home/yoavharlap/.config/ASPIRE
2023-03-03 11:17:57,500 DEBUG [root] ASPIRE configuration resolution details [({'logging': {'log_dir': '/scratch/home/yoavharlap/PycharmProjects/graphCryo/logs'}}, ConfigSource(<super: <class 'ConfigSource'>, <ConfigSource object>>, None, False, False)), ({}, ConfigSource(<super: <class 'ConfigSource'>, <YamlSource object>>, '/home/yoavharlap/.config/ASPIRE/config.yaml', False, False)), ({'version': '0.10.1', 'common': OrderedDict([('numeric', 'numpy'), ('fft', 'pyfftw')]), 'logging': OrderedDict([('log_dir', 'logs'), ('log_exceptions', 1), ('tqdm_disable', False), ('console_level', 'INFO'), ('log_file_level', 'DEBUG'), ('log_prefix', 'aspire')]), 'nufft': OrderedDict([('backends', ['cufinufft', 'finufft', 'pynfft'])]), 'ray': OrderedDict([('temp_dir', '/tmp/ray')])}, ConfigSource(<super: <class 'ConfigSource'>, <YamlSource object>>, '/home/yoavharlap/.local/lib/python3.8/site-packages/aspire/config_default.yaml', True, False))]
2023-03-03 11:17:57,502 DEBUG [root] Resolved config.yaml:

logging:
    log_dir: /scratch/home/yoavharlap/PycharmProjects/graphCryo/logs
    log_exceptions: 1
    tqdm_disable: no
    console_level: INFO
    log_file_level: DEBUG
    log_prefix: aspire
version: 0.10.1
common:
    numeric: numpy
    fft: pyfftw

nufft:
    backends: [cufinufft, finufft, pynfft]

ray:
    temp_dir: /tmp/ray


2023-03-03 11:18:00,902 INFO [aspire.volume.volume] /scratch/guysharon/Work/datafiles/volrefs/emd_2660.map with dtype float32 loaded as <class 'numpy.float64'>
2023-03-03 11:18:01,063 INFO [__main__] Original volume map data shape: (1, 360, 360, 360) dtype:float64
2023-03-03 11:18:17,396 INFO [__main__] Initialize CTF filters.
2023-03-03 11:18:17,404 INFO [aspire.source.image] Creating Simulation with 4 images.
2023-03-03 11:18:17,428 INFO [aspire.source.simulation] Appending CustomNoiseAdder to generation pipeline
2023-03-03 11:18:17,430 INFO [aspire.source.image] save metadata into STAR file
2023-03-03 11:18:17,437 INFO [aspire.storage.starfile] Created StarFile with blocks: 
2023-03-03 11:18:17,440 INFO [aspire.source.image] save images into MRCS file
2023-03-03 11:18:17,499 INFO [aspire.source.image] Saving ImageSource[0-3] to /home/yoavharlap/work/starfile_0_3.mrcs
2023-03-03 11:18:17,506 DEBUG [aspire.nufft] nufft passed real_type for signal, converting
2023-03-03 11:18:17,507 INFO [aspire.nufft] Trying NFFT backend cufinufft
2023-03-03 11:18:17,511 INFO [aspire.nufft] NFFT backend cufinufft not usable:
	No module named 'pycuda'
2023-03-03 11:18:17,513 INFO [aspire.nufft] Trying NFFT backend finufft
2023-03-03 11:18:17,526 INFO [aspire.nufft] NFFT backend finufft usable.
2023-03-03 11:18:17,528 INFO [aspire.nufft] Trying NFFT backend pynfft
2023-03-03 11:18:17,530 INFO [aspire.nufft] NFFT backend pynfft not usable:
	No module named 'pynfft'
2023-03-03 11:18:17,530 INFO [aspire.nufft] Selected NFFT backend = finufft.
2023-03-03 11:18:18,154 DEBUG [aspire.image.xform] Applying forward transformations in pipeline
2023-03-03 11:18:18,154 DEBUG [aspire.image.xform] All forward transformations applied
2023-03-03 11:18:48,654 INFO [aspire.volume.volume] /scratch/guysharon/Work/datafiles/volrefs/emd_2660.map with dtype float32 loaded as <class 'numpy.float64'>
2023-03-03 11:18:48,805 INFO [__main__] Original volume map data shape: (1, 360, 360, 360) dtype:float64
2023-03-03 11:18:49,549 INFO [__main__] Initialize CTF filters.
2023-03-03 11:18:49,554 INFO [aspire.source.image] Creating Simulation with 4 images.
2023-03-03 11:18:49,573 INFO [aspire.source.simulation] Appending CustomNoiseAdder to generation pipeline
2023-03-03 11:18:49,575 INFO [aspire.source.image] save metadata into STAR file
2023-03-03 11:18:49,581 INFO [aspire.storage.starfile] Created StarFile with blocks: 
2023-03-03 11:18:49,583 INFO [aspire.source.image] save images into MRCS file
2023-03-03 11:18:49,644 INFO [aspire.source.image] Saving ImageSource[0-3] to /home/yoavharlap/work/starfile_0_3.mrcs
2023-03-03 11:18:49,651 DEBUG [aspire.nufft] nufft passed real_type for signal, converting
2023-03-03 11:18:49,782 DEBUG [aspire.image.xform] Applying forward transformations in pipeline
2023-03-03 11:18:49,783 DEBUG [aspire.image.xform] All forward transformations applied
2023-03-03 11:18:49,954 INFO [src.cryo_signal_enhance]     Preparing starfile in the correct format...
2023-03-03 11:18:49,982 INFO [src.cryo_signal_enhance]     adding phase-flip to pipeline...
2023-03-03 11:18:49,985 INFO [src.cryo_signal_enhance]     adding downsample to pipeline (28->28)...
2023-03-03 11:18:50,084 INFO [src.cryo_signal_enhance]     estimating white noise...
2023-03-03 11:18:50,096 INFO [src.cryo_signal_enhance]     adding whiten to pipeline...
2023-03-03 11:18:52,423 INFO [src.cryo_signal_enhance]     received 4 coefficient vectors of size 238...
2023-03-03 11:50:55,232 INFO [src.cryo_signal_enhance]     Preparing starfile in the correct format...
2023-03-03 11:50:55,282 INFO [src.cryo_signal_enhance]     adding phase-flip to pipeline...
2023-03-03 11:50:55,288 INFO [src.cryo_signal_enhance]     adding downsample to pipeline (28->28)...
2023-03-03 11:50:55,337 INFO [src.cryo_signal_enhance]     estimating white noise...
2023-03-03 11:50:55,346 INFO [src.cryo_signal_enhance]     adding whiten to pipeline...
2023-03-03 11:51:29,533 INFO [src.cryo_signal_enhance]     received 4 coefficient vectors of size 238...
2023-03-03 11:52:42,854 INFO [src.cryo_signal_enhance]     Preparing starfile in the correct format...
2023-03-03 11:52:42,883 INFO [src.cryo_signal_enhance]     adding phase-flip to pipeline...
2023-03-03 11:52:42,886 INFO [src.cryo_signal_enhance]     adding downsample to pipeline (28->28)...
2023-03-03 11:52:42,935 INFO [src.cryo_signal_enhance]     estimating white noise...
2023-03-03 11:52:42,942 INFO [src.cryo_signal_enhance]     adding whiten to pipeline...
2023-03-03 11:52:43,265 INFO [src.cryo_signal_enhance]     received 4 coefficient vectors of size 238...
2023-03-03 11:54:25,686 INFO [src.cryo_signal_enhance]     Preparing starfile in the correct format...
2023-03-03 11:54:25,700 INFO [src.cryo_signal_enhance]     adding phase-flip to pipeline...
2023-03-03 11:54:25,703 INFO [src.cryo_signal_enhance]     adding downsample to pipeline (28->28)...
2023-03-03 11:54:25,744 INFO [src.cryo_signal_enhance]     estimating white noise...
2023-03-03 11:54:25,757 INFO [src.cryo_signal_enhance]     adding whiten to pipeline...
2023-03-03 11:54:26,124 INFO [src.cryo_signal_enhance]     received 4 coefficient vectors of size 238...
2023-03-03 11:55:58,809 INFO [src.cryo_signal_enhance]     Preparing starfile in the correct format...
2023-03-03 11:55:58,867 INFO [src.cryo_signal_enhance]     adding phase-flip to pipeline...
2023-03-03 11:55:58,872 INFO [src.cryo_signal_enhance]     adding downsample to pipeline (28->28)...
2023-03-03 11:55:58,939 INFO [src.cryo_signal_enhance]     estimating white noise...
2023-03-03 11:55:58,951 INFO [src.cryo_signal_enhance]     adding whiten to pipeline...
2023-03-03 11:56:37,418 INFO [src.cryo_signal_enhance]     Preparing starfile in the correct format...
2023-03-03 11:56:37,491 INFO [src.cryo_signal_enhance]     adding phase-flip to pipeline...
2023-03-03 11:56:37,497 INFO [src.cryo_signal_enhance]     adding downsample to pipeline (28->28)...
2023-03-03 11:56:37,568 INFO [src.cryo_signal_enhance]     estimating white noise...
2023-03-03 11:56:37,578 INFO [src.cryo_signal_enhance]     adding whiten to pipeline...
2023-03-03 12:14:21,580 INFO [src.cryo_signal_enhance]     Preparing starfile in the correct format...
2023-03-03 12:14:21,598 INFO [src.cryo_signal_enhance]     adding phase-flip to pipeline...
2023-03-03 12:14:21,601 INFO [src.cryo_signal_enhance]     adding downsample to pipeline (28->28)...
2023-03-03 12:14:21,645 INFO [src.cryo_signal_enhance]     estimating white noise...
2023-03-03 12:14:21,654 INFO [src.cryo_signal_enhance]     adding whiten to pipeline...
2023-03-03 12:14:21,998 INFO [src.cryo_signal_enhance]     received 4 coefficient vectors of size 238...
2023-03-03 12:14:45,345 INFO [src.cryo_signal_enhance]     Preparing starfile in the correct format...
2023-03-03 12:14:45,359 INFO [src.cryo_signal_enhance]     adding phase-flip to pipeline...
2023-03-03 12:14:45,362 INFO [src.cryo_signal_enhance]     adding downsample to pipeline (28->28)...
2023-03-03 12:14:45,391 INFO [src.cryo_signal_enhance]     estimating white noise...
2023-03-03 12:14:45,398 INFO [src.cryo_signal_enhance]     adding whiten to pipeline...
2023-03-03 12:14:45,721 INFO [src.cryo_signal_enhance]     received 4 coefficient vectors of size 238...
2023-03-03 12:15:42,063 INFO [src.cryo_signal_enhance]     Preparing starfile in the correct format...
2023-03-03 12:15:42,089 INFO [src.cryo_signal_enhance]     adding phase-flip to pipeline...
2023-03-03 12:15:42,092 INFO [src.cryo_signal_enhance]     adding downsample to pipeline (28->28)...
2023-03-03 12:15:42,127 INFO [src.cryo_signal_enhance]     estimating white noise...
2023-03-03 12:15:42,134 INFO [src.cryo_signal_enhance]     adding whiten to pipeline...
2023-03-03 12:15:42,493 INFO [src.cryo_signal_enhance]     received 4 coefficient vectors of size 238...
2023-03-03 13:20:16,734 INFO [src.cryo_signal_enhance]     Preparing starfile in the correct format...
2023-03-03 13:20:16,755 INFO [src.cryo_signal_enhance]     adding phase-flip to pipeline...
2023-03-03 13:20:16,758 INFO [src.cryo_signal_enhance]     adding downsample to pipeline (28->28)...
2023-03-03 13:20:16,810 INFO [src.cryo_signal_enhance]     estimating white noise...
2023-03-03 13:20:16,823 INFO [src.cryo_signal_enhance]     adding whiten to pipeline...
2023-03-03 13:20:17,202 INFO [src.cryo_signal_enhance]     received 4 coefficient vectors of size 238...
2023-03-03 13:20:58,811 INFO [src.cryo_signal_enhance]     Preparing starfile in the correct format...
2023-03-03 13:20:58,828 INFO [src.cryo_signal_enhance]     adding phase-flip to pipeline...
2023-03-03 13:20:58,831 INFO [src.cryo_signal_enhance]     adding downsample to pipeline (28->28)...
2023-03-03 13:20:58,882 INFO [src.cryo_signal_enhance]     estimating white noise...
2023-03-03 13:20:58,890 INFO [src.cryo_signal_enhance]     adding whiten to pipeline...
2023-03-03 13:20:59,259 INFO [src.cryo_signal_enhance]     received 4 coefficient vectors of size 238...
2023-03-03 13:21:39,896 INFO [src.cryo_signal_enhance]     Preparing starfile in the correct format...
2023-03-03 13:21:39,916 INFO [src.cryo_signal_enhance]     adding phase-flip to pipeline...
2023-03-03 13:21:39,919 INFO [src.cryo_signal_enhance]     adding downsample to pipeline (28->28)...
2023-03-03 13:21:39,965 INFO [src.cryo_signal_enhance]     estimating white noise...
2023-03-03 13:21:39,973 INFO [src.cryo_signal_enhance]     adding whiten to pipeline...
2023-03-03 13:21:40,369 INFO [src.cryo_signal_enhance]     received 4 coefficient vectors of size 238...
