2023-03-20 19:34:27,286 DEBUG [root] ASPIRE configuration directory is /home/yoavharlap/.config/ASPIRE
2023-03-20 19:34:27,286 DEBUG [root] ASPIRE configuration resolution details [({'logging': {'log_dir': '/scratch/home/yoavharlap/PycharmProjects/graphCryo/logs'}}, ConfigSource(<super: <class 'ConfigSource'>, <ConfigSource object>>, None, False, False)), ({}, ConfigSource(<super: <class 'ConfigSource'>, <YamlSource object>>, '/home/yoavharlap/.config/ASPIRE/config.yaml', False, False)), ({'version': '0.10.1', 'common': OrderedDict([('numeric', 'numpy'), ('fft', 'pyfftw')]), 'logging': OrderedDict([('log_dir', 'logs'), ('log_exceptions', 1), ('tqdm_disable', False), ('console_level', 'INFO'), ('log_file_level', 'DEBUG'), ('log_prefix', 'aspire')]), 'nufft': OrderedDict([('backends', ['cufinufft', 'finufft', 'pynfft'])]), 'ray': OrderedDict([('temp_dir', '/tmp/ray')])}, ConfigSource(<super: <class 'ConfigSource'>, <YamlSource object>>, '/home/yoavharlap/.local/lib/python3.8/site-packages/aspire/config_default.yaml', True, False))]
2023-03-20 19:34:27,288 DEBUG [root] Resolved config.yaml:

logging:
    log_dir: /scratch/home/yoavharlap/PycharmProjects/graphCryo/logs
    log_exceptions: 1
    tqdm_disable: no
    console_level: INFO
    log_file_level: DEBUG
    log_prefix: aspire
version: 0.10.1
common:
    numeric: numpy
    fft: pyfftw

nufft:
    backends: [cufinufft, finufft, pynfft]

ray:
    temp_dir: /tmp/ray


2023-03-20 19:34:31,439 INFO [aspire.volume.volume] /scratch/guysharon/Work/datafiles/volrefs/emd_2660.map with dtype float32 loaded as <class 'numpy.float64'>
2023-03-20 19:34:31,582 INFO [__main__] Original volume map data shape: (1, 360, 360, 360) dtype:float64
2023-03-20 19:35:30,599 INFO [__main__] Initialize CTF filters.
2023-03-20 19:35:30,604 INFO [aspire.source.image] Creating Simulation with 900 images.
2023-03-20 19:35:30,635 INFO [aspire.source.simulation] Appending CustomNoiseAdder to generation pipeline
2023-03-20 19:35:30,637 INFO [aspire.source.image] save metadata into STAR file
2023-03-20 19:35:30,668 INFO [aspire.storage.starfile] Created StarFile with blocks: 
2023-03-20 19:35:30,676 INFO [aspire.source.image] save images into MRCS file
2023-03-20 19:35:30,804 INFO [aspire.source.image] Saving ImageSource[0-899] to /home/yoavharlap/work/starfile0_0_899.mrcs
2023-03-20 19:35:33,145 DEBUG [aspire.nufft] nufft passed real_type for signal, converting
2023-03-20 19:35:33,431 INFO [aspire.nufft] Trying NFFT backend cufinufft
2023-03-20 19:35:33,435 INFO [aspire.nufft] NFFT backend cufinufft not usable:
	No module named 'pycuda'
2023-03-20 19:35:33,436 INFO [aspire.nufft] Trying NFFT backend finufft
2023-03-20 19:35:33,484 INFO [aspire.nufft] NFFT backend finufft usable.
2023-03-20 19:35:33,486 INFO [aspire.nufft] Trying NFFT backend pynfft
2023-03-20 19:35:33,488 INFO [aspire.nufft] NFFT backend pynfft not usable:
	No module named 'pynfft'
2023-03-20 19:35:33,489 INFO [aspire.nufft] Selected NFFT backend = finufft.
