2023-02-19 16:18:10,740 DEBUG [root] ASPIRE configuration directory is /home/yoavharlap/.config/ASPIRE
2023-02-19 16:18:10,740 DEBUG [root] ASPIRE configuration resolution details [({'logging': {'log_dir': '/scratch/home/yoavharlap/PycharmProjects/graphCryo/logs'}}, ConfigSource(<super: <class 'ConfigSource'>, <ConfigSource object>>, None, False, False)), ({}, ConfigSource(<super: <class 'ConfigSource'>, <YamlSource object>>, '/home/yoavharlap/.config/ASPIRE/config.yaml', False, False)), ({'version': '0.10.1', 'common': OrderedDict([('numeric', 'numpy'), ('fft', 'pyfftw')]), 'logging': OrderedDict([('log_dir', 'logs'), ('log_exceptions', 1), ('tqdm_disable', False), ('console_level', 'INFO'), ('log_file_level', 'DEBUG'), ('log_prefix', 'aspire')]), 'nufft': OrderedDict([('backends', ['cufinufft', 'finufft', 'pynfft'])]), 'ray': OrderedDict([('temp_dir', '/tmp/ray')])}, ConfigSource(<super: <class 'ConfigSource'>, <YamlSource object>>, '/home/yoavharlap/.local/lib/python3.8/site-packages/aspire/config_default.yaml', True, False))]
2023-02-19 16:18:10,741 DEBUG [root] Resolved config.yaml:

logging:
    log_dir: /scratch/home/yoavharlap/PycharmProjects/graphCryo/logs
    log_exceptions: 1
    tqdm_disable: no
    console_level: INFO
    log_file_level: DEBUG
    log_prefix: aspire
version: 0.10.1
common:
    numeric: numpy
    fft: pyfftw

nufft:
    backends: [cufinufft, finufft, pynfft]

ray:
    temp_dir: /tmp/ray


2023-02-19 16:18:11,450 INFO [src.cryo_signal_enhance]     Preparing starfile in the correct format...
2023-02-19 16:18:11,486 INFO [src.cryo_signal_enhance]     adding phase-flip to pipeline...
2023-02-19 16:18:11,489 INFO [src.cryo_signal_enhance]     adding downsample to pipeline (28->28)...
2023-02-19 16:18:11,669 INFO [src.cryo_signal_enhance]     estimating white noise...
2023-02-19 16:18:11,682 INFO [src.cryo_signal_enhance]     adding whiten to pipeline...
2023-02-19 16:18:14,061 INFO [src.cryo_signal_enhance]     received 400 coefficient vectors of size 238...
2023-02-19 16:34:00,222 INFO [src.cryo_signal_enhance]     Preparing starfile in the correct format...
2023-02-19 16:34:00,278 INFO [src.cryo_signal_enhance]     adding phase-flip to pipeline...
2023-02-19 16:34:00,282 INFO [src.cryo_signal_enhance]     adding downsample to pipeline (28->28)...
2023-02-19 16:34:00,491 INFO [src.cryo_signal_enhance]     estimating white noise...
2023-02-19 16:34:00,504 INFO [src.cryo_signal_enhance]     adding whiten to pipeline...
2023-02-19 16:34:00,909 INFO [src.cryo_signal_enhance]     received 400 coefficient vectors of size 238...
2023-02-19 16:42:00,316 INFO [src.cryo_signal_enhance]     Preparing starfile in the correct format...
2023-02-19 16:42:00,371 INFO [src.cryo_signal_enhance]     adding phase-flip to pipeline...
2023-02-19 16:42:00,373 INFO [src.cryo_signal_enhance]     adding downsample to pipeline (28->28)...
2023-02-19 16:42:00,617 INFO [src.cryo_signal_enhance]     estimating white noise...
2023-02-19 16:42:00,631 INFO [src.cryo_signal_enhance]     adding whiten to pipeline...
2023-02-19 16:42:01,086 INFO [src.cryo_signal_enhance]     received 400 coefficient vectors of size 238...
2023-02-19 16:44:42,818 INFO [src.cryo_signal_enhance]     Preparing starfile in the correct format...
2023-02-19 16:44:42,931 INFO [src.cryo_signal_enhance]     adding phase-flip to pipeline...
2023-02-19 16:44:42,946 INFO [src.cryo_signal_enhance]     adding downsample to pipeline (28->28)...
2023-02-19 16:44:43,337 INFO [src.cryo_signal_enhance]     estimating white noise...
2023-02-19 16:44:43,352 INFO [src.cryo_signal_enhance]     adding whiten to pipeline...
2023-02-19 16:44:44,191 INFO [src.cryo_signal_enhance]     received 400 coefficient vectors of size 238...
2023-02-19 16:52:49,801 INFO [src.cryo_signal_enhance]     Preparing starfile in the correct format...
2023-02-19 16:52:49,888 INFO [src.cryo_signal_enhance]     adding phase-flip to pipeline...
2023-02-19 16:52:49,893 INFO [src.cryo_signal_enhance]     adding downsample to pipeline (28->28)...
2023-02-19 16:52:50,209 INFO [src.cryo_signal_enhance]     estimating white noise...
2023-02-19 16:52:50,222 INFO [src.cryo_signal_enhance]     adding whiten to pipeline...
2023-02-19 16:52:50,952 INFO [src.cryo_signal_enhance]     received 400 coefficient vectors of size 238...
2023-02-19 17:11:43,304 INFO [src.cryo_signal_enhance]     Preparing starfile in the correct format...
2023-02-19 17:11:43,341 INFO [src.cryo_signal_enhance]     adding phase-flip to pipeline...
2023-02-19 17:11:43,344 INFO [src.cryo_signal_enhance]     adding downsample to pipeline (28->28)...
2023-02-19 17:11:43,518 INFO [src.cryo_signal_enhance]     estimating white noise...
2023-02-19 17:11:43,531 INFO [src.cryo_signal_enhance]     adding whiten to pipeline...
2023-02-19 17:11:43,955 INFO [src.cryo_signal_enhance]     received 400 coefficient vectors of size 238...
2023-02-19 17:25:36,744 INFO [src.cryo_signal_enhance]     Preparing starfile in the correct format...
2023-02-19 17:25:36,782 INFO [src.cryo_signal_enhance]     adding phase-flip to pipeline...
2023-02-19 17:25:36,784 INFO [src.cryo_signal_enhance]     adding downsample to pipeline (28->28)...
2023-02-19 17:25:36,963 INFO [src.cryo_signal_enhance]     estimating white noise...
2023-02-19 17:25:36,975 INFO [src.cryo_signal_enhance]     adding whiten to pipeline...
2023-02-19 17:25:37,374 INFO [src.cryo_signal_enhance]     received 400 coefficient vectors of size 238...
2023-02-19 17:28:37,348 INFO [src.cryo_signal_enhance]     Preparing starfile in the correct format...
2023-02-19 17:28:37,393 INFO [src.cryo_signal_enhance]     adding phase-flip to pipeline...
2023-02-19 17:28:37,396 INFO [src.cryo_signal_enhance]     adding downsample to pipeline (28->28)...
2023-02-19 17:28:37,581 INFO [src.cryo_signal_enhance]     estimating white noise...
2023-02-19 17:28:37,595 INFO [src.cryo_signal_enhance]     adding whiten to pipeline...
2023-02-19 17:28:38,024 INFO [src.cryo_signal_enhance]     received 400 coefficient vectors of size 238...
2023-02-19 17:37:02,774 INFO [src.cryo_signal_enhance]     Preparing starfile in the correct format...
2023-02-19 17:37:02,831 INFO [src.cryo_signal_enhance]     adding phase-flip to pipeline...
2023-02-19 17:37:02,835 INFO [src.cryo_signal_enhance]     adding downsample to pipeline (28->28)...
2023-02-19 17:37:03,086 INFO [src.cryo_signal_enhance]     estimating white noise...
2023-02-19 17:37:03,111 INFO [src.cryo_signal_enhance]     adding whiten to pipeline...
2023-02-19 17:37:03,491 INFO [src.cryo_signal_enhance]     received 400 coefficient vectors of size 238...
2023-02-19 17:37:56,134 INFO [src.cryo_signal_enhance]     Preparing starfile in the correct format...
2023-02-19 17:37:56,196 INFO [src.cryo_signal_enhance]     adding phase-flip to pipeline...
2023-02-19 17:37:56,200 INFO [src.cryo_signal_enhance]     adding downsample to pipeline (28->28)...
2023-02-19 17:37:56,403 INFO [src.cryo_signal_enhance]     estimating white noise...
2023-02-19 17:37:56,418 INFO [src.cryo_signal_enhance]     adding whiten to pipeline...
2023-02-19 17:37:56,905 INFO [src.cryo_signal_enhance]     received 400 coefficient vectors of size 238...
2023-02-19 17:39:39,792 INFO [src.cryo_signal_enhance]     Preparing starfile in the correct format...
2023-02-19 17:39:39,829 INFO [src.cryo_signal_enhance]     adding phase-flip to pipeline...
2023-02-19 17:39:39,831 INFO [src.cryo_signal_enhance]     adding downsample to pipeline (28->28)...
2023-02-19 17:39:40,027 INFO [src.cryo_signal_enhance]     estimating white noise...
2023-02-19 17:39:40,039 INFO [src.cryo_signal_enhance]     adding whiten to pipeline...
2023-02-19 17:39:40,502 INFO [src.cryo_signal_enhance]     received 400 coefficient vectors of size 238...
2023-02-19 17:41:27,422 INFO [src.cryo_signal_enhance]     Preparing starfile in the correct format...
2023-02-19 17:41:27,458 INFO [src.cryo_signal_enhance]     adding phase-flip to pipeline...
2023-02-19 17:41:27,461 INFO [src.cryo_signal_enhance]     adding downsample to pipeline (28->28)...
2023-02-19 17:41:27,623 INFO [src.cryo_signal_enhance]     estimating white noise...
2023-02-19 17:41:27,636 INFO [src.cryo_signal_enhance]     adding whiten to pipeline...
2023-02-19 17:41:28,115 INFO [src.cryo_signal_enhance]     received 400 coefficient vectors of size 238...
2023-02-19 17:41:44,999 INFO [src.cryo_signal_enhance]     Preparing starfile in the correct format...
2023-02-19 17:41:45,033 INFO [src.cryo_signal_enhance]     adding phase-flip to pipeline...
2023-02-19 17:41:45,035 INFO [src.cryo_signal_enhance]     adding downsample to pipeline (28->28)...
2023-02-19 17:41:45,215 INFO [src.cryo_signal_enhance]     estimating white noise...
2023-02-19 17:41:45,227 INFO [src.cryo_signal_enhance]     adding whiten to pipeline...
2023-02-19 17:41:45,590 INFO [src.cryo_signal_enhance]     received 400 coefficient vectors of size 238...
2023-02-19 17:42:09,306 INFO [src.cryo_signal_enhance]     Preparing starfile in the correct format...
2023-02-19 17:42:09,341 INFO [src.cryo_signal_enhance]     adding phase-flip to pipeline...
2023-02-19 17:42:09,343 INFO [src.cryo_signal_enhance]     adding downsample to pipeline (28->28)...
2023-02-19 17:42:09,491 INFO [src.cryo_signal_enhance]     estimating white noise...
2023-02-19 17:42:09,502 INFO [src.cryo_signal_enhance]     adding whiten to pipeline...
2023-02-19 17:42:09,849 INFO [src.cryo_signal_enhance]     received 400 coefficient vectors of size 238...
2023-02-19 17:42:24,493 INFO [src.cryo_signal_enhance]     Preparing starfile in the correct format...
2023-02-19 17:42:24,528 INFO [src.cryo_signal_enhance]     adding phase-flip to pipeline...
2023-02-19 17:42:24,530 INFO [src.cryo_signal_enhance]     adding downsample to pipeline (28->28)...
2023-02-19 17:42:24,682 INFO [src.cryo_signal_enhance]     estimating white noise...
2023-02-19 17:42:24,694 INFO [src.cryo_signal_enhance]     adding whiten to pipeline...
2023-02-19 17:42:24,987 INFO [src.cryo_signal_enhance]     received 400 coefficient vectors of size 238...
2023-02-19 17:43:36,369 INFO [src.cryo_signal_enhance]     Preparing starfile in the correct format...
2023-02-19 17:43:36,399 INFO [src.cryo_signal_enhance]     adding phase-flip to pipeline...
2023-02-19 17:43:36,401 INFO [src.cryo_signal_enhance]     adding downsample to pipeline (28->28)...
2023-02-19 17:43:36,556 INFO [src.cryo_signal_enhance]     estimating white noise...
2023-02-19 17:43:36,567 INFO [src.cryo_signal_enhance]     adding whiten to pipeline...
2023-02-19 17:43:36,917 INFO [src.cryo_signal_enhance]     received 300 coefficient vectors of size 238...
2023-02-19 17:44:53,071 INFO [src.cryo_signal_enhance]     Preparing starfile in the correct format...
2023-02-19 17:44:53,111 INFO [src.cryo_signal_enhance]     adding phase-flip to pipeline...
2023-02-19 17:44:53,115 INFO [src.cryo_signal_enhance]     adding downsample to pipeline (28->28)...
2023-02-19 17:44:53,264 INFO [src.cryo_signal_enhance]     estimating white noise...
2023-02-19 17:44:53,274 INFO [src.cryo_signal_enhance]     adding whiten to pipeline...
2023-02-19 17:44:53,616 INFO [src.cryo_signal_enhance]     received 300 coefficient vectors of size 238...
2023-02-19 17:46:41,416 INFO [src.cryo_signal_enhance]     Preparing starfile in the correct format...
2023-02-19 17:46:41,445 INFO [src.cryo_signal_enhance]     adding phase-flip to pipeline...
2023-02-19 17:46:41,448 INFO [src.cryo_signal_enhance]     adding downsample to pipeline (28->28)...
2023-02-19 17:46:41,573 INFO [src.cryo_signal_enhance]     estimating white noise...
2023-02-19 17:46:41,585 INFO [src.cryo_signal_enhance]     adding whiten to pipeline...
2023-02-19 17:46:41,927 INFO [src.cryo_signal_enhance]     received 300 coefficient vectors of size 238...
2023-02-19 17:59:25,298 INFO [src.cryo_signal_enhance]     Preparing starfile in the correct format...
2023-02-19 17:59:25,329 INFO [src.cryo_signal_enhance]     adding phase-flip to pipeline...
2023-02-19 17:59:25,331 INFO [src.cryo_signal_enhance]     adding downsample to pipeline (28->28)...
2023-02-19 17:59:25,503 INFO [src.cryo_signal_enhance]     estimating white noise...
2023-02-19 17:59:25,519 INFO [src.cryo_signal_enhance]     adding whiten to pipeline...
2023-02-19 17:59:25,878 INFO [src.cryo_signal_enhance]     received 300 coefficient vectors of size 238...
2023-02-19 17:59:48,004 INFO [src.cryo_signal_enhance]     Preparing starfile in the correct format...
2023-02-19 17:59:48,040 INFO [src.cryo_signal_enhance]     adding phase-flip to pipeline...
2023-02-19 17:59:48,043 INFO [src.cryo_signal_enhance]     adding downsample to pipeline (28->28)...
2023-02-19 17:59:48,183 INFO [src.cryo_signal_enhance]     estimating white noise...
2023-02-19 17:59:48,195 INFO [src.cryo_signal_enhance]     adding whiten to pipeline...
2023-02-19 17:59:48,541 INFO [src.cryo_signal_enhance]     received 300 coefficient vectors of size 238...
2023-02-19 18:04:15,416 INFO [src.cryo_signal_enhance]     Preparing starfile in the correct format...
2023-02-19 18:04:15,450 INFO [src.cryo_signal_enhance]     adding phase-flip to pipeline...
2023-02-19 18:04:15,453 INFO [src.cryo_signal_enhance]     adding downsample to pipeline (28->28)...
2023-02-19 18:04:15,644 INFO [src.cryo_signal_enhance]     estimating white noise...
2023-02-19 18:04:15,656 INFO [src.cryo_signal_enhance]     adding whiten to pipeline...
2023-02-19 18:04:16,002 INFO [src.cryo_signal_enhance]     received 300 coefficient vectors of size 238...
2023-02-19 18:07:25,803 INFO [src.cryo_signal_enhance]     Preparing starfile in the correct format...
2023-02-19 18:07:25,836 INFO [src.cryo_signal_enhance]     adding phase-flip to pipeline...
2023-02-19 18:07:25,839 INFO [src.cryo_signal_enhance]     adding downsample to pipeline (28->28)...
2023-02-19 18:07:25,993 INFO [src.cryo_signal_enhance]     estimating white noise...
2023-02-19 18:07:26,006 INFO [src.cryo_signal_enhance]     adding whiten to pipeline...
2023-02-19 18:07:26,488 INFO [src.cryo_signal_enhance]     received 300 coefficient vectors of size 238...
2023-02-19 18:08:48,690 INFO [src.cryo_signal_enhance]     Preparing starfile in the correct format...
2023-02-19 18:08:48,724 INFO [src.cryo_signal_enhance]     adding phase-flip to pipeline...
2023-02-19 18:08:48,726 INFO [src.cryo_signal_enhance]     adding downsample to pipeline (28->28)...
2023-02-19 18:08:48,905 INFO [src.cryo_signal_enhance]     estimating white noise...
2023-02-19 18:08:48,920 INFO [src.cryo_signal_enhance]     adding whiten to pipeline...
2023-02-19 18:08:49,332 INFO [src.cryo_signal_enhance]     received 300 coefficient vectors of size 238...
