2023-02-19 18:16:39,340 DEBUG [root] ASPIRE configuration directory is /home/yoavharlap/.config/ASPIRE
2023-02-19 18:16:39,340 DEBUG [root] ASPIRE configuration resolution details [({'logging': {'log_dir': '/scratch/home/yoavharlap/PycharmProjects/graphCryo/logs'}}, ConfigSource(<super: <class 'ConfigSource'>, <ConfigSource object>>, None, False, False)), ({}, ConfigSource(<super: <class 'ConfigSource'>, <YamlSource object>>, '/home/yoavharlap/.config/ASPIRE/config.yaml', False, False)), ({'version': '0.10.1', 'common': OrderedDict([('numeric', 'numpy'), ('fft', 'pyfftw')]), 'logging': OrderedDict([('log_dir', 'logs'), ('log_exceptions', 1), ('tqdm_disable', False), ('console_level', 'INFO'), ('log_file_level', 'DEBUG'), ('log_prefix', 'aspire')]), 'nufft': OrderedDict([('backends', ['cufinufft', 'finufft', 'pynfft'])]), 'ray': OrderedDict([('temp_dir', '/tmp/ray')])}, ConfigSource(<super: <class 'ConfigSource'>, <YamlSource object>>, '/home/yoavharlap/.local/lib/python3.8/site-packages/aspire/config_default.yaml', True, False))]
2023-02-19 18:16:39,341 DEBUG [root] Resolved config.yaml:

logging:
    log_dir: /scratch/home/yoavharlap/PycharmProjects/graphCryo/logs
    log_exceptions: 1
    tqdm_disable: no
    console_level: INFO
    log_file_level: DEBUG
    log_prefix: aspire
version: 0.10.1
common:
    numeric: numpy
    fft: pyfftw

nufft:
    backends: [cufinufft, finufft, pynfft]

ray:
    temp_dir: /tmp/ray


2023-02-19 18:16:42,984 INFO [aspire.volume.volume] /scratch/guysharon/Work/datafiles/volrefs/emd_2660.map with dtype float32 loaded as <class 'numpy.float64'>
2023-02-19 18:16:43,130 INFO [__main__] Original volume map data shape: (1, 360, 360, 360) dtype:float64
2023-02-19 18:16:59,989 INFO [__main__] Initialize CTF filters.
2023-02-19 18:16:59,995 INFO [aspire.source.image] Creating Simulation with 300 images.
2023-02-19 18:17:00,027 INFO [aspire.source.simulation] Appending CustomNoiseAdder to generation pipeline
2023-02-19 18:17:00,030 INFO [aspire.source.image] save metadata into STAR file
2023-02-19 18:17:00,039 INFO [aspire.storage.starfile] Created StarFile with blocks: 
2023-02-19 18:17:00,043 INFO [aspire.source.image] save images into MRCS file
2023-02-19 18:17:00,097 INFO [aspire.source.image] Saving ImageSource[0-299] to /home/yoavharlap/work/starfile_0_299.mrcs
2023-02-19 18:17:00,114 DEBUG [aspire.nufft] nufft passed real_type for signal, converting
2023-02-19 18:17:00,114 INFO [aspire.nufft] Trying NFFT backend cufinufft
2023-02-19 18:17:00,118 INFO [aspire.nufft] NFFT backend cufinufft not usable:
	No module named 'pycuda'
2023-02-19 18:17:00,119 INFO [aspire.nufft] Trying NFFT backend finufft
2023-02-19 18:17:00,133 INFO [aspire.nufft] NFFT backend finufft usable.
2023-02-19 18:17:00,134 INFO [aspire.nufft] Trying NFFT backend pynfft
2023-02-19 18:17:00,136 INFO [aspire.nufft] NFFT backend pynfft not usable:
	No module named 'pynfft'
2023-02-19 18:17:00,138 INFO [aspire.nufft] Selected NFFT backend = finufft.
2023-02-19 18:17:02,818 DEBUG [aspire.image.xform] Applying forward transformations in pipeline
2023-02-19 18:17:02,818 DEBUG [aspire.image.xform] All forward transformations applied
2023-02-19 18:17:03,128 INFO [src.cryo_signal_enhance]     Preparing starfile in the correct format...
2023-02-19 18:17:03,165 INFO [src.cryo_signal_enhance]     adding phase-flip to pipeline...
2023-02-19 18:17:03,168 INFO [src.cryo_signal_enhance]     adding downsample to pipeline (28->28)...
2023-02-19 18:17:03,351 INFO [src.cryo_signal_enhance]     estimating white noise...
2023-02-19 18:17:03,380 INFO [src.cryo_signal_enhance]     adding whiten to pipeline...
2023-02-19 18:17:05,853 INFO [src.cryo_signal_enhance]     received 300 coefficient vectors of size 238...
2023-02-19 18:17:28,991 INFO [src.cryo_signal_enhance]     Preparing starfile in the correct format...
2023-02-19 18:17:29,027 INFO [src.cryo_signal_enhance]     adding phase-flip to pipeline...
2023-02-19 18:17:29,032 INFO [src.cryo_signal_enhance]     adding downsample to pipeline (28->28)...
2023-02-19 18:17:29,211 INFO [src.cryo_signal_enhance]     estimating white noise...
2023-02-19 18:17:29,226 INFO [src.cryo_signal_enhance]     adding whiten to pipeline...
2023-02-19 18:17:29,701 INFO [src.cryo_signal_enhance]     received 300 coefficient vectors of size 238...
2023-02-19 18:17:47,710 INFO [src.cryo_signal_enhance]     Preparing starfile in the correct format...
2023-02-19 18:17:47,743 INFO [src.cryo_signal_enhance]     adding phase-flip to pipeline...
2023-02-19 18:17:47,746 INFO [src.cryo_signal_enhance]     adding downsample to pipeline (28->28)...
2023-02-19 18:17:47,906 INFO [src.cryo_signal_enhance]     estimating white noise...
2023-02-19 18:17:47,921 INFO [src.cryo_signal_enhance]     adding whiten to pipeline...
2023-02-19 18:17:48,324 INFO [src.cryo_signal_enhance]     received 300 coefficient vectors of size 238...
2023-02-19 18:17:59,225 INFO [src.cryo_signal_enhance]     Preparing starfile in the correct format...
2023-02-19 18:17:59,261 INFO [src.cryo_signal_enhance]     adding phase-flip to pipeline...
2023-02-19 18:17:59,264 INFO [src.cryo_signal_enhance]     adding downsample to pipeline (28->28)...
2023-02-19 18:17:59,426 INFO [src.cryo_signal_enhance]     estimating white noise...
2023-02-19 18:17:59,443 INFO [src.cryo_signal_enhance]     adding whiten to pipeline...
2023-02-19 18:17:59,801 INFO [src.cryo_signal_enhance]     received 300 coefficient vectors of size 238...
2023-02-19 18:37:34,767 INFO [src.cryo_signal_enhance]     Preparing starfile in the correct format...
2023-02-19 18:37:34,795 INFO [src.cryo_signal_enhance]     adding phase-flip to pipeline...
2023-02-19 18:37:34,797 INFO [src.cryo_signal_enhance]     adding downsample to pipeline (28->28)...
2023-02-19 18:37:34,929 INFO [src.cryo_signal_enhance]     estimating white noise...
2023-02-19 18:37:34,943 INFO [src.cryo_signal_enhance]     adding whiten to pipeline...
2023-02-19 18:37:35,316 INFO [src.cryo_signal_enhance]     received 300 coefficient vectors of size 238...
2023-02-19 18:37:48,330 INFO [src.cryo_signal_enhance]     Preparing starfile in the correct format...
2023-02-19 18:37:48,359 INFO [src.cryo_signal_enhance]     adding phase-flip to pipeline...
2023-02-19 18:37:48,361 INFO [src.cryo_signal_enhance]     adding downsample to pipeline (28->28)...
2023-02-19 18:37:48,503 INFO [src.cryo_signal_enhance]     estimating white noise...
2023-02-19 18:37:48,517 INFO [src.cryo_signal_enhance]     adding whiten to pipeline...
2023-02-19 18:37:48,860 INFO [src.cryo_signal_enhance]     received 300 coefficient vectors of size 238...
2023-02-19 18:38:02,250 INFO [src.cryo_signal_enhance]     Preparing starfile in the correct format...
2023-02-19 18:38:02,279 INFO [src.cryo_signal_enhance]     adding phase-flip to pipeline...
2023-02-19 18:38:02,282 INFO [src.cryo_signal_enhance]     adding downsample to pipeline (28->28)...
2023-02-19 18:38:02,412 INFO [src.cryo_signal_enhance]     estimating white noise...
2023-02-19 18:38:02,426 INFO [src.cryo_signal_enhance]     adding whiten to pipeline...
2023-02-19 18:38:02,777 INFO [src.cryo_signal_enhance]     received 300 coefficient vectors of size 238...
2023-02-19 18:38:26,761 INFO [src.cryo_signal_enhance]     Preparing starfile in the correct format...
2023-02-19 18:38:26,790 INFO [src.cryo_signal_enhance]     adding phase-flip to pipeline...
2023-02-19 18:38:26,792 INFO [src.cryo_signal_enhance]     adding downsample to pipeline (28->28)...
2023-02-19 18:38:26,942 INFO [src.cryo_signal_enhance]     estimating white noise...
2023-02-19 18:38:26,955 INFO [src.cryo_signal_enhance]     adding whiten to pipeline...
2023-02-19 18:38:27,343 INFO [src.cryo_signal_enhance]     received 300 coefficient vectors of size 238...
2023-02-19 18:40:19,740 INFO [src.cryo_signal_enhance]     Preparing starfile in the correct format...
2023-02-19 18:40:19,774 INFO [src.cryo_signal_enhance]     adding phase-flip to pipeline...
2023-02-19 18:40:19,777 INFO [src.cryo_signal_enhance]     adding downsample to pipeline (28->28)...
2023-02-19 18:40:19,942 INFO [src.cryo_signal_enhance]     estimating white noise...
2023-02-19 18:40:19,958 INFO [src.cryo_signal_enhance]     adding whiten to pipeline...
2023-02-19 18:40:20,364 INFO [src.cryo_signal_enhance]     received 400 coefficient vectors of size 238...
2023-02-19 18:41:16,061 INFO [src.cryo_signal_enhance]     Preparing starfile in the correct format...
2023-02-19 18:41:16,134 INFO [src.cryo_signal_enhance]     adding phase-flip to pipeline...
2023-02-19 18:41:16,137 INFO [src.cryo_signal_enhance]     adding downsample to pipeline (28->28)...
2023-02-19 18:41:16,533 INFO [src.cryo_signal_enhance]     estimating white noise...
2023-02-19 18:41:16,555 INFO [src.cryo_signal_enhance]     adding whiten to pipeline...
2023-02-19 18:41:17,058 INFO [src.cryo_signal_enhance]     received 1100 coefficient vectors of size 238...
2023-02-19 18:44:15,380 INFO [src.cryo_signal_enhance]     Preparing starfile in the correct format...
2023-02-19 18:44:15,458 INFO [src.cryo_signal_enhance]     adding phase-flip to pipeline...
2023-02-19 18:44:15,460 INFO [src.cryo_signal_enhance]     adding downsample to pipeline (28->28)...
2023-02-19 18:44:15,905 INFO [src.cryo_signal_enhance]     estimating white noise...
2023-02-19 18:44:15,928 INFO [src.cryo_signal_enhance]     adding whiten to pipeline...
2023-02-19 18:44:16,443 INFO [src.cryo_signal_enhance]     received 1100 coefficient vectors of size 238...
2023-02-19 18:44:54,045 INFO [src.cryo_signal_enhance]     Preparing starfile in the correct format...
2023-02-19 18:44:54,126 INFO [src.cryo_signal_enhance]     adding phase-flip to pipeline...
2023-02-19 18:44:54,130 INFO [src.cryo_signal_enhance]     adding downsample to pipeline (28->28)...
2023-02-19 18:44:54,616 INFO [src.cryo_signal_enhance]     estimating white noise...
2023-02-19 18:44:54,640 INFO [src.cryo_signal_enhance]     adding whiten to pipeline...
2023-02-19 18:44:55,126 INFO [src.cryo_signal_enhance]     received 1100 coefficient vectors of size 238...
2023-02-19 18:49:03,744 INFO [src.cryo_signal_enhance]     Preparing starfile in the correct format...
2023-02-19 18:49:03,825 INFO [src.cryo_signal_enhance]     adding phase-flip to pipeline...
2023-02-19 18:49:03,828 INFO [src.cryo_signal_enhance]     adding downsample to pipeline (28->28)...
2023-02-19 18:49:04,300 INFO [src.cryo_signal_enhance]     estimating white noise...
2023-02-19 18:49:04,325 INFO [src.cryo_signal_enhance]     adding whiten to pipeline...
2023-02-19 18:49:04,841 INFO [src.cryo_signal_enhance]     received 1100 coefficient vectors of size 238...
2023-02-19 18:51:43,676 INFO [src.cryo_signal_enhance]     Preparing starfile in the correct format...
2023-02-19 18:51:43,761 INFO [src.cryo_signal_enhance]     adding phase-flip to pipeline...
2023-02-19 18:51:43,766 INFO [src.cryo_signal_enhance]     adding downsample to pipeline (28->28)...
2023-02-19 18:51:44,332 INFO [src.cryo_signal_enhance]     estimating white noise...
2023-02-19 18:51:44,357 INFO [src.cryo_signal_enhance]     adding whiten to pipeline...
2023-02-19 18:51:44,914 INFO [src.cryo_signal_enhance]     received 1100 coefficient vectors of size 238...
2023-02-19 18:54:13,165 INFO [src.cryo_signal_enhance]     Preparing starfile in the correct format...
2023-02-19 18:54:13,266 INFO [src.cryo_signal_enhance]     adding phase-flip to pipeline...
2023-02-19 18:54:13,270 INFO [src.cryo_signal_enhance]     adding downsample to pipeline (28->28)...
2023-02-19 18:54:13,776 INFO [src.cryo_signal_enhance]     estimating white noise...
2023-02-19 18:54:13,802 INFO [src.cryo_signal_enhance]     adding whiten to pipeline...
2023-02-19 18:54:14,328 INFO [src.cryo_signal_enhance]     received 1200 coefficient vectors of size 238...
2023-02-19 18:55:15,940 INFO [src.cryo_signal_enhance]     Preparing starfile in the correct format...
2023-02-19 18:55:16,024 INFO [src.cryo_signal_enhance]     adding phase-flip to pipeline...
2023-02-19 18:55:16,029 INFO [src.cryo_signal_enhance]     adding downsample to pipeline (28->28)...
2023-02-19 18:55:16,535 INFO [src.cryo_signal_enhance]     estimating white noise...
2023-02-19 18:55:16,574 INFO [src.cryo_signal_enhance]     adding whiten to pipeline...
2023-02-19 18:55:17,028 INFO [src.cryo_signal_enhance]     received 1200 coefficient vectors of size 238...
2023-02-19 18:55:44,344 INFO [src.cryo_signal_enhance]     Preparing starfile in the correct format...
2023-02-19 18:55:44,427 INFO [src.cryo_signal_enhance]     adding phase-flip to pipeline...
2023-02-19 18:55:44,430 INFO [src.cryo_signal_enhance]     adding downsample to pipeline (28->28)...
2023-02-19 18:55:45,000 INFO [src.cryo_signal_enhance]     estimating white noise...
2023-02-19 18:55:45,042 INFO [src.cryo_signal_enhance]     adding whiten to pipeline...
2023-02-19 18:55:45,584 INFO [src.cryo_signal_enhance]     received 1200 coefficient vectors of size 238...
2023-02-19 18:56:04,330 INFO [src.cryo_signal_enhance]     Preparing starfile in the correct format...
2023-02-19 18:56:04,419 INFO [src.cryo_signal_enhance]     adding phase-flip to pipeline...
2023-02-19 18:56:04,422 INFO [src.cryo_signal_enhance]     adding downsample to pipeline (28->28)...
2023-02-19 18:56:04,950 INFO [src.cryo_signal_enhance]     estimating white noise...
2023-02-19 18:56:04,978 INFO [src.cryo_signal_enhance]     adding whiten to pipeline...
2023-02-19 18:56:05,568 INFO [src.cryo_signal_enhance]     received 1200 coefficient vectors of size 238...
2023-02-19 18:56:23,370 INFO [src.cryo_signal_enhance]     Preparing starfile in the correct format...
2023-02-19 18:56:23,458 INFO [src.cryo_signal_enhance]     adding phase-flip to pipeline...
2023-02-19 18:56:23,463 INFO [src.cryo_signal_enhance]     adding downsample to pipeline (28->28)...
2023-02-19 18:56:23,982 INFO [src.cryo_signal_enhance]     estimating white noise...
2023-02-19 18:56:24,009 INFO [src.cryo_signal_enhance]     adding whiten to pipeline...
2023-02-19 18:56:24,546 INFO [src.cryo_signal_enhance]     received 1200 coefficient vectors of size 238...
2023-02-19 18:56:43,068 INFO [src.cryo_signal_enhance]     Preparing starfile in the correct format...
2023-02-19 18:56:43,154 INFO [src.cryo_signal_enhance]     adding phase-flip to pipeline...
2023-02-19 18:56:43,157 INFO [src.cryo_signal_enhance]     adding downsample to pipeline (28->28)...
2023-02-19 18:56:43,648 INFO [src.cryo_signal_enhance]     estimating white noise...
2023-02-19 18:56:43,675 INFO [src.cryo_signal_enhance]     adding whiten to pipeline...
2023-02-19 18:56:44,213 INFO [src.cryo_signal_enhance]     received 1200 coefficient vectors of size 238...
2023-02-19 18:58:00,167 INFO [src.cryo_signal_enhance]     Preparing starfile in the correct format...
2023-02-19 18:58:00,253 INFO [src.cryo_signal_enhance]     adding phase-flip to pipeline...
2023-02-19 18:58:00,256 INFO [src.cryo_signal_enhance]     adding downsample to pipeline (28->28)...
2023-02-19 18:58:00,768 INFO [src.cryo_signal_enhance]     estimating white noise...
2023-02-19 18:58:00,798 INFO [src.cryo_signal_enhance]     adding whiten to pipeline...
2023-02-19 18:58:01,357 INFO [src.cryo_signal_enhance]     received 1200 coefficient vectors of size 238...
2023-02-19 18:58:48,986 INFO [src.cryo_signal_enhance]     Preparing starfile in the correct format...
2023-02-19 18:58:49,071 INFO [src.cryo_signal_enhance]     adding phase-flip to pipeline...
2023-02-19 18:58:49,075 INFO [src.cryo_signal_enhance]     adding downsample to pipeline (28->28)...
2023-02-19 18:58:49,580 INFO [src.cryo_signal_enhance]     estimating white noise...
2023-02-19 18:58:49,606 INFO [src.cryo_signal_enhance]     adding whiten to pipeline...
2023-02-19 18:58:50,083 INFO [src.cryo_signal_enhance]     received 1200 coefficient vectors of size 238...
2023-02-19 18:59:35,369 INFO [src.cryo_signal_enhance]     Preparing starfile in the correct format...
2023-02-19 18:59:35,454 INFO [src.cryo_signal_enhance]     adding phase-flip to pipeline...
2023-02-19 18:59:35,457 INFO [src.cryo_signal_enhance]     adding downsample to pipeline (28->28)...
2023-02-19 18:59:35,936 INFO [src.cryo_signal_enhance]     estimating white noise...
2023-02-19 18:59:35,977 INFO [src.cryo_signal_enhance]     adding whiten to pipeline...
2023-02-19 18:59:36,455 INFO [src.cryo_signal_enhance]     received 1200 coefficient vectors of size 238...
2023-02-19 19:02:46,171 INFO [src.cryo_signal_enhance]     Preparing starfile in the correct format...
2023-02-19 19:02:46,250 INFO [src.cryo_signal_enhance]     adding phase-flip to pipeline...
2023-02-19 19:02:46,253 INFO [src.cryo_signal_enhance]     adding downsample to pipeline (28->28)...
2023-02-19 19:02:46,678 INFO [src.cryo_signal_enhance]     estimating white noise...
2023-02-19 19:02:46,702 INFO [src.cryo_signal_enhance]     adding whiten to pipeline...
2023-02-19 19:02:47,144 INFO [src.cryo_signal_enhance]     received 1200 coefficient vectors of size 238...
2023-02-19 19:03:55,049 INFO [src.cryo_signal_enhance]     Preparing starfile in the correct format...
2023-02-19 19:03:55,129 INFO [src.cryo_signal_enhance]     adding phase-flip to pipeline...
2023-02-19 19:03:55,132 INFO [src.cryo_signal_enhance]     adding downsample to pipeline (28->28)...
2023-02-19 19:03:55,562 INFO [src.cryo_signal_enhance]     estimating white noise...
2023-02-19 19:03:55,590 INFO [src.cryo_signal_enhance]     adding whiten to pipeline...
2023-02-19 19:03:56,069 INFO [src.cryo_signal_enhance]     received 1200 coefficient vectors of size 238...
2023-02-19 19:05:36,108 INFO [src.cryo_signal_enhance]     Preparing starfile in the correct format...
2023-02-19 19:05:36,191 INFO [src.cryo_signal_enhance]     adding phase-flip to pipeline...
2023-02-19 19:05:36,194 INFO [src.cryo_signal_enhance]     adding downsample to pipeline (28->28)...
2023-02-19 19:05:36,645 INFO [src.cryo_signal_enhance]     estimating white noise...
2023-02-19 19:05:36,671 INFO [src.cryo_signal_enhance]     adding whiten to pipeline...
2023-02-19 19:05:37,089 INFO [src.cryo_signal_enhance]     received 1200 coefficient vectors of size 238...
2023-02-19 19:37:52,128 INFO [src.cryo_signal_enhance]     Preparing starfile in the correct format...
2023-02-19 19:37:52,210 INFO [src.cryo_signal_enhance]     adding phase-flip to pipeline...
2023-02-19 19:37:52,213 INFO [src.cryo_signal_enhance]     adding downsample to pipeline (28->28)...
2023-02-19 19:37:52,653 INFO [src.cryo_signal_enhance]     estimating white noise...
2023-02-19 19:37:52,678 INFO [src.cryo_signal_enhance]     adding whiten to pipeline...
2023-02-19 19:37:53,128 INFO [src.cryo_signal_enhance]     received 1200 coefficient vectors of size 238...
2023-02-19 19:38:11,005 INFO [src.cryo_signal_enhance]     Preparing starfile in the correct format...
2023-02-19 19:38:11,085 INFO [src.cryo_signal_enhance]     adding phase-flip to pipeline...
2023-02-19 19:38:11,089 INFO [src.cryo_signal_enhance]     adding downsample to pipeline (28->28)...
2023-02-19 19:38:11,535 INFO [src.cryo_signal_enhance]     estimating white noise...
2023-02-19 19:38:11,574 INFO [src.cryo_signal_enhance]     adding whiten to pipeline...
2023-02-19 19:38:12,041 INFO [src.cryo_signal_enhance]     received 1200 coefficient vectors of size 238...
2023-02-19 19:38:55,619 INFO [src.cryo_signal_enhance]     Preparing starfile in the correct format...
2023-02-19 19:38:55,695 INFO [src.cryo_signal_enhance]     adding phase-flip to pipeline...
2023-02-19 19:38:55,698 INFO [src.cryo_signal_enhance]     adding downsample to pipeline (28->28)...
2023-02-19 19:38:56,118 INFO [src.cryo_signal_enhance]     estimating white noise...
2023-02-19 19:38:56,142 INFO [src.cryo_signal_enhance]     adding whiten to pipeline...
2023-02-19 19:38:56,609 INFO [src.cryo_signal_enhance]     received 1200 coefficient vectors of size 238...
2023-02-19 19:39:46,607 INFO [src.cryo_signal_enhance]     Preparing starfile in the correct format...
2023-02-19 19:39:46,684 INFO [src.cryo_signal_enhance]     adding phase-flip to pipeline...
2023-02-19 19:39:46,687 INFO [src.cryo_signal_enhance]     adding downsample to pipeline (28->28)...
2023-02-19 19:39:47,143 INFO [src.cryo_signal_enhance]     estimating white noise...
2023-02-19 19:39:47,171 INFO [src.cryo_signal_enhance]     adding whiten to pipeline...
2023-02-19 19:39:47,654 INFO [src.cryo_signal_enhance]     received 1200 coefficient vectors of size 238...
2023-02-19 19:40:17,096 INFO [src.cryo_signal_enhance]     Preparing starfile in the correct format...
2023-02-19 19:40:17,176 INFO [src.cryo_signal_enhance]     adding phase-flip to pipeline...
2023-02-19 19:40:17,179 INFO [src.cryo_signal_enhance]     adding downsample to pipeline (28->28)...
2023-02-19 19:40:17,594 INFO [src.cryo_signal_enhance]     estimating white noise...
2023-02-19 19:40:17,618 INFO [src.cryo_signal_enhance]     adding whiten to pipeline...
2023-02-19 19:40:18,153 INFO [src.cryo_signal_enhance]     received 1200 coefficient vectors of size 238...
2023-02-19 19:40:39,265 INFO [src.cryo_signal_enhance]     Preparing starfile in the correct format...
2023-02-19 19:40:39,344 INFO [src.cryo_signal_enhance]     adding phase-flip to pipeline...
2023-02-19 19:40:39,347 INFO [src.cryo_signal_enhance]     adding downsample to pipeline (28->28)...
2023-02-19 19:40:39,775 INFO [src.cryo_signal_enhance]     estimating white noise...
2023-02-19 19:40:39,803 INFO [src.cryo_signal_enhance]     adding whiten to pipeline...
2023-02-19 19:40:40,271 INFO [src.cryo_signal_enhance]     received 1200 coefficient vectors of size 238...
