2023-03-02 15:14:37,371 DEBUG [root] ASPIRE configuration directory is /home/yoavharlap/.config/ASPIRE
2023-03-02 15:14:37,371 DEBUG [root] ASPIRE configuration resolution details [({'logging': {'log_dir': '/scratch/home/yoavharlap/PycharmProjects/graphCryo/logs'}}, ConfigSource(<super: <class 'ConfigSource'>, <ConfigSource object>>, None, False, False)), ({}, ConfigSource(<super: <class 'ConfigSource'>, <YamlSource object>>, '/home/yoavharlap/.config/ASPIRE/config.yaml', False, False)), ({'version': '0.10.1', 'common': OrderedDict([('numeric', 'numpy'), ('fft', 'pyfftw')]), 'logging': OrderedDict([('log_dir', 'logs'), ('log_exceptions', 1), ('tqdm_disable', False), ('console_level', 'INFO'), ('log_file_level', 'DEBUG'), ('log_prefix', 'aspire')]), 'nufft': OrderedDict([('backends', ['cufinufft', 'finufft', 'pynfft'])]), 'ray': OrderedDict([('temp_dir', '/tmp/ray')])}, ConfigSource(<super: <class 'ConfigSource'>, <YamlSource object>>, '/home/yoavharlap/.local/lib/python3.8/site-packages/aspire/config_default.yaml', True, False))]
2023-03-02 15:14:37,378 DEBUG [root] Resolved config.yaml:

logging:
    log_dir: /scratch/home/yoavharlap/PycharmProjects/graphCryo/logs
    log_exceptions: 1
    tqdm_disable: no
    console_level: INFO
    log_file_level: DEBUG
    log_prefix: aspire
version: 0.10.1
common:
    numeric: numpy
    fft: pyfftw

nufft:
    backends: [cufinufft, finufft, pynfft]

ray:
    temp_dir: /tmp/ray


2023-03-02 15:14:47,399 INFO [aspire.volume.volume] /scratch/guysharon/Work/datafiles/volrefs/emd_2660.map with dtype float32 loaded as <class 'numpy.float64'>
2023-03-02 15:14:47,541 INFO [__main__] Original volume map data shape: (1, 360, 360, 360) dtype:float64
2023-03-02 15:15:04,165 INFO [__main__] Initialize CTF filters.
2023-03-02 15:15:04,171 INFO [aspire.source.image] Creating Simulation with 1401 images.
2023-03-02 15:15:04,226 INFO [aspire.source.simulation] Appending CustomNoiseAdder to generation pipeline
2023-03-02 15:15:04,230 INFO [aspire.source.image] save metadata into STAR file
2023-03-02 15:15:04,269 INFO [aspire.storage.starfile] Created StarFile with blocks: 
2023-03-02 15:15:04,285 INFO [aspire.source.image] save images into MRCS file
2023-03-02 15:15:04,323 INFO [aspire.source.image] Saving ImageSource[0-1400] to /home/yoavharlap/work/starfile_0_1400.mrcs
2023-03-02 15:15:04,364 DEBUG [aspire.nufft] nufft passed real_type for signal, converting
2023-03-02 15:15:04,365 INFO [aspire.nufft] Trying NFFT backend cufinufft
2023-03-02 15:15:04,370 INFO [aspire.nufft] NFFT backend cufinufft not usable:
	No module named 'pycuda'
2023-03-02 15:15:04,371 INFO [aspire.nufft] Trying NFFT backend finufft
2023-03-02 15:15:04,381 INFO [aspire.nufft] NFFT backend finufft usable.
2023-03-02 15:15:04,383 INFO [aspire.nufft] Trying NFFT backend pynfft
2023-03-02 15:15:04,385 INFO [aspire.nufft] NFFT backend pynfft not usable:
	No module named 'pynfft'
2023-03-02 15:15:04,386 INFO [aspire.nufft] Selected NFFT backend = finufft.
2023-03-02 15:15:13,039 DEBUG [aspire.image.xform] Applying forward transformations in pipeline
2023-03-02 15:15:13,040 DEBUG [aspire.image.xform] All forward transformations applied
2023-03-02 15:15:14,495 INFO [src.cryo_signal_enhance]     Preparing starfile in the correct format...
2023-03-02 15:15:14,664 INFO [src.cryo_signal_enhance]     adding phase-flip to pipeline...
2023-03-02 15:15:14,671 INFO [src.cryo_signal_enhance]     adding downsample to pipeline (28->28)...
2023-03-02 15:15:15,590 INFO [src.cryo_signal_enhance]     estimating white noise...
2023-03-02 15:15:15,612 INFO [src.cryo_signal_enhance]     adding whiten to pipeline...
2023-03-02 15:15:18,197 INFO [src.cryo_signal_enhance]     received 1401 coefficient vectors of size 238...
