2023-01-30 23:33:00,057 DEBUG [root] ASPIRE configuration directory is /home/yoavharlap/.config/ASPIRE
2023-01-30 23:33:00,058 DEBUG [root] ASPIRE configuration resolution details [({'logging': {'log_dir': '/scratch/home/yoavharlap/PycharmProjects/graphCryo/logs'}}, ConfigSource(<super: <class 'ConfigSource'>, <ConfigSource object>>, None, False, False)), ({}, ConfigSource(<super: <class 'ConfigSource'>, <YamlSource object>>, '/home/yoavharlap/.config/ASPIRE/config.yaml', False, False)), ({'version': '0.10.1', 'common': OrderedDict([('numeric', 'numpy'), ('fft', 'pyfftw')]), 'logging': OrderedDict([('log_dir', 'logs'), ('log_exceptions', 1), ('tqdm_disable', False), ('console_level', 'INFO'), ('log_file_level', 'DEBUG'), ('log_prefix', 'aspire')]), 'nufft': OrderedDict([('backends', ['cufinufft', 'finufft', 'pynfft'])]), 'ray': OrderedDict([('temp_dir', '/tmp/ray')])}, ConfigSource(<super: <class 'ConfigSource'>, <YamlSource object>>, '/home/yoavharlap/.local/lib/python3.8/site-packages/aspire/config_default.yaml', True, False))]
2023-01-30 23:33:00,059 DEBUG [root] Resolved config.yaml:

logging:
    log_dir: /scratch/home/yoavharlap/PycharmProjects/graphCryo/logs
    log_exceptions: 1
    tqdm_disable: no
    console_level: INFO
    log_file_level: DEBUG
    log_prefix: aspire
version: 0.10.1
common:
    numeric: numpy
    fft: pyfftw

nufft:
    backends: [cufinufft, finufft, pynfft]

ray:
    temp_dir: /tmp/ray


2023-01-30 23:33:04,923 INFO [aspire.volume.volume] /scratch/guysharon/Work/datafiles/volrefs/emd_2660.map with dtype float32 loaded as <class 'numpy.float64'>
2023-01-30 23:33:05,064 INFO [__main__] Original volume map data shape: (1, 360, 360, 360) dtype:float64
2023-01-30 23:33:06,205 INFO [__main__] Initialize CTF filters.
2023-01-30 23:33:06,208 INFO [aspire.source.image] Creating Simulation with 100 images.
2023-01-30 23:33:06,230 INFO [aspire.source.simulation] Appending CustomNoiseAdder to generation pipeline
2023-01-30 23:33:06,231 INFO [aspire.source.image] save metadata into STAR file
2023-01-30 23:33:06,238 INFO [aspire.storage.starfile] Created StarFile with blocks: 
2023-01-30 23:33:06,241 INFO [aspire.source.image] save images into MRCS file
2023-01-30 23:33:06,266 INFO [aspire.source.image] Saving ImageSource[0-99] to /home/yoavharlap/work/starfile_0_99.mrcs
2023-01-30 23:33:06,372 DEBUG [aspire.nufft] nufft passed real_type for signal, converting
2023-01-30 23:33:06,650 INFO [aspire.nufft] Trying NFFT backend cufinufft
2023-01-30 23:33:06,655 INFO [aspire.nufft] NFFT backend cufinufft not usable:
	No module named 'pycuda'
2023-01-30 23:33:06,656 INFO [aspire.nufft] Trying NFFT backend finufft
2023-01-30 23:33:06,676 INFO [aspire.nufft] NFFT backend finufft usable.
2023-01-30 23:33:06,678 INFO [aspire.nufft] Trying NFFT backend pynfft
2023-01-30 23:33:06,685 INFO [aspire.nufft] NFFT backend pynfft not usable:
	No module named 'pynfft'
2023-01-30 23:33:06,686 INFO [aspire.nufft] Selected NFFT backend = finufft.
2023-01-30 23:33:11,666 DEBUG [aspire.image.xform] Applying forward transformations in pipeline
2023-01-30 23:33:11,666 DEBUG [aspire.image.xform] All forward transformations applied
2023-01-30 23:33:11,986 INFO [src.cryo_signal_enhance]     Preparing starfile in the correct format...
2023-01-30 23:33:12,010 INFO [src.cryo_signal_enhance]     adding phase-flip to pipeline...
2023-01-30 23:33:12,013 INFO [src.cryo_signal_enhance]     adding downsample to pipeline (189->89)...
2023-01-30 23:33:12,392 INFO [src.cryo_signal_enhance]     estimating white noise...
2023-01-30 23:33:12,404 INFO [src.cryo_signal_enhance]     adding whiten to pipeline...
