2023-02-19 10:53:30,224 DEBUG [root] ASPIRE configuration directory is /home/yoavharlap/.config/ASPIRE
2023-02-19 10:53:30,224 DEBUG [root] ASPIRE configuration resolution details [({'logging': {'log_dir': '/scratch/home/yoavharlap/PycharmProjects/graphCryo/logs'}}, ConfigSource(<super: <class 'ConfigSource'>, <ConfigSource object>>, None, False, False)), ({}, ConfigSource(<super: <class 'ConfigSource'>, <YamlSource object>>, '/home/yoavharlap/.config/ASPIRE/config.yaml', False, False)), ({'version': '0.10.1', 'common': OrderedDict([('numeric', 'numpy'), ('fft', 'pyfftw')]), 'logging': OrderedDict([('log_dir', 'logs'), ('log_exceptions', 1), ('tqdm_disable', False), ('console_level', 'INFO'), ('log_file_level', 'DEBUG'), ('log_prefix', 'aspire')]), 'nufft': OrderedDict([('backends', ['cufinufft', 'finufft', 'pynfft'])]), 'ray': OrderedDict([('temp_dir', '/tmp/ray')])}, ConfigSource(<super: <class 'ConfigSource'>, <YamlSource object>>, '/home/yoavharlap/.local/lib/python3.8/site-packages/aspire/config_default.yaml', True, False))]
2023-02-19 10:53:30,226 DEBUG [root] Resolved config.yaml:

logging:
    log_dir: /scratch/home/yoavharlap/PycharmProjects/graphCryo/logs
    log_exceptions: 1
    tqdm_disable: no
    console_level: INFO
    log_file_level: DEBUG
    log_prefix: aspire
version: 0.10.1
common:
    numeric: numpy
    fft: pyfftw

nufft:
    backends: [cufinufft, finufft, pynfft]

ray:
    temp_dir: /tmp/ray


2023-02-19 10:53:33,325 INFO [aspire.volume.volume] /scratch/guysharon/Work/datafiles/volrefs/emd_2660.map with dtype float32 loaded as <class 'numpy.float64'>
2023-02-19 10:53:33,459 INFO [__main__] Original volume map data shape: (1, 360, 360, 360) dtype:float64
2023-02-19 10:53:48,902 INFO [__main__] Initialize CTF filters.
2023-02-19 10:53:48,906 INFO [aspire.source.image] Creating Simulation with 400 images.
2023-02-19 10:53:48,924 INFO [aspire.source.simulation] Appending CustomNoiseAdder to generation pipeline
2023-02-19 10:53:48,926 INFO [aspire.source.image] save metadata into STAR file
2023-02-19 10:53:48,934 INFO [aspire.storage.starfile] Created StarFile with blocks: 
2023-02-19 10:53:48,938 INFO [aspire.source.image] save images into MRCS file
2023-02-19 10:53:48,978 INFO [aspire.source.image] Saving ImageSource[0-399] to /home/yoavharlap/work/starfile_0_399.mrcs
2023-02-19 10:53:48,996 DEBUG [aspire.nufft] nufft passed real_type for signal, converting
2023-02-19 10:53:48,996 INFO [aspire.nufft] Trying NFFT backend cufinufft
2023-02-19 10:53:49,000 INFO [aspire.nufft] NFFT backend cufinufft not usable:
	No module named 'pycuda'
2023-02-19 10:53:49,001 INFO [aspire.nufft] Trying NFFT backend finufft
2023-02-19 10:53:49,009 INFO [aspire.nufft] NFFT backend finufft usable.
2023-02-19 10:53:49,010 INFO [aspire.nufft] Trying NFFT backend pynfft
2023-02-19 10:53:49,012 INFO [aspire.nufft] NFFT backend pynfft not usable:
	No module named 'pynfft'
2023-02-19 10:53:49,013 INFO [aspire.nufft] Selected NFFT backend = finufft.
2023-02-19 10:53:52,026 DEBUG [aspire.image.xform] Applying forward transformations in pipeline
2023-02-19 10:53:52,026 DEBUG [aspire.image.xform] All forward transformations applied
2023-02-19 10:53:52,246 INFO [src.cryo_signal_enhance]     Preparing starfile in the correct format...
2023-02-19 10:53:52,281 INFO [src.cryo_signal_enhance]     adding phase-flip to pipeline...
2023-02-19 10:53:52,283 INFO [src.cryo_signal_enhance]     adding downsample to pipeline (28->28)...
2023-02-19 10:53:52,474 INFO [src.cryo_signal_enhance]     estimating white noise...
2023-02-19 10:53:52,486 INFO [src.cryo_signal_enhance]     adding whiten to pipeline...
2023-02-19 10:53:54,669 INFO [src.cryo_signal_enhance]     received 400 coefficient vectors of size 238...
2023-02-19 10:55:58,733 INFO [src.cryo_signal_enhance]     Preparing starfile in the correct format...
2023-02-19 10:55:58,769 INFO [src.cryo_signal_enhance]     adding phase-flip to pipeline...
2023-02-19 10:55:58,771 INFO [src.cryo_signal_enhance]     adding downsample to pipeline (28->28)...
2023-02-19 10:55:58,964 INFO [src.cryo_signal_enhance]     estimating white noise...
2023-02-19 10:55:58,978 INFO [src.cryo_signal_enhance]     adding whiten to pipeline...
2023-02-19 10:55:59,367 INFO [src.cryo_signal_enhance]     received 400 coefficient vectors of size 238...
2023-02-19 10:57:48,073 INFO [src.cryo_signal_enhance]     Preparing starfile in the correct format...
2023-02-19 10:57:48,108 INFO [src.cryo_signal_enhance]     adding phase-flip to pipeline...
2023-02-19 10:57:48,111 INFO [src.cryo_signal_enhance]     adding downsample to pipeline (28->28)...
2023-02-19 10:57:48,271 INFO [src.cryo_signal_enhance]     estimating white noise...
2023-02-19 10:57:48,284 INFO [src.cryo_signal_enhance]     adding whiten to pipeline...
2023-02-19 10:57:48,685 INFO [src.cryo_signal_enhance]     received 400 coefficient vectors of size 238...
2023-02-19 10:59:40,147 INFO [src.cryo_signal_enhance]     Preparing starfile in the correct format...
2023-02-19 10:59:40,184 INFO [src.cryo_signal_enhance]     adding phase-flip to pipeline...
2023-02-19 10:59:40,186 INFO [src.cryo_signal_enhance]     adding downsample to pipeline (28->28)...
2023-02-19 10:59:40,343 INFO [src.cryo_signal_enhance]     estimating white noise...
2023-02-19 10:59:40,355 INFO [src.cryo_signal_enhance]     adding whiten to pipeline...
2023-02-19 10:59:40,773 INFO [src.cryo_signal_enhance]     received 400 coefficient vectors of size 238...
2023-02-19 11:01:24,946 INFO [src.cryo_signal_enhance]     Preparing starfile in the correct format...
2023-02-19 11:01:24,983 INFO [src.cryo_signal_enhance]     adding phase-flip to pipeline...
2023-02-19 11:01:24,985 INFO [src.cryo_signal_enhance]     adding downsample to pipeline (28->28)...
2023-02-19 11:01:25,163 INFO [src.cryo_signal_enhance]     estimating white noise...
2023-02-19 11:01:25,175 INFO [src.cryo_signal_enhance]     adding whiten to pipeline...
2023-02-19 11:01:25,539 INFO [src.cryo_signal_enhance]     received 400 coefficient vectors of size 238...
2023-02-19 11:01:45,340 INFO [src.cryo_signal_enhance]     Preparing starfile in the correct format...
2023-02-19 11:01:45,377 INFO [src.cryo_signal_enhance]     adding phase-flip to pipeline...
2023-02-19 11:01:45,379 INFO [src.cryo_signal_enhance]     adding downsample to pipeline (28->28)...
2023-02-19 11:01:45,532 INFO [src.cryo_signal_enhance]     estimating white noise...
2023-02-19 11:01:45,544 INFO [src.cryo_signal_enhance]     adding whiten to pipeline...
2023-02-19 11:01:45,946 INFO [src.cryo_signal_enhance]     received 400 coefficient vectors of size 238...
2023-02-19 11:06:09,678 INFO [src.cryo_signal_enhance]     Preparing starfile in the correct format...
2023-02-19 11:06:09,714 INFO [src.cryo_signal_enhance]     adding phase-flip to pipeline...
2023-02-19 11:06:09,717 INFO [src.cryo_signal_enhance]     adding downsample to pipeline (28->28)...
2023-02-19 11:06:09,880 INFO [src.cryo_signal_enhance]     estimating white noise...
2023-02-19 11:06:09,893 INFO [src.cryo_signal_enhance]     adding whiten to pipeline...
2023-02-19 11:06:10,291 INFO [src.cryo_signal_enhance]     received 400 coefficient vectors of size 238...
2023-02-19 11:07:07,403 INFO [src.cryo_signal_enhance]     Preparing starfile in the correct format...
2023-02-19 11:07:07,438 INFO [src.cryo_signal_enhance]     adding phase-flip to pipeline...
2023-02-19 11:07:07,440 INFO [src.cryo_signal_enhance]     adding downsample to pipeline (28->28)...
2023-02-19 11:07:07,596 INFO [src.cryo_signal_enhance]     estimating white noise...
2023-02-19 11:07:07,608 INFO [src.cryo_signal_enhance]     adding whiten to pipeline...
2023-02-19 11:07:08,135 INFO [src.cryo_signal_enhance]     received 400 coefficient vectors of size 238...
2023-02-19 11:15:15,080 INFO [src.cryo_signal_enhance]     Preparing starfile in the correct format...
2023-02-19 11:15:15,116 INFO [src.cryo_signal_enhance]     adding phase-flip to pipeline...
2023-02-19 11:15:15,119 INFO [src.cryo_signal_enhance]     adding downsample to pipeline (28->28)...
2023-02-19 11:15:15,275 INFO [src.cryo_signal_enhance]     estimating white noise...
2023-02-19 11:15:15,287 INFO [src.cryo_signal_enhance]     adding whiten to pipeline...
2023-02-19 11:15:15,649 INFO [src.cryo_signal_enhance]     received 400 coefficient vectors of size 238...
2023-02-19 11:16:51,241 INFO [src.cryo_signal_enhance]     Preparing starfile in the correct format...
2023-02-19 11:16:51,277 INFO [src.cryo_signal_enhance]     adding phase-flip to pipeline...
2023-02-19 11:16:51,279 INFO [src.cryo_signal_enhance]     adding downsample to pipeline (28->28)...
2023-02-19 11:16:51,445 INFO [src.cryo_signal_enhance]     estimating white noise...
2023-02-19 11:16:51,458 INFO [src.cryo_signal_enhance]     adding whiten to pipeline...
2023-02-19 11:16:51,879 INFO [src.cryo_signal_enhance]     received 400 coefficient vectors of size 238...
2023-02-19 11:18:17,620 INFO [src.cryo_signal_enhance]     Preparing starfile in the correct format...
2023-02-19 11:18:17,656 INFO [src.cryo_signal_enhance]     adding phase-flip to pipeline...
2023-02-19 11:18:17,659 INFO [src.cryo_signal_enhance]     adding downsample to pipeline (28->28)...
2023-02-19 11:18:17,827 INFO [src.cryo_signal_enhance]     estimating white noise...
2023-02-19 11:18:17,840 INFO [src.cryo_signal_enhance]     adding whiten to pipeline...
2023-02-19 11:18:18,217 INFO [src.cryo_signal_enhance]     received 400 coefficient vectors of size 238...
