2023-02-15 21:34:04,924 DEBUG [root] ASPIRE configuration directory is /home/yoavharlap/.config/ASPIRE
2023-02-15 21:34:04,924 DEBUG [root] ASPIRE configuration resolution details [({'logging': {'log_dir': '/scratch/home/yoavharlap/PycharmProjects/graphCryo/logs'}}, ConfigSource(<super: <class 'ConfigSource'>, <ConfigSource object>>, None, False, False)), ({}, ConfigSource(<super: <class 'ConfigSource'>, <YamlSource object>>, '/home/yoavharlap/.config/ASPIRE/config.yaml', False, False)), ({'version': '0.10.1', 'common': OrderedDict([('numeric', 'numpy'), ('fft', 'pyfftw')]), 'logging': OrderedDict([('log_dir', 'logs'), ('log_exceptions', 1), ('tqdm_disable', False), ('console_level', 'INFO'), ('log_file_level', 'DEBUG'), ('log_prefix', 'aspire')]), 'nufft': OrderedDict([('backends', ['cufinufft', 'finufft', 'pynfft'])]), 'ray': OrderedDict([('temp_dir', '/tmp/ray')])}, ConfigSource(<super: <class 'ConfigSource'>, <YamlSource object>>, '/home/yoavharlap/.local/lib/python3.8/site-packages/aspire/config_default.yaml', True, False))]
2023-02-15 21:34:04,926 DEBUG [root] Resolved config.yaml:

logging:
    log_dir: /scratch/home/yoavharlap/PycharmProjects/graphCryo/logs
    log_exceptions: 1
    tqdm_disable: no
    console_level: INFO
    log_file_level: DEBUG
    log_prefix: aspire
version: 0.10.1
common:
    numeric: numpy
    fft: pyfftw

nufft:
    backends: [cufinufft, finufft, pynfft]

ray:
    temp_dir: /tmp/ray


2023-02-15 21:34:09,071 INFO [aspire.volume.volume] /scratch/guysharon/Work/datafiles/volrefs/emd_2660.map with dtype float32 loaded as <class 'numpy.float64'>
2023-02-15 21:34:09,261 INFO [__main__] Original volume map data shape: (1, 360, 360, 360) dtype:float64
2023-02-15 21:34:28,981 INFO [__main__] Initialize CTF filters.
2023-02-15 21:34:28,988 INFO [aspire.source.image] Creating Simulation with 5000 images.
2023-02-15 21:34:29,027 INFO [aspire.source.simulation] Appending CustomNoiseAdder to generation pipeline
2023-02-15 21:34:29,029 INFO [aspire.source.image] save metadata into STAR file
2023-02-15 21:34:29,251 INFO [aspire.storage.starfile] Created StarFile with blocks: 
2023-02-15 21:34:29,293 INFO [aspire.source.image] save images into MRCS file
2023-02-15 21:34:29,333 INFO [aspire.source.image] Saving ImageSource[0-4999] to /home/yoavharlap/work/starfile_0_4999.mrcs
2023-02-15 21:34:29,454 DEBUG [aspire.nufft] nufft passed real_type for signal, converting
2023-02-15 21:34:29,454 INFO [aspire.nufft] Trying NFFT backend cufinufft
2023-02-15 21:34:29,457 INFO [aspire.nufft] NFFT backend cufinufft not usable:
	No module named 'pycuda'
2023-02-15 21:34:29,458 INFO [aspire.nufft] Trying NFFT backend finufft
2023-02-15 21:34:29,465 INFO [aspire.nufft] NFFT backend finufft usable.
2023-02-15 21:34:29,466 INFO [aspire.nufft] Trying NFFT backend pynfft
2023-02-15 21:34:29,467 INFO [aspire.nufft] NFFT backend pynfft not usable:
	No module named 'pynfft'
2023-02-15 21:34:29,468 INFO [aspire.nufft] Selected NFFT backend = finufft.
2023-02-15 21:35:01,654 DEBUG [aspire.image.xform] Applying forward transformations in pipeline
2023-02-15 21:35:01,654 DEBUG [aspire.image.xform] All forward transformations applied
2023-02-15 21:35:02,383 INFO [src.cryo_signal_enhance]     Preparing starfile in the correct format...
2023-02-15 21:35:02,873 INFO [src.cryo_signal_enhance]     adding phase-flip to pipeline...
2023-02-15 21:35:02,879 INFO [src.cryo_signal_enhance]     adding downsample to pipeline (28->28)...
2023-02-15 21:35:05,248 INFO [src.cryo_signal_enhance]     estimating white noise...
2023-02-15 21:35:05,347 INFO [src.cryo_signal_enhance]     adding whiten to pipeline...
2023-02-15 21:35:09,500 INFO [src.cryo_signal_enhance]     received 5000 coefficient vectors of size 238...
2023-02-15 21:37:46,381 INFO [src.cryo_signal_enhance]     Preparing starfile in the correct format...
2023-02-15 21:37:46,865 INFO [src.cryo_signal_enhance]     adding phase-flip to pipeline...
2023-02-15 21:37:46,873 INFO [src.cryo_signal_enhance]     adding downsample to pipeline (28->28)...
2023-02-15 21:37:48,944 INFO [src.cryo_signal_enhance]     estimating white noise...
2023-02-15 21:37:49,072 INFO [src.cryo_signal_enhance]     adding whiten to pipeline...
2023-02-15 21:37:50,639 INFO [src.cryo_signal_enhance]     received 5000 coefficient vectors of size 238...
2023-02-15 21:39:17,222 INFO [src.cryo_signal_enhance]     Preparing starfile in the correct format...
2023-02-15 21:39:17,607 INFO [src.cryo_signal_enhance]     adding phase-flip to pipeline...
2023-02-15 21:39:17,612 INFO [src.cryo_signal_enhance]     adding downsample to pipeline (28->28)...
2023-02-15 21:39:20,055 INFO [src.cryo_signal_enhance]     estimating white noise...
2023-02-15 21:39:20,149 INFO [src.cryo_signal_enhance]     adding whiten to pipeline...
2023-02-15 21:39:21,912 INFO [src.cryo_signal_enhance]     received 5000 coefficient vectors of size 238...
2023-02-15 21:41:12,820 INFO [src.cryo_signal_enhance]     Preparing starfile in the correct format...
2023-02-15 21:41:13,187 INFO [src.cryo_signal_enhance]     adding phase-flip to pipeline...
2023-02-15 21:41:13,192 INFO [src.cryo_signal_enhance]     adding downsample to pipeline (28->28)...
2023-02-15 21:41:15,449 INFO [src.cryo_signal_enhance]     estimating white noise...
2023-02-15 21:41:15,538 INFO [src.cryo_signal_enhance]     adding whiten to pipeline...
2023-02-15 21:41:16,902 INFO [src.cryo_signal_enhance]     received 5000 coefficient vectors of size 238...
2023-02-15 21:42:54,494 INFO [src.cryo_signal_enhance]     Preparing starfile in the correct format...
2023-02-15 21:42:54,902 INFO [src.cryo_signal_enhance]     adding phase-flip to pipeline...
2023-02-15 21:42:54,906 INFO [src.cryo_signal_enhance]     adding downsample to pipeline (28->28)...
2023-02-15 21:42:57,381 INFO [src.cryo_signal_enhance]     estimating white noise...
2023-02-15 21:42:57,467 INFO [src.cryo_signal_enhance]     adding whiten to pipeline...
2023-02-15 21:42:59,017 INFO [src.cryo_signal_enhance]     received 5000 coefficient vectors of size 238...
2023-02-15 22:03:24,984 INFO [src.cryo_signal_enhance]     Preparing starfile in the correct format...
2023-02-15 22:03:25,338 INFO [src.cryo_signal_enhance]     adding phase-flip to pipeline...
2023-02-15 22:03:25,343 INFO [src.cryo_signal_enhance]     adding downsample to pipeline (28->28)...
2023-02-15 22:03:27,555 INFO [src.cryo_signal_enhance]     estimating white noise...
2023-02-15 22:03:27,662 INFO [src.cryo_signal_enhance]     adding whiten to pipeline...
2023-02-15 22:03:29,296 INFO [src.cryo_signal_enhance]     received 5000 coefficient vectors of size 238...
2023-02-15 22:06:59,640 INFO [src.cryo_signal_enhance]     Preparing starfile in the correct format...
2023-02-15 22:06:59,678 INFO [src.cryo_signal_enhance]     adding phase-flip to pipeline...
2023-02-15 22:06:59,680 INFO [src.cryo_signal_enhance]     adding downsample to pipeline (28->28)...
2023-02-15 22:06:59,864 INFO [src.cryo_signal_enhance]     estimating white noise...
2023-02-15 22:06:59,894 INFO [src.cryo_signal_enhance]     adding whiten to pipeline...
2023-02-15 22:07:00,317 INFO [src.cryo_signal_enhance]     received 400 coefficient vectors of size 238...
