2023-01-29 14:55:03,407 DEBUG [root] ASPIRE configuration directory is /home/yoavharlap/.config/ASPIRE
2023-01-29 14:55:03,408 DEBUG [root] ASPIRE configuration resolution details [({'logging': {'log_dir': '/scratch/home/yoavharlap/PycharmProjects/graphCryo/logs'}}, ConfigSource(<super: <class 'ConfigSource'>, <ConfigSource object>>, None, False, False)), ({}, ConfigSource(<super: <class 'ConfigSource'>, <YamlSource object>>, '/home/yoavharlap/.config/ASPIRE/config.yaml', False, False)), ({'version': '0.10.1', 'common': OrderedDict([('numeric', 'numpy'), ('fft', 'pyfftw')]), 'logging': OrderedDict([('log_dir', 'logs'), ('log_exceptions', 1), ('tqdm_disable', False), ('console_level', 'INFO'), ('log_file_level', 'DEBUG'), ('log_prefix', 'aspire')]), 'nufft': OrderedDict([('backends', ['cufinufft', 'finufft', 'pynfft'])]), 'ray': OrderedDict([('temp_dir', '/tmp/ray')])}, ConfigSource(<super: <class 'ConfigSource'>, <YamlSource object>>, '/home/yoavharlap/.local/lib/python3.8/site-packages/aspire/config_default.yaml', True, False))]
2023-01-29 14:55:03,413 DEBUG [root] Resolved config.yaml:

logging:
    log_dir: /scratch/home/yoavharlap/PycharmProjects/graphCryo/logs
    log_exceptions: 1
    tqdm_disable: no
    console_level: INFO
    log_file_level: DEBUG
    log_prefix: aspire
version: 0.10.1
common:
    numeric: numpy
    fft: pyfftw

nufft:
    backends: [cufinufft, finufft, pynfft]

ray:
    temp_dir: /tmp/ray


2023-01-29 14:55:07,661 INFO [aspire.volume.volume] /scratch/guysharon/Work/datafiles/volrefs/emd_2660.map with dtype float32 loaded as <class 'numpy.float64'>
2023-01-29 14:55:07,794 INFO [__main__] Original volume map data shape: (1, 360, 360, 360) dtype:float64
2023-01-29 14:55:29,192 INFO [__main__] Initialize CTF filters.
2023-01-29 14:55:29,194 INFO [aspire.source.image] Creating Simulation with 100 images.
2023-01-29 14:55:29,230 INFO [aspire.source.simulation] Appending CustomNoiseAdder to generation pipeline
2023-01-29 14:55:36,710 INFO [aspire.source.image] save metadata into STAR file
2023-01-29 14:55:36,740 INFO [aspire.storage.starfile] Created StarFile with blocks: 
2023-01-29 14:55:36,744 INFO [aspire.source.image] save images into MRCS file
2023-01-29 14:55:36,748 INFO [aspire.source.image] Saving ImageSource[0-99] to /data/yoavharlap/mydata/starfile_0_99.mrcs
2023-01-29 14:55:36,809 DEBUG [aspire.nufft] nufft passed real_type for signal, converting
2023-01-29 14:55:36,851 INFO [aspire.nufft] Trying NFFT backend cufinufft
2023-01-29 14:55:37,138 INFO [aspire.nufft] NFFT backend cufinufft usable.
2023-01-29 14:55:37,138 INFO [aspire.nufft] Trying NFFT backend finufft
2023-01-29 14:55:37,146 INFO [aspire.nufft] NFFT backend finufft usable.
2023-01-29 14:55:37,147 INFO [aspire.nufft] Trying NFFT backend pynfft
2023-01-29 14:55:37,148 INFO [aspire.nufft] NFFT backend pynfft not usable:
	No module named 'pynfft'
2023-01-29 14:55:37,148 INFO [aspire.nufft] Selected NFFT backend = cufinufft.
2023-01-29 14:55:37,643 INFO [aspire.nufft.cufinufft] Converting cufinufft gpu_method=1 from default of 2 for 3D1 transform,to support computation in double precision with tol=1e-08.
