2023-02-26 17:17:44,197 DEBUG [root] ASPIRE configuration directory is /home/yoavharlap/.config/ASPIRE
2023-02-26 17:17:44,197 DEBUG [root] ASPIRE configuration resolution details [({'logging': {'log_dir': '/scratch/home/yoavharlap/PycharmProjects/graphCryo/logs'}}, ConfigSource(<super: <class 'ConfigSource'>, <ConfigSource object>>, None, False, False)), ({}, ConfigSource(<super: <class 'ConfigSource'>, <YamlSource object>>, '/home/yoavharlap/.config/ASPIRE/config.yaml', False, False)), ({'version': '0.10.1', 'common': OrderedDict([('numeric', 'numpy'), ('fft', 'pyfftw')]), 'logging': OrderedDict([('log_dir', 'logs'), ('log_exceptions', 1), ('tqdm_disable', False), ('console_level', 'INFO'), ('log_file_level', 'DEBUG'), ('log_prefix', 'aspire')]), 'nufft': OrderedDict([('backends', ['cufinufft', 'finufft', 'pynfft'])]), 'ray': OrderedDict([('temp_dir', '/tmp/ray')])}, ConfigSource(<super: <class 'ConfigSource'>, <YamlSource object>>, '/home/yoavharlap/.local/lib/python3.8/site-packages/aspire/config_default.yaml', True, False))]
2023-02-26 17:17:44,198 DEBUG [root] Resolved config.yaml:

logging:
    log_dir: /scratch/home/yoavharlap/PycharmProjects/graphCryo/logs
    log_exceptions: 1
    tqdm_disable: no
    console_level: INFO
    log_file_level: DEBUG
    log_prefix: aspire
version: 0.10.1
common:
    numeric: numpy
    fft: pyfftw

nufft:
    backends: [cufinufft, finufft, pynfft]

ray:
    temp_dir: /tmp/ray


2023-02-26 17:17:47,134 INFO [aspire.volume.volume] /scratch/guysharon/Work/datafiles/volrefs/emd_2660.map with dtype float32 loaded as <class 'numpy.float64'>
2023-02-26 17:17:47,262 INFO [__main__] Original volume map data shape: (1, 360, 360, 360) dtype:float64
2023-02-26 17:18:03,652 INFO [__main__] Initialize CTF filters.
2023-02-26 17:18:03,656 INFO [aspire.source.image] Creating Simulation with 1400 images.
2023-02-26 17:18:03,673 INFO [aspire.source.simulation] Appending CustomNoiseAdder to generation pipeline
2023-02-26 17:18:03,675 INFO [aspire.source.image] save metadata into STAR file
2023-02-26 17:18:03,694 INFO [aspire.storage.starfile] Created StarFile with blocks: 
2023-02-26 17:18:03,703 INFO [aspire.source.image] save images into MRCS file
2023-02-26 17:18:03,753 INFO [aspire.source.image] Saving ImageSource[0-1399] to /home/yoavharlap/work/starfile_0_1399.mrcs
2023-02-26 17:18:03,788 DEBUG [aspire.nufft] nufft passed real_type for signal, converting
2023-02-26 17:18:03,788 INFO [aspire.nufft] Trying NFFT backend cufinufft
2023-02-26 17:18:03,791 INFO [aspire.nufft] NFFT backend cufinufft not usable:
	No module named 'pycuda'
2023-02-26 17:18:03,792 INFO [aspire.nufft] Trying NFFT backend finufft
2023-02-26 17:18:03,798 INFO [aspire.nufft] NFFT backend finufft usable.
2023-02-26 17:18:03,799 INFO [aspire.nufft] Trying NFFT backend pynfft
2023-02-26 17:18:03,800 INFO [aspire.nufft] NFFT backend pynfft not usable:
	No module named 'pynfft'
2023-02-26 17:18:03,801 INFO [aspire.nufft] Selected NFFT backend = finufft.
2023-02-26 17:18:12,847 DEBUG [aspire.image.xform] Applying forward transformations in pipeline
2023-02-26 17:18:12,847 DEBUG [aspire.image.xform] All forward transformations applied
2023-02-26 17:19:31,551 INFO [aspire.volume.volume] /scratch/guysharon/Work/datafiles/volrefs/emd_2660.map with dtype float32 loaded as <class 'numpy.float64'>
2023-02-26 17:19:31,682 INFO [__main__] Original volume map data shape: (1, 360, 360, 360) dtype:float64
2023-02-26 17:19:32,410 INFO [__main__] Initialize CTF filters.
2023-02-26 17:19:32,413 INFO [aspire.source.image] Creating Simulation with 1400 images.
2023-02-26 17:19:32,429 INFO [aspire.source.simulation] Appending CustomNoiseAdder to generation pipeline
2023-02-26 17:19:32,431 INFO [aspire.source.image] save metadata into STAR file
2023-02-26 17:19:32,449 INFO [aspire.storage.starfile] Created StarFile with blocks: 
2023-02-26 17:19:32,458 INFO [aspire.source.image] save images into MRCS file
2023-02-26 17:19:32,525 INFO [aspire.source.image] Saving ImageSource[0-1399] to /home/yoavharlap/work/starfile_0_1399.mrcs
2023-02-26 17:19:32,562 DEBUG [aspire.nufft] nufft passed real_type for signal, converting
2023-02-26 17:19:41,395 DEBUG [aspire.image.xform] Applying forward transformations in pipeline
2023-02-26 17:19:41,396 DEBUG [aspire.image.xform] All forward transformations applied
2023-02-26 17:19:42,773 INFO [src.cryo_signal_enhance]     Preparing starfile in the correct format...
2023-02-26 17:19:42,861 INFO [src.cryo_signal_enhance]     adding phase-flip to pipeline...
2023-02-26 17:19:42,863 INFO [src.cryo_signal_enhance]     adding downsample to pipeline (28->28)...
2023-02-26 17:19:43,357 INFO [src.cryo_signal_enhance]     estimating white noise...
2023-02-26 17:19:43,379 INFO [src.cryo_signal_enhance]     adding whiten to pipeline...
2023-02-26 17:19:45,688 INFO [src.cryo_signal_enhance]     received 1400 coefficient vectors of size 238...
2023-02-26 17:20:35,624 INFO [src.cryo_signal_enhance]     Preparing starfile in the correct format...
2023-02-26 17:20:35,708 INFO [src.cryo_signal_enhance]     adding phase-flip to pipeline...
2023-02-26 17:20:35,711 INFO [src.cryo_signal_enhance]     adding downsample to pipeline (28->28)...
2023-02-26 17:20:36,217 INFO [src.cryo_signal_enhance]     estimating white noise...
2023-02-26 17:20:36,241 INFO [src.cryo_signal_enhance]     adding whiten to pipeline...
2023-02-26 17:20:36,710 INFO [src.cryo_signal_enhance]     received 1400 coefficient vectors of size 238...
2023-02-26 17:23:52,417 INFO [src.cryo_signal_enhance]     Preparing starfile in the correct format...
2023-02-26 17:23:52,503 INFO [src.cryo_signal_enhance]     adding phase-flip to pipeline...
2023-02-26 17:23:52,506 INFO [src.cryo_signal_enhance]     adding downsample to pipeline (28->28)...
2023-02-26 17:23:52,982 INFO [src.cryo_signal_enhance]     estimating white noise...
2023-02-26 17:23:53,003 INFO [src.cryo_signal_enhance]     adding whiten to pipeline...
2023-02-26 17:23:53,523 INFO [src.cryo_signal_enhance]     received 1400 coefficient vectors of size 238...
2023-02-26 17:50:50,336 INFO [src.cryo_signal_enhance]     Preparing starfile in the correct format...
2023-02-26 17:50:50,446 INFO [src.cryo_signal_enhance]     adding phase-flip to pipeline...
2023-02-26 17:50:50,448 INFO [src.cryo_signal_enhance]     adding downsample to pipeline (28->28)...
2023-02-26 17:50:51,014 INFO [src.cryo_signal_enhance]     estimating white noise...
2023-02-26 17:50:51,037 INFO [src.cryo_signal_enhance]     adding whiten to pipeline...
2023-02-26 17:50:51,519 INFO [src.cryo_signal_enhance]     received 1400 coefficient vectors of size 238...
2023-02-26 17:52:24,878 INFO [src.cryo_signal_enhance]     Preparing starfile in the correct format...
2023-02-26 17:52:24,961 INFO [src.cryo_signal_enhance]     adding phase-flip to pipeline...
2023-02-26 17:52:24,963 INFO [src.cryo_signal_enhance]     adding downsample to pipeline (28->28)...
2023-02-26 17:52:25,492 INFO [src.cryo_signal_enhance]     estimating white noise...
2023-02-26 17:52:25,514 INFO [src.cryo_signal_enhance]     adding whiten to pipeline...
2023-02-26 17:52:26,010 INFO [src.cryo_signal_enhance]     received 1400 coefficient vectors of size 238...
2023-02-26 17:53:03,173 INFO [src.cryo_signal_enhance]     Preparing starfile in the correct format...
2023-02-26 17:53:03,267 INFO [src.cryo_signal_enhance]     adding phase-flip to pipeline...
2023-02-26 17:53:03,270 INFO [src.cryo_signal_enhance]     adding downsample to pipeline (28->28)...
2023-02-26 17:53:03,828 INFO [src.cryo_signal_enhance]     estimating white noise...
2023-02-26 17:53:03,851 INFO [src.cryo_signal_enhance]     adding whiten to pipeline...
2023-02-26 17:53:04,354 INFO [src.cryo_signal_enhance]     received 1400 coefficient vectors of size 238...
2023-02-26 17:57:22,353 INFO [src.cryo_signal_enhance]     Preparing starfile in the correct format...
2023-02-26 17:57:22,446 INFO [src.cryo_signal_enhance]     adding phase-flip to pipeline...
2023-02-26 17:57:22,450 INFO [src.cryo_signal_enhance]     adding downsample to pipeline (28->28)...
2023-02-26 17:57:22,948 INFO [src.cryo_signal_enhance]     estimating white noise...
2023-02-26 17:57:22,973 INFO [src.cryo_signal_enhance]     adding whiten to pipeline...
2023-02-26 17:57:23,419 INFO [src.cryo_signal_enhance]     received 1400 coefficient vectors of size 238...
2023-02-26 17:58:00,773 INFO [src.cryo_signal_enhance]     Preparing starfile in the correct format...
2023-02-26 17:58:00,858 INFO [src.cryo_signal_enhance]     adding phase-flip to pipeline...
2023-02-26 17:58:00,861 INFO [src.cryo_signal_enhance]     adding downsample to pipeline (28->28)...
2023-02-26 17:58:01,396 INFO [src.cryo_signal_enhance]     estimating white noise...
2023-02-26 17:58:01,426 INFO [src.cryo_signal_enhance]     adding whiten to pipeline...
2023-02-26 17:58:01,930 INFO [src.cryo_signal_enhance]     received 1400 coefficient vectors of size 238...
2023-02-26 17:59:06,468 INFO [src.cryo_signal_enhance]     Preparing starfile in the correct format...
2023-02-26 17:59:06,556 INFO [src.cryo_signal_enhance]     adding phase-flip to pipeline...
2023-02-26 17:59:06,559 INFO [src.cryo_signal_enhance]     adding downsample to pipeline (28->28)...
2023-02-26 17:59:07,027 INFO [src.cryo_signal_enhance]     estimating white noise...
2023-02-26 17:59:07,054 INFO [src.cryo_signal_enhance]     adding whiten to pipeline...
2023-02-26 17:59:07,578 INFO [src.cryo_signal_enhance]     received 1400 coefficient vectors of size 238...
2023-02-26 17:59:52,295 INFO [src.cryo_signal_enhance]     Preparing starfile in the correct format...
2023-02-26 17:59:52,376 INFO [src.cryo_signal_enhance]     adding phase-flip to pipeline...
2023-02-26 17:59:52,379 INFO [src.cryo_signal_enhance]     adding downsample to pipeline (28->28)...
2023-02-26 17:59:52,917 INFO [src.cryo_signal_enhance]     estimating white noise...
2023-02-26 17:59:52,944 INFO [src.cryo_signal_enhance]     adding whiten to pipeline...
2023-02-26 17:59:53,445 INFO [src.cryo_signal_enhance]     received 1400 coefficient vectors of size 238...
2023-02-26 18:00:52,116 INFO [src.cryo_signal_enhance]     Preparing starfile in the correct format...
2023-02-26 18:00:52,201 INFO [src.cryo_signal_enhance]     adding phase-flip to pipeline...
2023-02-26 18:00:52,204 INFO [src.cryo_signal_enhance]     adding downsample to pipeline (28->28)...
2023-02-26 18:00:52,699 INFO [src.cryo_signal_enhance]     estimating white noise...
2023-02-26 18:00:52,723 INFO [src.cryo_signal_enhance]     adding whiten to pipeline...
2023-02-26 18:00:53,169 INFO [src.cryo_signal_enhance]     received 1400 coefficient vectors of size 238...
2023-02-26 18:01:23,804 INFO [src.cryo_signal_enhance]     Preparing starfile in the correct format...
2023-02-26 18:01:23,887 INFO [src.cryo_signal_enhance]     adding phase-flip to pipeline...
2023-02-26 18:01:23,890 INFO [src.cryo_signal_enhance]     adding downsample to pipeline (28->28)...
2023-02-26 18:01:24,347 INFO [src.cryo_signal_enhance]     estimating white noise...
2023-02-26 18:01:24,368 INFO [src.cryo_signal_enhance]     adding whiten to pipeline...
2023-02-26 18:01:24,854 INFO [src.cryo_signal_enhance]     received 1400 coefficient vectors of size 238...
2023-02-26 18:02:41,967 INFO [src.cryo_signal_enhance]     Preparing starfile in the correct format...
2023-02-26 18:02:42,063 INFO [src.cryo_signal_enhance]     adding phase-flip to pipeline...
2023-02-26 18:02:42,067 INFO [src.cryo_signal_enhance]     adding downsample to pipeline (28->28)...
2023-02-26 18:02:42,596 INFO [src.cryo_signal_enhance]     estimating white noise...
2023-02-26 18:02:42,618 INFO [src.cryo_signal_enhance]     adding whiten to pipeline...
2023-02-26 18:02:43,102 INFO [src.cryo_signal_enhance]     received 1400 coefficient vectors of size 238...
2023-02-26 18:05:26,204 INFO [src.cryo_signal_enhance]     Preparing starfile in the correct format...
2023-02-26 18:05:26,300 INFO [src.cryo_signal_enhance]     adding phase-flip to pipeline...
2023-02-26 18:05:26,302 INFO [src.cryo_signal_enhance]     adding downsample to pipeline (28->28)...
2023-02-26 18:05:26,845 INFO [src.cryo_signal_enhance]     estimating white noise...
2023-02-26 18:05:26,878 INFO [src.cryo_signal_enhance]     adding whiten to pipeline...
2023-02-26 18:05:27,449 INFO [src.cryo_signal_enhance]     received 1400 coefficient vectors of size 238...
2023-02-26 18:07:48,797 INFO [src.cryo_signal_enhance]     Preparing starfile in the correct format...
2023-02-26 18:07:48,891 INFO [src.cryo_signal_enhance]     adding phase-flip to pipeline...
2023-02-26 18:07:48,897 INFO [src.cryo_signal_enhance]     adding downsample to pipeline (28->28)...
2023-02-26 18:07:49,442 INFO [src.cryo_signal_enhance]     estimating white noise...
2023-02-26 18:07:49,464 INFO [src.cryo_signal_enhance]     adding whiten to pipeline...
2023-02-26 18:07:50,039 INFO [src.cryo_signal_enhance]     received 1400 coefficient vectors of size 238...
2023-02-26 18:09:49,148 INFO [src.cryo_signal_enhance]     Preparing starfile in the correct format...
2023-02-26 18:09:49,242 INFO [src.cryo_signal_enhance]     adding phase-flip to pipeline...
2023-02-26 18:09:49,245 INFO [src.cryo_signal_enhance]     adding downsample to pipeline (28->28)...
2023-02-26 18:09:49,855 INFO [src.cryo_signal_enhance]     estimating white noise...
2023-02-26 18:09:49,880 INFO [src.cryo_signal_enhance]     adding whiten to pipeline...
2023-02-26 18:09:50,407 INFO [src.cryo_signal_enhance]     received 1401 coefficient vectors of size 238...
