2023-03-02 15:50:29,279 DEBUG [root] ASPIRE configuration directory is /home/yoavharlap/.config/ASPIRE
2023-03-02 15:50:29,280 DEBUG [root] ASPIRE configuration resolution details [({'logging': {'log_dir': '/scratch/home/yoavharlap/PycharmProjects/graphCryo/logs'}}, ConfigSource(<super: <class 'ConfigSource'>, <ConfigSource object>>, None, False, False)), ({}, ConfigSource(<super: <class 'ConfigSource'>, <YamlSource object>>, '/home/yoavharlap/.config/ASPIRE/config.yaml', False, False)), ({'version': '0.10.1', 'common': OrderedDict([('numeric', 'numpy'), ('fft', 'pyfftw')]), 'logging': OrderedDict([('log_dir', 'logs'), ('log_exceptions', 1), ('tqdm_disable', False), ('console_level', 'INFO'), ('log_file_level', 'DEBUG'), ('log_prefix', 'aspire')]), 'nufft': OrderedDict([('backends', ['cufinufft', 'finufft', 'pynfft'])]), 'ray': OrderedDict([('temp_dir', '/tmp/ray')])}, ConfigSource(<super: <class 'ConfigSource'>, <YamlSource object>>, '/home/yoavharlap/.local/lib/python3.8/site-packages/aspire/config_default.yaml', True, False))]
2023-03-02 15:50:29,281 DEBUG [root] Resolved config.yaml:

logging:
    log_dir: /scratch/home/yoavharlap/PycharmProjects/graphCryo/logs
    log_exceptions: 1
    tqdm_disable: no
    console_level: INFO
    log_file_level: DEBUG
    log_prefix: aspire
version: 0.10.1
common:
    numeric: numpy
    fft: pyfftw

nufft:
    backends: [cufinufft, finufft, pynfft]

ray:
    temp_dir: /tmp/ray


2023-03-02 15:50:32,247 INFO [aspire.volume.volume] /scratch/guysharon/Work/datafiles/volrefs/emd_2660.map with dtype float32 loaded as <class 'numpy.float64'>
2023-03-02 15:50:32,382 INFO [__main__] Original volume map data shape: (1, 360, 360, 360) dtype:float64
2023-03-02 15:51:10,338 INFO [aspire.volume.volume] /scratch/guysharon/Work/datafiles/volrefs/emd_2660.map with dtype float32 loaded as <class 'numpy.float64'>
2023-03-02 15:51:10,474 INFO [__main__] Original volume map data shape: (1, 360, 360, 360) dtype:float64
2023-03-02 15:51:11,681 INFO [__main__] Initialize CTF filters.
2023-03-02 15:51:11,686 INFO [aspire.source.image] Creating Simulation with 1402 images.
2023-03-02 15:51:11,706 INFO [aspire.source.image] save metadata into STAR file
2023-03-02 15:51:11,727 INFO [aspire.storage.starfile] Created StarFile with blocks: 
2023-03-02 15:51:11,736 INFO [aspire.source.image] save images into MRCS file
2023-03-02 15:51:11,781 INFO [aspire.source.image] Saving ImageSource[0-1401] to /home/yoavharlap/work/starfile_0_1401.mrcs
2023-03-02 15:51:11,820 DEBUG [aspire.nufft] nufft passed real_type for signal, converting
2023-03-02 15:51:11,820 INFO [aspire.nufft] Trying NFFT backend cufinufft
2023-03-02 15:51:11,823 INFO [aspire.nufft] NFFT backend cufinufft not usable:
	No module named 'pycuda'
2023-03-02 15:51:11,824 INFO [aspire.nufft] Trying NFFT backend finufft
2023-03-02 15:51:11,831 INFO [aspire.nufft] NFFT backend finufft usable.
2023-03-02 15:51:11,832 INFO [aspire.nufft] Trying NFFT backend pynfft
2023-03-02 15:51:11,834 INFO [aspire.nufft] NFFT backend pynfft not usable:
	No module named 'pynfft'
2023-03-02 15:51:11,835 INFO [aspire.nufft] Selected NFFT backend = finufft.
2023-03-02 15:51:12,448 DEBUG [aspire.image.xform] Applying forward transformations in pipeline
2023-03-02 15:51:12,449 DEBUG [aspire.image.xform] All forward transformations applied
2023-03-02 15:51:13,069 INFO [src.cryo_signal_enhance]     Preparing starfile in the correct format...
2023-03-02 15:51:13,156 INFO [src.cryo_signal_enhance]     adding phase-flip to pipeline...
2023-03-02 15:51:13,160 INFO [src.cryo_signal_enhance]     adding downsample to pipeline (28->28)...
2023-03-02 15:51:13,657 INFO [src.cryo_signal_enhance]     estimating white noise...
2023-03-02 15:51:13,679 INFO [src.cryo_signal_enhance]     adding whiten to pipeline...
2023-03-02 15:51:16,114 INFO [src.cryo_signal_enhance]     received 1402 coefficient vectors of size 238...
2023-03-02 16:00:59,173 INFO [src.cryo_signal_enhance]     Preparing starfile in the correct format...
2023-03-02 16:00:59,383 INFO [src.cryo_signal_enhance]     adding phase-flip to pipeline...
2023-03-02 16:00:59,390 INFO [src.cryo_signal_enhance]     adding downsample to pipeline (28->28)...
2023-03-02 16:01:00,586 INFO [src.cryo_signal_enhance]     estimating white noise...
2023-03-02 16:01:00,615 INFO [src.cryo_signal_enhance]     adding whiten to pipeline...
2023-03-02 16:10:29,701 INFO [src.cryo_signal_enhance]     Preparing starfile in the correct format...
2023-03-02 16:10:29,787 INFO [src.cryo_signal_enhance]     adding phase-flip to pipeline...
2023-03-02 16:10:29,790 INFO [src.cryo_signal_enhance]     adding downsample to pipeline (28->28)...
2023-03-02 16:10:30,307 INFO [src.cryo_signal_enhance]     estimating white noise...
2023-03-02 16:10:30,330 INFO [src.cryo_signal_enhance]     adding whiten to pipeline...
2023-03-02 16:10:30,900 INFO [src.cryo_signal_enhance]     received 1402 coefficient vectors of size 238...
