2023-01-30 12:15:51,327 DEBUG [root] ASPIRE configuration directory is /home/yoavharlap/.config/ASPIRE
2023-01-30 12:15:51,327 DEBUG [root] ASPIRE configuration resolution details [({'logging': {'log_dir': '/scratch/home/yoavharlap/PycharmProjects/graphCryo/logs'}}, ConfigSource(<super: <class 'ConfigSource'>, <ConfigSource object>>, None, False, False)), ({}, ConfigSource(<super: <class 'ConfigSource'>, <YamlSource object>>, '/home/yoavharlap/.config/ASPIRE/config.yaml', False, False)), ({'version': '0.10.1', 'common': OrderedDict([('numeric', 'numpy'), ('fft', 'pyfftw')]), 'logging': OrderedDict([('log_dir', 'logs'), ('log_exceptions', 1), ('tqdm_disable', False), ('console_level', 'INFO'), ('log_file_level', 'DEBUG'), ('log_prefix', 'aspire')]), 'nufft': OrderedDict([('backends', ['cufinufft', 'finufft', 'pynfft'])]), 'ray': OrderedDict([('temp_dir', '/tmp/ray')])}, ConfigSource(<super: <class 'ConfigSource'>, <YamlSource object>>, '/home/yoavharlap/.local/lib/python3.8/site-packages/aspire/config_default.yaml', True, False))]
2023-01-30 12:15:51,329 DEBUG [root] Resolved config.yaml:

logging:
    log_dir: /scratch/home/yoavharlap/PycharmProjects/graphCryo/logs
    log_exceptions: 1
    tqdm_disable: no
    console_level: INFO
    log_file_level: DEBUG
    log_prefix: aspire
version: 0.10.1
common:
    numeric: numpy
    fft: pyfftw

nufft:
    backends: [cufinufft, finufft, pynfft]

ray:
    temp_dir: /tmp/ray


2023-01-30 12:15:55,237 INFO [aspire.volume.volume] /scratch/guysharon/Work/datafiles/volrefs/emd_2660.map with dtype float32 loaded as <class 'numpy.float64'>
2023-01-30 12:15:55,380 INFO [__main__] Original volume map data shape: (1, 360, 360, 360) dtype:float64
2023-01-30 12:15:56,259 INFO [__main__] Initialize CTF filters.
2023-01-30 12:15:56,266 INFO [aspire.source.image] Creating Simulation with 100 images.
2023-01-30 12:15:56,297 INFO [aspire.source.simulation] Appending CustomNoiseAdder to generation pipeline
2023-01-30 12:15:56,299 INFO [aspire.source.image] save metadata into STAR file
2023-01-30 12:15:56,312 INFO [aspire.storage.starfile] Created StarFile with blocks: 
2023-01-30 12:15:56,320 INFO [aspire.source.image] save images into MRCS file
2023-01-30 12:15:56,525 INFO [aspire.source.image] Saving ImageSource[0-99] to /home/yoavharlap/work/starfile_0_99.mrcs
2023-01-30 12:15:56,615 DEBUG [aspire.nufft] nufft passed real_type for signal, converting
2023-01-30 12:15:56,659 INFO [aspire.nufft] Trying NFFT backend cufinufft
2023-01-30 12:15:56,664 INFO [aspire.nufft] NFFT backend cufinufft not usable:
	No module named 'pycuda'
2023-01-30 12:15:56,665 INFO [aspire.nufft] Trying NFFT backend finufft
2023-01-30 12:15:56,674 INFO [aspire.nufft] NFFT backend finufft usable.
2023-01-30 12:15:56,675 INFO [aspire.nufft] Trying NFFT backend pynfft
2023-01-30 12:15:56,676 INFO [aspire.nufft] NFFT backend pynfft not usable:
	No module named 'pynfft'
2023-01-30 12:15:56,677 INFO [aspire.nufft] Selected NFFT backend = finufft.
2023-01-30 12:16:00,357 DEBUG [aspire.image.xform] Applying forward transformations in pipeline
2023-01-30 12:16:00,358 DEBUG [aspire.image.xform] All forward transformations applied
