2023-03-12 22:31:08,643 DEBUG [root] ASPIRE configuration directory is /home/yoavharlap/.config/ASPIRE
2023-03-12 22:31:08,643 DEBUG [root] ASPIRE configuration resolution details [({'logging': {'log_dir': '/scratch/home/yoavharlap/PycharmProjects/graphCryo/logs'}}, ConfigSource(<super: <class 'ConfigSource'>, <ConfigSource object>>, None, False, False)), ({}, ConfigSource(<super: <class 'ConfigSource'>, <YamlSource object>>, '/home/yoavharlap/.config/ASPIRE/config.yaml', False, False)), ({'version': '0.10.1', 'common': OrderedDict([('numeric', 'numpy'), ('fft', 'pyfftw')]), 'logging': OrderedDict([('log_dir', 'logs'), ('log_exceptions', 1), ('tqdm_disable', False), ('console_level', 'INFO'), ('log_file_level', 'DEBUG'), ('log_prefix', 'aspire')]), 'nufft': OrderedDict([('backends', ['cufinufft', 'finufft', 'pynfft'])]), 'ray': OrderedDict([('temp_dir', '/tmp/ray')])}, ConfigSource(<super: <class 'ConfigSource'>, <YamlSource object>>, '/home/yoavharlap/.local/lib/python3.8/site-packages/aspire/config_default.yaml', True, False))]
2023-03-12 22:31:08,652 DEBUG [root] Resolved config.yaml:

logging:
    log_dir: /scratch/home/yoavharlap/PycharmProjects/graphCryo/logs
    log_exceptions: 1
    tqdm_disable: no
    console_level: INFO
    log_file_level: DEBUG
    log_prefix: aspire
version: 0.10.1
common:
    numeric: numpy
    fft: pyfftw

nufft:
    backends: [cufinufft, finufft, pynfft]

ray:
    temp_dir: /tmp/ray


2023-03-12 22:32:03,634 INFO [aspire.volume.volume] /scratch/guysharon/Work/datafiles/volrefs/emd_2660.map with dtype float32 loaded as <class 'numpy.float64'>
2023-03-12 22:32:03,775 INFO [__main__] Original volume map data shape: (1, 360, 360, 360) dtype:float64
2023-03-12 22:32:50,127 INFO [__main__] Initialize CTF filters.
2023-03-12 22:32:50,136 INFO [aspire.source.image] Creating Simulation with 900 images.
2023-03-12 22:32:50,210 INFO [aspire.source.simulation] Appending CustomNoiseAdder to generation pipeline
2023-03-12 22:32:50,215 INFO [aspire.source.image] save metadata into STAR file
2023-03-12 22:32:50,249 INFO [aspire.storage.starfile] Created StarFile with blocks: 
2023-03-12 22:32:50,262 INFO [aspire.source.image] save images into MRCS file
2023-03-12 22:32:50,354 INFO [aspire.source.image] Saving ImageSource[0-899] to /home/yoavharlap/work/starfile_0_899.mrcs
2023-03-12 22:32:53,623 DEBUG [aspire.nufft] nufft passed real_type for signal, converting
2023-03-12 22:32:53,910 INFO [aspire.nufft] Trying NFFT backend cufinufft
2023-03-12 22:32:53,914 INFO [aspire.nufft] NFFT backend cufinufft not usable:
	No module named 'pycuda'
2023-03-12 22:32:53,915 INFO [aspire.nufft] Trying NFFT backend finufft
2023-03-12 22:32:53,927 INFO [aspire.nufft] NFFT backend finufft usable.
2023-03-12 22:32:53,929 INFO [aspire.nufft] Trying NFFT backend pynfft
2023-03-12 22:32:53,931 INFO [aspire.nufft] NFFT backend pynfft not usable:
	No module named 'pynfft'
2023-03-12 22:32:53,932 INFO [aspire.nufft] Selected NFFT backend = finufft.
2023-03-12 22:36:10,738 DEBUG [aspire.image.xform] Applying forward transformations in pipeline
2023-03-12 22:36:10,738 DEBUG [aspire.image.xform] All forward transformations applied
2023-03-12 22:36:21,839 INFO [src.cryo_signal_enhance]     Preparing starfile in the correct format...
2023-03-12 22:36:22,378 INFO [src.cryo_signal_enhance]     adding phase-flip to pipeline...
2023-03-12 22:36:22,392 INFO [src.cryo_signal_enhance]     adding downsample to pipeline (359->89)...
2023-03-12 22:37:05,875 INFO [src.cryo_signal_enhance]     received 900 coefficient vectors of size 1500...
2023-03-12 23:41:14,266 INFO [src.cryo_signal_enhance]     Preparing starfile in the correct format...
2023-03-12 23:41:14,699 INFO [src.cryo_signal_enhance]     adding phase-flip to pipeline...
2023-03-12 23:41:14,702 INFO [src.cryo_signal_enhance]     adding downsample to pipeline (359->89)...
2023-03-12 23:41:28,401 INFO [src.cryo_signal_enhance]     received 900 coefficient vectors of size 1500...
2023-03-12 23:46:49,840 INFO [src.cryo_signal_enhance]     Preparing starfile in the correct format...
2023-03-12 23:46:50,265 INFO [src.cryo_signal_enhance]     adding phase-flip to pipeline...
2023-03-12 23:46:50,268 INFO [src.cryo_signal_enhance]     adding downsample to pipeline (359->89)...
2023-03-12 23:47:04,312 INFO [src.cryo_signal_enhance]     received 900 coefficient vectors of size 1500...
2023-03-12 23:50:25,705 INFO [src.cryo_signal_enhance]     Preparing starfile in the correct format...
2023-03-12 23:50:26,148 INFO [src.cryo_signal_enhance]     adding phase-flip to pipeline...
2023-03-12 23:50:26,152 INFO [src.cryo_signal_enhance]     adding downsample to pipeline (359->89)...
2023-03-12 23:50:39,883 INFO [src.cryo_signal_enhance]     received 900 coefficient vectors of size 1500...
2023-03-12 23:55:12,883 INFO [src.cryo_signal_enhance]     Preparing starfile in the correct format...
2023-03-12 23:55:13,312 INFO [src.cryo_signal_enhance]     adding phase-flip to pipeline...
2023-03-12 23:55:13,316 INFO [src.cryo_signal_enhance]     adding downsample to pipeline (359->89)...
2023-03-12 23:55:26,903 INFO [src.cryo_signal_enhance]     received 900 coefficient vectors of size 1500...
2023-03-13 12:49:32,145 INFO [src.cryo_signal_enhance]     Preparing starfile in the correct format...
2023-03-13 12:49:32,592 INFO [src.cryo_signal_enhance]     adding phase-flip to pipeline...
2023-03-13 12:49:32,596 INFO [src.cryo_signal_enhance]     adding downsample to pipeline (359->89)...
2023-03-13 12:49:46,496 INFO [src.cryo_signal_enhance]     received 900 coefficient vectors of size 1500...
2023-03-13 18:11:29,670 INFO [src.cryo_signal_enhance]     Preparing starfile in the correct format...
2023-03-13 18:11:30,101 INFO [src.cryo_signal_enhance]     adding phase-flip to pipeline...
2023-03-13 18:11:30,105 INFO [src.cryo_signal_enhance]     adding downsample to pipeline (359->89)...
2023-03-13 18:11:44,125 INFO [src.cryo_signal_enhance]     received 900 coefficient vectors of size 1500...
2023-03-13 22:40:38,516 INFO [src.cryo_signal_enhance]     Preparing starfile in the correct format...
2023-03-13 22:40:39,005 INFO [src.cryo_signal_enhance]     adding phase-flip to pipeline...
2023-03-13 22:40:39,008 INFO [src.cryo_signal_enhance]     adding downsample to pipeline (359->89)...
2023-03-13 22:40:54,138 INFO [src.cryo_signal_enhance]     received 900 coefficient vectors of size 1500...
2023-03-13 23:01:26,603 INFO [src.cryo_signal_enhance]     Preparing starfile in the correct format...
2023-03-13 23:01:27,058 INFO [src.cryo_signal_enhance]     adding phase-flip to pipeline...
2023-03-13 23:01:27,062 INFO [src.cryo_signal_enhance]     adding downsample to pipeline (359->89)...
2023-03-13 23:01:42,506 INFO [src.cryo_signal_enhance]     received 900 coefficient vectors of size 1500...
2023-03-13 23:06:39,366 INFO [src.cryo_signal_enhance]     Preparing starfile in the correct format...
2023-03-13 23:06:39,794 INFO [src.cryo_signal_enhance]     adding phase-flip to pipeline...
2023-03-13 23:06:39,798 INFO [src.cryo_signal_enhance]     adding downsample to pipeline (359->89)...
2023-03-13 23:06:54,640 INFO [src.cryo_signal_enhance]     received 900 coefficient vectors of size 1500...
2023-03-13 23:11:23,184 INFO [src.cryo_signal_enhance]     Preparing starfile in the correct format...
2023-03-13 23:11:23,601 INFO [src.cryo_signal_enhance]     adding phase-flip to pipeline...
2023-03-13 23:11:23,606 INFO [src.cryo_signal_enhance]     adding downsample to pipeline (359->89)...
2023-03-13 23:11:38,256 INFO [src.cryo_signal_enhance]     received 900 coefficient vectors of size 1500...
2023-03-13 23:16:14,431 INFO [src.cryo_signal_enhance]     Preparing starfile in the correct format...
2023-03-13 23:16:14,859 INFO [src.cryo_signal_enhance]     adding phase-flip to pipeline...
2023-03-13 23:16:14,863 INFO [src.cryo_signal_enhance]     adding downsample to pipeline (359->89)...
2023-03-13 23:16:29,382 INFO [src.cryo_signal_enhance]     received 900 coefficient vectors of size 1500...
