2023-02-15 22:58:01,445 DEBUG [root] ASPIRE configuration directory is /home/yoavharlap/.config/ASPIRE
2023-02-15 22:58:01,445 DEBUG [root] ASPIRE configuration resolution details [({'logging': {'log_dir': '/scratch/home/yoavharlap/PycharmProjects/graphCryo/logs'}}, ConfigSource(<super: <class 'ConfigSource'>, <ConfigSource object>>, None, False, False)), ({}, ConfigSource(<super: <class 'ConfigSource'>, <YamlSource object>>, '/home/yoavharlap/.config/ASPIRE/config.yaml', False, False)), ({'version': '0.10.1', 'common': OrderedDict([('numeric', 'numpy'), ('fft', 'pyfftw')]), 'logging': OrderedDict([('log_dir', 'logs'), ('log_exceptions', 1), ('tqdm_disable', False), ('console_level', 'INFO'), ('log_file_level', 'DEBUG'), ('log_prefix', 'aspire')]), 'nufft': OrderedDict([('backends', ['cufinufft', 'finufft', 'pynfft'])]), 'ray': OrderedDict([('temp_dir', '/tmp/ray')])}, ConfigSource(<super: <class 'ConfigSource'>, <YamlSource object>>, '/home/yoavharlap/.local/lib/python3.8/site-packages/aspire/config_default.yaml', True, False))]
2023-02-15 22:58:01,447 DEBUG [root] Resolved config.yaml:

logging:
    log_dir: /scratch/home/yoavharlap/PycharmProjects/graphCryo/logs
    log_exceptions: 1
    tqdm_disable: no
    console_level: INFO
    log_file_level: DEBUG
    log_prefix: aspire
version: 0.10.1
common:
    numeric: numpy
    fft: pyfftw

nufft:
    backends: [cufinufft, finufft, pynfft]

ray:
    temp_dir: /tmp/ray


2023-02-15 22:58:05,751 INFO [aspire.volume.volume] /scratch/guysharon/Work/datafiles/volrefs/emd_2660.map with dtype float32 loaded as <class 'numpy.float64'>
2023-02-15 22:58:05,921 INFO [__main__] Original volume map data shape: (1, 360, 360, 360) dtype:float64
2023-02-15 22:58:23,732 INFO [__main__] Initialize CTF filters.
2023-02-15 22:58:23,737 INFO [aspire.source.image] Creating Simulation with 400 images.
2023-02-15 22:58:23,760 INFO [aspire.source.simulation] Appending CustomNoiseAdder to generation pipeline
2023-02-15 22:58:23,763 INFO [aspire.source.image] save metadata into STAR file
2023-02-15 22:58:23,784 INFO [aspire.storage.starfile] Created StarFile with blocks: 
2023-02-15 22:58:23,790 INFO [aspire.source.image] save images into MRCS file
2023-02-15 22:58:23,833 INFO [aspire.source.image] Saving ImageSource[0-399] to /home/yoavharlap/work/starfile_0_399.mrcs
2023-02-15 22:58:23,851 DEBUG [aspire.nufft] nufft passed real_type for signal, converting
2023-02-15 22:58:23,852 INFO [aspire.nufft] Trying NFFT backend cufinufft
2023-02-15 22:58:23,855 INFO [aspire.nufft] NFFT backend cufinufft not usable:
	No module named 'pycuda'
2023-02-15 22:58:23,857 INFO [aspire.nufft] Trying NFFT backend finufft
2023-02-15 22:58:23,865 INFO [aspire.nufft] NFFT backend finufft usable.
2023-02-15 22:58:23,866 INFO [aspire.nufft] Trying NFFT backend pynfft
2023-02-15 22:58:23,868 INFO [aspire.nufft] NFFT backend pynfft not usable:
	No module named 'pynfft'
2023-02-15 22:58:23,869 INFO [aspire.nufft] Selected NFFT backend = finufft.
2023-02-15 22:58:28,368 DEBUG [aspire.image.xform] Applying forward transformations in pipeline
2023-02-15 22:58:28,369 DEBUG [aspire.image.xform] All forward transformations applied
2023-02-15 22:58:28,865 INFO [src.cryo_signal_enhance]     Preparing starfile in the correct format...
2023-02-15 22:58:28,907 INFO [src.cryo_signal_enhance]     adding phase-flip to pipeline...
2023-02-15 22:58:28,912 INFO [src.cryo_signal_enhance]     adding downsample to pipeline (28->28)...
2023-02-15 22:58:29,174 INFO [src.cryo_signal_enhance]     estimating white noise...
2023-02-15 22:58:29,192 INFO [src.cryo_signal_enhance]     adding whiten to pipeline...
2023-02-15 22:58:31,666 INFO [src.cryo_signal_enhance]     received 400 coefficient vectors of size 238...
2023-02-15 23:12:35,322 INFO [src.cryo_signal_enhance]     Preparing starfile in the correct format...
2023-02-15 23:12:35,382 INFO [src.cryo_signal_enhance]     adding phase-flip to pipeline...
2023-02-15 23:12:35,384 INFO [src.cryo_signal_enhance]     adding downsample to pipeline (28->28)...
2023-02-15 23:12:35,629 INFO [src.cryo_signal_enhance]     estimating white noise...
2023-02-15 23:12:35,646 INFO [src.cryo_signal_enhance]     adding whiten to pipeline...
2023-02-15 23:12:36,445 INFO [src.cryo_signal_enhance]     received 400 coefficient vectors of size 238...
2023-02-15 23:13:54,319 INFO [src.cryo_signal_enhance]     Preparing starfile in the correct format...
2023-02-15 23:13:54,362 INFO [src.cryo_signal_enhance]     adding phase-flip to pipeline...
2023-02-15 23:13:54,365 INFO [src.cryo_signal_enhance]     adding downsample to pipeline (28->28)...
2023-02-15 23:13:54,591 INFO [src.cryo_signal_enhance]     estimating white noise...
2023-02-15 23:13:54,616 INFO [src.cryo_signal_enhance]     adding whiten to pipeline...
2023-02-15 23:13:55,176 INFO [src.cryo_signal_enhance]     received 400 coefficient vectors of size 238...
2023-02-15 23:14:52,836 INFO [src.cryo_signal_enhance]     Preparing starfile in the correct format...
2023-02-15 23:14:52,880 INFO [src.cryo_signal_enhance]     adding phase-flip to pipeline...
2023-02-15 23:14:52,885 INFO [src.cryo_signal_enhance]     adding downsample to pipeline (28->28)...
2023-02-15 23:14:53,115 INFO [src.cryo_signal_enhance]     estimating white noise...
2023-02-15 23:14:53,132 INFO [src.cryo_signal_enhance]     adding whiten to pipeline...
2023-02-15 23:14:53,587 INFO [src.cryo_signal_enhance]     received 400 coefficient vectors of size 238...
2023-02-15 23:16:00,545 INFO [src.cryo_signal_enhance]     Preparing starfile in the correct format...
2023-02-15 23:16:00,615 INFO [src.cryo_signal_enhance]     adding phase-flip to pipeline...
2023-02-15 23:16:00,621 INFO [src.cryo_signal_enhance]     adding downsample to pipeline (28->28)...
2023-02-15 23:16:00,859 INFO [src.cryo_signal_enhance]     estimating white noise...
2023-02-15 23:16:00,876 INFO [src.cryo_signal_enhance]     adding whiten to pipeline...
2023-02-15 23:16:01,453 INFO [src.cryo_signal_enhance]     received 400 coefficient vectors of size 238...
