2023-03-03 15:46:30,882 DEBUG [root] ASPIRE configuration directory is /home/yoavharlap/.config/ASPIRE
2023-03-03 15:46:30,882 DEBUG [root] ASPIRE configuration resolution details [({'logging': {'log_dir': '/scratch/home/yoavharlap/PycharmProjects/graphCryo/logs'}}, ConfigSource(<super: <class 'ConfigSource'>, <ConfigSource object>>, None, False, False)), ({}, ConfigSource(<super: <class 'ConfigSource'>, <YamlSource object>>, '/home/yoavharlap/.config/ASPIRE/config.yaml', False, False)), ({'version': '0.10.1', 'common': OrderedDict([('numeric', 'numpy'), ('fft', 'pyfftw')]), 'logging': OrderedDict([('log_dir', 'logs'), ('log_exceptions', 1), ('tqdm_disable', False), ('console_level', 'INFO'), ('log_file_level', 'DEBUG'), ('log_prefix', 'aspire')]), 'nufft': OrderedDict([('backends', ['cufinufft', 'finufft', 'pynfft'])]), 'ray': OrderedDict([('temp_dir', '/tmp/ray')])}, ConfigSource(<super: <class 'ConfigSource'>, <YamlSource object>>, '/home/yoavharlap/.local/lib/python3.8/site-packages/aspire/config_default.yaml', True, False))]
2023-03-03 15:46:30,883 DEBUG [root] Resolved config.yaml:

logging:
    log_dir: /scratch/home/yoavharlap/PycharmProjects/graphCryo/logs
    log_exceptions: 1
    tqdm_disable: no
    console_level: INFO
    log_file_level: DEBUG
    log_prefix: aspire
version: 0.10.1
common:
    numeric: numpy
    fft: pyfftw

nufft:
    backends: [cufinufft, finufft, pynfft]

ray:
    temp_dir: /tmp/ray


2023-03-03 15:46:33,914 INFO [aspire.volume.volume] /scratch/guysharon/Work/datafiles/volrefs/emd_2660.map with dtype float32 loaded as <class 'numpy.float64'>
2023-03-03 15:46:34,047 INFO [__main__] Original volume map data shape: (1, 360, 360, 360) dtype:float64
2023-03-03 15:46:48,840 INFO [__main__] Initialize CTF filters.
2023-03-03 15:46:48,844 INFO [aspire.source.image] Creating Simulation with 1401 images.
2023-03-03 15:46:48,863 INFO [aspire.source.simulation] Appending CustomNoiseAdder to generation pipeline
2023-03-03 15:46:48,865 INFO [aspire.source.image] save metadata into STAR file
2023-03-03 15:46:48,885 INFO [aspire.storage.starfile] Created StarFile with blocks: 
2023-03-03 15:46:48,894 INFO [aspire.source.image] save images into MRCS file
2023-03-03 15:46:48,962 INFO [aspire.source.image] Saving ImageSource[0-1400] to /home/yoavharlap/work/starfile_0_1400.mrcs
2023-03-03 15:46:49,000 DEBUG [aspire.nufft] nufft passed real_type for signal, converting
2023-03-03 15:46:49,001 INFO [aspire.nufft] Trying NFFT backend cufinufft
2023-03-03 15:46:49,003 INFO [aspire.nufft] NFFT backend cufinufft not usable:
	No module named 'pycuda'
2023-03-03 15:46:49,004 INFO [aspire.nufft] Trying NFFT backend finufft
2023-03-03 15:46:49,010 INFO [aspire.nufft] NFFT backend finufft usable.
2023-03-03 15:46:49,011 INFO [aspire.nufft] Trying NFFT backend pynfft
2023-03-03 15:46:49,013 INFO [aspire.nufft] NFFT backend pynfft not usable:
	No module named 'pynfft'
2023-03-03 15:46:49,014 INFO [aspire.nufft] Selected NFFT backend = finufft.
2023-03-03 15:46:58,238 DEBUG [aspire.image.xform] Applying forward transformations in pipeline
2023-03-03 15:46:58,238 DEBUG [aspire.image.xform] All forward transformations applied
2023-03-03 15:46:58,788 INFO [src.cryo_signal_enhance]     Preparing starfile in the correct format...
2023-03-03 15:46:58,880 INFO [src.cryo_signal_enhance]     adding phase-flip to pipeline...
2023-03-03 15:46:58,883 INFO [src.cryo_signal_enhance]     adding downsample to pipeline (28->28)...
2023-03-03 15:46:59,343 INFO [src.cryo_signal_enhance]     estimating white noise...
2023-03-03 15:46:59,367 INFO [src.cryo_signal_enhance]     adding whiten to pipeline...
2023-03-03 15:47:01,680 INFO [src.cryo_signal_enhance]     received 1401 coefficient vectors of size 238...
2023-03-03 15:47:17,057 INFO [src.cryo_signal_enhance]     Preparing starfile in the correct format...
2023-03-03 15:47:17,091 INFO [src.cryo_signal_enhance]     adding phase-flip to pipeline...
2023-03-03 15:47:17,093 INFO [src.cryo_signal_enhance]     adding downsample to pipeline (28->28)...
2023-03-03 15:47:17,245 INFO [src.cryo_signal_enhance]     estimating white noise...
2023-03-03 15:47:17,257 INFO [src.cryo_signal_enhance]     adding whiten to pipeline...
2023-03-03 15:47:17,640 INFO [src.cryo_signal_enhance]     received 400 coefficient vectors of size 238...
2023-03-03 15:47:54,978 INFO [src.cryo_signal_enhance]     Preparing starfile in the correct format...
2023-03-03 15:47:55,012 INFO [src.cryo_signal_enhance]     adding phase-flip to pipeline...
2023-03-03 15:47:55,014 INFO [src.cryo_signal_enhance]     adding downsample to pipeline (28->28)...
2023-03-03 15:47:55,174 INFO [src.cryo_signal_enhance]     estimating white noise...
2023-03-03 15:47:55,187 INFO [src.cryo_signal_enhance]     adding whiten to pipeline...
2023-03-03 15:47:55,572 INFO [src.cryo_signal_enhance]     received 400 coefficient vectors of size 238...
2023-03-03 16:33:46,970 INFO [src.cryo_signal_enhance]     Preparing starfile in the correct format...
2023-03-03 16:33:47,005 INFO [src.cryo_signal_enhance]     adding phase-flip to pipeline...
2023-03-03 16:33:47,007 INFO [src.cryo_signal_enhance]     adding downsample to pipeline (28->28)...
2023-03-03 16:33:47,166 INFO [src.cryo_signal_enhance]     estimating white noise...
2023-03-03 16:33:47,178 INFO [src.cryo_signal_enhance]     adding whiten to pipeline...
2023-03-03 16:33:47,613 INFO [src.cryo_signal_enhance]     received 400 coefficient vectors of size 238...
2023-03-03 16:56:33,950 INFO [src.cryo_signal_enhance]     Preparing starfile in the correct format...
2023-03-03 16:56:33,985 INFO [src.cryo_signal_enhance]     adding phase-flip to pipeline...
2023-03-03 16:56:33,987 INFO [src.cryo_signal_enhance]     adding downsample to pipeline (28->28)...
2023-03-03 16:56:34,188 INFO [src.cryo_signal_enhance]     estimating white noise...
2023-03-03 16:56:34,200 INFO [src.cryo_signal_enhance]     adding whiten to pipeline...
2023-03-03 16:56:34,553 INFO [src.cryo_signal_enhance]     received 400 coefficient vectors of size 238...
2023-03-03 16:58:04,065 INFO [src.cryo_signal_enhance]     Preparing starfile in the correct format...
2023-03-03 16:58:04,127 INFO [src.cryo_signal_enhance]     adding phase-flip to pipeline...
2023-03-03 16:58:04,130 INFO [src.cryo_signal_enhance]     adding downsample to pipeline (28->28)...
2023-03-03 16:58:04,329 INFO [src.cryo_signal_enhance]     estimating white noise...
2023-03-03 16:58:04,342 INFO [src.cryo_signal_enhance]     adding whiten to pipeline...
2023-03-03 16:58:04,842 INFO [src.cryo_signal_enhance]     received 400 coefficient vectors of size 238...
2023-03-03 16:58:35,596 INFO [src.cryo_signal_enhance]     Preparing starfile in the correct format...
2023-03-03 16:58:35,636 INFO [src.cryo_signal_enhance]     adding phase-flip to pipeline...
2023-03-03 16:58:35,639 INFO [src.cryo_signal_enhance]     adding downsample to pipeline (28->28)...
2023-03-03 16:58:35,889 INFO [src.cryo_signal_enhance]     estimating white noise...
2023-03-03 16:58:35,904 INFO [src.cryo_signal_enhance]     adding whiten to pipeline...
2023-03-03 16:58:36,311 INFO [src.cryo_signal_enhance]     received 400 coefficient vectors of size 238...
2023-03-03 16:59:08,891 INFO [src.cryo_signal_enhance]     Preparing starfile in the correct format...
2023-03-03 16:59:08,931 INFO [src.cryo_signal_enhance]     adding phase-flip to pipeline...
2023-03-03 16:59:08,934 INFO [src.cryo_signal_enhance]     adding downsample to pipeline (28->28)...
2023-03-03 16:59:09,128 INFO [src.cryo_signal_enhance]     estimating white noise...
2023-03-03 16:59:09,143 INFO [src.cryo_signal_enhance]     adding whiten to pipeline...
2023-03-03 16:59:09,576 INFO [src.cryo_signal_enhance]     received 400 coefficient vectors of size 238...
2023-03-03 16:59:41,533 INFO [src.cryo_signal_enhance]     Preparing starfile in the correct format...
2023-03-03 16:59:41,572 INFO [src.cryo_signal_enhance]     adding phase-flip to pipeline...
2023-03-03 16:59:41,575 INFO [src.cryo_signal_enhance]     adding downsample to pipeline (28->28)...
2023-03-03 16:59:41,774 INFO [src.cryo_signal_enhance]     estimating white noise...
2023-03-03 16:59:41,788 INFO [src.cryo_signal_enhance]     adding whiten to pipeline...
2023-03-03 16:59:42,214 INFO [src.cryo_signal_enhance]     received 400 coefficient vectors of size 238...
2023-03-03 17:02:14,609 INFO [src.cryo_signal_enhance]     Preparing starfile in the correct format...
2023-03-03 17:02:14,624 INFO [src.cryo_signal_enhance]     adding phase-flip to pipeline...
2023-03-03 17:02:14,627 INFO [src.cryo_signal_enhance]     adding downsample to pipeline (28->28)...
2023-03-03 17:02:14,729 INFO [src.cryo_signal_enhance]     estimating white noise...
2023-03-03 17:02:14,739 INFO [src.cryo_signal_enhance]     adding whiten to pipeline...
2023-03-03 17:02:15,043 INFO [src.cryo_signal_enhance]     received 4 coefficient vectors of size 238...
2023-03-03 17:12:31,183 INFO [src.cryo_signal_enhance]     Preparing starfile in the correct format...
2023-03-03 17:12:31,198 INFO [src.cryo_signal_enhance]     adding phase-flip to pipeline...
2023-03-03 17:12:31,200 INFO [src.cryo_signal_enhance]     adding downsample to pipeline (28->28)...
2023-03-03 17:12:31,238 INFO [src.cryo_signal_enhance]     estimating white noise...
2023-03-03 17:12:31,253 INFO [src.cryo_signal_enhance]     adding whiten to pipeline...
2023-03-03 17:12:31,619 INFO [src.cryo_signal_enhance]     received 4 coefficient vectors of size 238...
2023-03-03 17:17:27,539 INFO [src.cryo_signal_enhance]     Preparing starfile in the correct format...
2023-03-03 17:17:27,554 INFO [src.cryo_signal_enhance]     adding phase-flip to pipeline...
2023-03-03 17:17:27,557 INFO [src.cryo_signal_enhance]     adding downsample to pipeline (28->28)...
2023-03-03 17:17:27,601 INFO [src.cryo_signal_enhance]     estimating white noise...
2023-03-03 17:17:27,613 INFO [src.cryo_signal_enhance]     adding whiten to pipeline...
2023-03-03 17:17:28,013 INFO [src.cryo_signal_enhance]     received 4 coefficient vectors of size 238...
