2023-02-15 14:24:08,229 DEBUG [root] ASPIRE configuration directory is /home/yoavharlap/.config/ASPIRE
2023-02-15 14:24:08,229 DEBUG [root] ASPIRE configuration resolution details [({'logging': {'log_dir': '/scratch/home/yoavharlap/PycharmProjects/graphCryo/logs'}}, ConfigSource(<super: <class 'ConfigSource'>, <ConfigSource object>>, None, False, False)), ({}, ConfigSource(<super: <class 'ConfigSource'>, <YamlSource object>>, '/home/yoavharlap/.config/ASPIRE/config.yaml', False, False)), ({'version': '0.10.1', 'common': OrderedDict([('numeric', 'numpy'), ('fft', 'pyfftw')]), 'logging': OrderedDict([('log_dir', 'logs'), ('log_exceptions', 1), ('tqdm_disable', False), ('console_level', 'INFO'), ('log_file_level', 'DEBUG'), ('log_prefix', 'aspire')]), 'nufft': OrderedDict([('backends', ['cufinufft', 'finufft', 'pynfft'])]), 'ray': OrderedDict([('temp_dir', '/tmp/ray')])}, ConfigSource(<super: <class 'ConfigSource'>, <YamlSource object>>, '/home/yoavharlap/.local/lib/python3.8/site-packages/aspire/config_default.yaml', True, False))]
2023-02-15 14:24:08,232 DEBUG [root] Resolved config.yaml:

logging:
    log_dir: /scratch/home/yoavharlap/PycharmProjects/graphCryo/logs
    log_exceptions: 1
    tqdm_disable: no
    console_level: INFO
    log_file_level: DEBUG
    log_prefix: aspire
version: 0.10.1
common:
    numeric: numpy
    fft: pyfftw

nufft:
    backends: [cufinufft, finufft, pynfft]

ray:
    temp_dir: /tmp/ray


2023-02-15 14:24:12,778 INFO [aspire.volume.volume] /scratch/guysharon/Work/datafiles/volrefs/emd_2660.map with dtype float32 loaded as <class 'numpy.float64'>
2023-02-15 14:24:12,954 INFO [__main__] Original volume map data shape: (1, 360, 360, 360) dtype:float64
2023-02-15 14:24:32,710 INFO [__main__] Initialize CTF filters.
2023-02-15 14:24:32,724 INFO [aspire.source.image] Creating Simulation with 5000 images.
2023-02-15 14:24:32,815 INFO [aspire.source.simulation] Appending CustomNoiseAdder to generation pipeline
2023-02-15 14:24:32,817 INFO [aspire.source.image] save metadata into STAR file
2023-02-15 14:24:33,044 INFO [aspire.storage.starfile] Created StarFile with blocks: 
2023-02-15 14:24:33,079 INFO [aspire.source.image] save images into MRCS file
2023-02-15 14:24:33,133 INFO [aspire.source.image] Saving ImageSource[0-4999] to /home/yoavharlap/work/starfile_0_4999.mrcs
2023-02-15 14:24:33,278 DEBUG [aspire.nufft] nufft passed real_type for signal, converting
2023-02-15 14:24:33,278 INFO [aspire.nufft] Trying NFFT backend cufinufft
2023-02-15 14:24:33,282 INFO [aspire.nufft] NFFT backend cufinufft not usable:
	No module named 'pycuda'
2023-02-15 14:24:33,283 INFO [aspire.nufft] Trying NFFT backend finufft
2023-02-15 14:24:33,338 INFO [aspire.nufft] NFFT backend finufft usable.
2023-02-15 14:24:33,339 INFO [aspire.nufft] Trying NFFT backend pynfft
2023-02-15 14:24:33,340 INFO [aspire.nufft] NFFT backend pynfft not usable:
	No module named 'pynfft'
2023-02-15 14:24:33,341 INFO [aspire.nufft] Selected NFFT backend = finufft.
2023-02-15 14:25:11,989 DEBUG [aspire.image.xform] Applying forward transformations in pipeline
2023-02-15 14:25:11,990 DEBUG [aspire.image.xform] All forward transformations applied
2023-02-15 14:25:14,367 INFO [src.cryo_signal_enhance]     Preparing starfile in the correct format...
2023-02-15 14:25:14,715 INFO [src.cryo_signal_enhance]     adding phase-flip to pipeline...
2023-02-15 14:25:14,719 INFO [src.cryo_signal_enhance]     adding downsample to pipeline (28->28)...
2023-02-15 14:25:16,749 INFO [src.cryo_signal_enhance]     estimating white noise...
2023-02-15 14:25:16,831 INFO [src.cryo_signal_enhance]     adding whiten to pipeline...
2023-02-15 14:25:23,262 INFO [src.cryo_signal_enhance]     received 5000 coefficient vectors of size 238...
2023-02-15 14:46:37,878 INFO [src.cryo_signal_enhance]     Preparing starfile in the correct format...
2023-02-15 14:46:38,374 INFO [src.cryo_signal_enhance]     adding phase-flip to pipeline...
2023-02-15 14:46:38,381 INFO [src.cryo_signal_enhance]     adding downsample to pipeline (28->28)...
2023-02-15 14:46:40,781 INFO [src.cryo_signal_enhance]     estimating white noise...
2023-02-15 14:46:40,865 INFO [src.cryo_signal_enhance]     adding whiten to pipeline...
2023-02-15 14:46:42,405 INFO [src.cryo_signal_enhance]     received 5000 coefficient vectors of size 238...
2023-02-15 14:48:17,434 INFO [src.cryo_signal_enhance]     Preparing starfile in the correct format...
2023-02-15 14:48:17,792 INFO [src.cryo_signal_enhance]     adding phase-flip to pipeline...
2023-02-15 14:48:17,800 INFO [src.cryo_signal_enhance]     adding downsample to pipeline (28->28)...
2023-02-15 14:48:20,345 INFO [src.cryo_signal_enhance]     estimating white noise...
2023-02-15 14:48:20,430 INFO [src.cryo_signal_enhance]     adding whiten to pipeline...
2023-02-15 14:48:22,017 INFO [src.cryo_signal_enhance]     received 5000 coefficient vectors of size 238...
2023-02-15 14:59:30,852 INFO [src.cryo_signal_enhance]     Preparing starfile in the correct format...
2023-02-15 14:59:31,167 INFO [src.cryo_signal_enhance]     adding phase-flip to pipeline...
2023-02-15 14:59:31,171 INFO [src.cryo_signal_enhance]     adding downsample to pipeline (28->28)...
2023-02-15 14:59:33,249 INFO [src.cryo_signal_enhance]     estimating white noise...
2023-02-15 14:59:33,332 INFO [src.cryo_signal_enhance]     adding whiten to pipeline...
2023-02-15 14:59:34,795 INFO [src.cryo_signal_enhance]     received 5000 coefficient vectors of size 238...
2023-02-15 15:03:05,138 INFO [src.cryo_signal_enhance]     Preparing starfile in the correct format...
2023-02-15 15:03:05,475 INFO [src.cryo_signal_enhance]     adding phase-flip to pipeline...
2023-02-15 15:03:05,478 INFO [src.cryo_signal_enhance]     adding downsample to pipeline (28->28)...
2023-02-15 15:03:07,540 INFO [src.cryo_signal_enhance]     estimating white noise...
2023-02-15 15:03:07,621 INFO [src.cryo_signal_enhance]     adding whiten to pipeline...
2023-02-15 15:03:09,113 INFO [src.cryo_signal_enhance]     received 5000 coefficient vectors of size 238...
2023-02-15 15:08:57,348 INFO [src.cryo_signal_enhance]     Preparing starfile in the correct format...
2023-02-15 15:08:57,724 INFO [src.cryo_signal_enhance]     adding phase-flip to pipeline...
2023-02-15 15:08:57,729 INFO [src.cryo_signal_enhance]     adding downsample to pipeline (28->28)...
2023-02-15 15:08:59,967 INFO [src.cryo_signal_enhance]     estimating white noise...
2023-02-15 15:09:00,052 INFO [src.cryo_signal_enhance]     adding whiten to pipeline...
2023-02-15 15:09:01,457 INFO [src.cryo_signal_enhance]     received 5000 coefficient vectors of size 238...
2023-02-15 15:49:51,112 INFO [src.cryo_signal_enhance]     Preparing starfile in the correct format...
2023-02-15 15:49:51,518 INFO [src.cryo_signal_enhance]     adding phase-flip to pipeline...
2023-02-15 15:49:51,523 INFO [src.cryo_signal_enhance]     adding downsample to pipeline (28->28)...
2023-02-15 15:49:53,802 INFO [src.cryo_signal_enhance]     estimating white noise...
2023-02-15 15:49:53,877 INFO [src.cryo_signal_enhance]     adding whiten to pipeline...
2023-02-15 15:49:55,432 INFO [src.cryo_signal_enhance]     received 5000 coefficient vectors of size 238...
2023-02-15 15:52:28,178 INFO [src.cryo_signal_enhance]     Preparing starfile in the correct format...
2023-02-15 15:52:28,535 INFO [src.cryo_signal_enhance]     adding phase-flip to pipeline...
2023-02-15 15:52:28,540 INFO [src.cryo_signal_enhance]     adding downsample to pipeline (28->28)...
2023-02-15 15:52:30,623 INFO [src.cryo_signal_enhance]     estimating white noise...
2023-02-15 15:52:30,702 INFO [src.cryo_signal_enhance]     adding whiten to pipeline...
2023-02-15 15:52:32,045 INFO [src.cryo_signal_enhance]     received 5000 coefficient vectors of size 238...
2023-02-15 16:10:17,419 INFO [src.cryo_signal_enhance]     Preparing starfile in the correct format...
2023-02-15 16:10:17,758 INFO [src.cryo_signal_enhance]     adding phase-flip to pipeline...
2023-02-15 16:10:17,762 INFO [src.cryo_signal_enhance]     adding downsample to pipeline (28->28)...
2023-02-15 16:10:19,776 INFO [src.cryo_signal_enhance]     estimating white noise...
2023-02-15 16:10:19,853 INFO [src.cryo_signal_enhance]     adding whiten to pipeline...
2023-02-15 16:10:21,269 INFO [src.cryo_signal_enhance]     received 5000 coefficient vectors of size 238...
2023-02-15 16:15:33,574 INFO [src.cryo_signal_enhance]     Preparing starfile in the correct format...
2023-02-15 16:15:33,936 INFO [src.cryo_signal_enhance]     adding phase-flip to pipeline...
2023-02-15 16:15:33,944 INFO [src.cryo_signal_enhance]     adding downsample to pipeline (28->28)...
2023-02-15 16:15:35,991 INFO [src.cryo_signal_enhance]     estimating white noise...
2023-02-15 16:15:36,078 INFO [src.cryo_signal_enhance]     adding whiten to pipeline...
2023-02-15 16:15:37,272 INFO [src.cryo_signal_enhance]     received 5000 coefficient vectors of size 238...
2023-02-15 16:17:11,696 INFO [src.cryo_signal_enhance]     Preparing starfile in the correct format...
2023-02-15 16:17:12,077 INFO [src.cryo_signal_enhance]     adding phase-flip to pipeline...
2023-02-15 16:17:12,083 INFO [src.cryo_signal_enhance]     adding downsample to pipeline (28->28)...
2023-02-15 16:17:14,177 INFO [src.cryo_signal_enhance]     estimating white noise...
2023-02-15 16:17:14,262 INFO [src.cryo_signal_enhance]     adding whiten to pipeline...
2023-02-15 16:17:15,472 INFO [src.cryo_signal_enhance]     received 5000 coefficient vectors of size 238...
2023-02-15 16:19:01,932 INFO [src.cryo_signal_enhance]     Preparing starfile in the correct format...
2023-02-15 16:19:02,424 INFO [src.cryo_signal_enhance]     adding phase-flip to pipeline...
2023-02-15 16:19:02,428 INFO [src.cryo_signal_enhance]     adding downsample to pipeline (28->28)...
2023-02-15 16:19:04,538 INFO [src.cryo_signal_enhance]     estimating white noise...
2023-02-15 16:19:04,622 INFO [src.cryo_signal_enhance]     adding whiten to pipeline...
2023-02-15 16:19:05,931 INFO [src.cryo_signal_enhance]     received 5000 coefficient vectors of size 238...
2023-02-15 16:20:55,686 INFO [src.cryo_signal_enhance]     Preparing starfile in the correct format...
2023-02-15 16:20:56,046 INFO [src.cryo_signal_enhance]     adding phase-flip to pipeline...
2023-02-15 16:20:56,050 INFO [src.cryo_signal_enhance]     adding downsample to pipeline (28->28)...
2023-02-15 16:20:58,206 INFO [src.cryo_signal_enhance]     estimating white noise...
2023-02-15 16:20:58,286 INFO [src.cryo_signal_enhance]     adding whiten to pipeline...
2023-02-15 16:20:59,529 INFO [src.cryo_signal_enhance]     received 5000 coefficient vectors of size 238...
2023-02-15 18:10:50,551 INFO [src.cryo_signal_enhance]     Preparing starfile in the correct format...
2023-02-15 18:10:51,019 INFO [src.cryo_signal_enhance]     adding phase-flip to pipeline...
2023-02-15 18:10:51,031 INFO [src.cryo_signal_enhance]     adding downsample to pipeline (28->28)...
2023-02-15 18:10:53,370 INFO [src.cryo_signal_enhance]     estimating white noise...
2023-02-15 18:10:53,480 INFO [src.cryo_signal_enhance]     adding whiten to pipeline...
2023-02-15 18:10:55,166 INFO [src.cryo_signal_enhance]     received 5000 coefficient vectors of size 238...
2023-02-15 18:12:24,524 INFO [src.cryo_signal_enhance]     Preparing starfile in the correct format...
2023-02-15 18:12:25,062 INFO [src.cryo_signal_enhance]     adding phase-flip to pipeline...
2023-02-15 18:12:25,066 INFO [src.cryo_signal_enhance]     adding downsample to pipeline (28->28)...
2023-02-15 18:12:27,010 INFO [src.cryo_signal_enhance]     estimating white noise...
2023-02-15 18:12:27,096 INFO [src.cryo_signal_enhance]     adding whiten to pipeline...
2023-02-15 18:12:28,686 INFO [src.cryo_signal_enhance]     received 5000 coefficient vectors of size 238...
