2023-03-15 11:41:58,244 DEBUG [root] ASPIRE configuration directory is /home/yoavharlap/.config/ASPIRE
2023-03-15 11:41:58,244 DEBUG [root] ASPIRE configuration resolution details [({'logging': {'log_dir': '/scratch/home/yoavharlap/PycharmProjects/graphCryo/logs'}}, ConfigSource(<super: <class 'ConfigSource'>, <ConfigSource object>>, None, False, False)), ({}, ConfigSource(<super: <class 'ConfigSource'>, <YamlSource object>>, '/home/yoavharlap/.config/ASPIRE/config.yaml', False, False)), ({'version': '0.10.1', 'common': OrderedDict([('numeric', 'numpy'), ('fft', 'pyfftw')]), 'logging': OrderedDict([('log_dir', 'logs'), ('log_exceptions', 1), ('tqdm_disable', False), ('console_level', 'INFO'), ('log_file_level', 'DEBUG'), ('log_prefix', 'aspire')]), 'nufft': OrderedDict([('backends', ['cufinufft', 'finufft', 'pynfft'])]), 'ray': OrderedDict([('temp_dir', '/tmp/ray')])}, ConfigSource(<super: <class 'ConfigSource'>, <YamlSource object>>, '/home/yoavharlap/.local/lib/python3.8/site-packages/aspire/config_default.yaml', True, False))]
2023-03-15 11:41:58,246 DEBUG [root] Resolved config.yaml:

logging:
    log_dir: /scratch/home/yoavharlap/PycharmProjects/graphCryo/logs
    log_exceptions: 1
    tqdm_disable: no
    console_level: INFO
    log_file_level: DEBUG
    log_prefix: aspire
version: 0.10.1
common:
    numeric: numpy
    fft: pyfftw

nufft:
    backends: [cufinufft, finufft, pynfft]

ray:
    temp_dir: /tmp/ray


2023-03-15 11:42:03,643 INFO [src.cryo_signal_enhance]     Preparing starfile in the correct format...
2023-03-15 11:42:04,213 INFO [src.cryo_signal_enhance]     adding phase-flip to pipeline...
2023-03-15 11:42:04,218 INFO [src.cryo_signal_enhance]     adding downsample to pipeline (359->89)...
2023-03-15 11:42:04,225 INFO [src.cryo_signal_enhance]     adding background normalization to pipeline...
2023-03-15 11:42:19,168 INFO [src.cryo_signal_enhance]     estimating white noise...
2023-03-15 11:42:19,471 INFO [src.cryo_signal_enhance]     adding whiten to pipeline...
2023-03-15 11:42:19,472 INFO [src.cryo_signal_enhance]     inverting contrast (global phase flip)...
2023-03-15 11:43:06,858 INFO [src.cryo_signal_enhance]     received 900 coefficient vectors of size 1500...
2023-03-15 11:47:58,120 INFO [src.cryo_signal_enhance]     Preparing starfile in the correct format...
2023-03-15 11:47:58,619 INFO [src.cryo_signal_enhance]     adding phase-flip to pipeline...
2023-03-15 11:47:58,622 INFO [src.cryo_signal_enhance]     adding downsample to pipeline (359->89)...
2023-03-15 11:48:16,744 INFO [src.cryo_signal_enhance]     received 900 coefficient vectors of size 1500...
2023-03-15 23:27:06,769 INFO [src.cryo_signal_enhance]     Preparing starfile in the correct format...
2023-03-15 23:27:07,206 INFO [src.cryo_signal_enhance]     adding phase-flip to pipeline...
2023-03-15 23:27:07,210 INFO [src.cryo_signal_enhance]     adding downsample to pipeline (359->359)...
2023-03-15 23:39:59,824 INFO [src.cryo_signal_enhance]     received 900 coefficient vectors of size 1500...
2023-03-16 00:07:52,806 INFO [src.cryo_signal_enhance]     Preparing starfile in the correct format...
2023-03-16 00:07:53,238 INFO [src.cryo_signal_enhance]     adding phase-flip to pipeline...
2023-03-16 00:07:53,242 INFO [src.cryo_signal_enhance]     adding downsample to pipeline (359->359)...
2023-03-16 00:16:29,890 INFO [src.cryo_signal_enhance]     Preparing starfile in the correct format...
2023-03-16 00:16:30,320 INFO [src.cryo_signal_enhance]     adding phase-flip to pipeline...
2023-03-16 00:16:30,324 INFO [src.cryo_signal_enhance]     adding downsample to pipeline (359->89)...
2023-03-16 00:16:44,893 INFO [src.cryo_signal_enhance]     received 900 coefficient vectors of size 1500...
2023-03-16 00:17:06,200 INFO [src.cryo_signal_enhance]     Preparing starfile in the correct format...
2023-03-16 00:17:06,631 INFO [src.cryo_signal_enhance]     adding phase-flip to pipeline...
2023-03-16 00:17:06,635 INFO [src.cryo_signal_enhance]     adding downsample to pipeline (359->359)...
2023-03-16 00:26:01,857 INFO [src.cryo_signal_enhance]     received 900 coefficient vectors of size 1500...
2023-03-16 00:57:24,583 INFO [src.cryo_signal_enhance]     Preparing starfile in the correct format...
2023-03-16 00:57:25,033 INFO [src.cryo_signal_enhance]     adding phase-flip to pipeline...
2023-03-16 00:57:25,037 INFO [src.cryo_signal_enhance]     adding downsample to pipeline (359->359)...
2023-03-16 01:07:15,455 INFO [src.cryo_signal_enhance]     received 900 coefficient vectors of size 1500...
2023-03-16 14:11:38,534 INFO [src.cryo_signal_enhance]     Preparing starfile in the correct format...
2023-03-16 14:11:39,006 INFO [src.cryo_signal_enhance]     adding phase-flip to pipeline...
2023-03-16 14:11:39,010 INFO [src.cryo_signal_enhance]     adding downsample to pipeline (359->359)...
2023-03-16 14:21:33,607 INFO [src.cryo_signal_enhance]     received 900 coefficient vectors of size 1500...
