2023-03-05 16:26:15,372 DEBUG [root] ASPIRE configuration directory is /home/yoavharlap/.config/ASPIRE
2023-03-05 16:26:15,372 DEBUG [root] ASPIRE configuration resolution details [({'logging': {'log_dir': '/scratch/home/yoavharlap/PycharmProjects/graphCryo/logs'}}, ConfigSource(<super: <class 'ConfigSource'>, <ConfigSource object>>, None, False, False)), ({}, ConfigSource(<super: <class 'ConfigSource'>, <YamlSource object>>, '/home/yoavharlap/.config/ASPIRE/config.yaml', False, False)), ({'version': '0.10.1', 'common': OrderedDict([('numeric', 'numpy'), ('fft', 'pyfftw')]), 'logging': OrderedDict([('log_dir', 'logs'), ('log_exceptions', 1), ('tqdm_disable', False), ('console_level', 'INFO'), ('log_file_level', 'DEBUG'), ('log_prefix', 'aspire')]), 'nufft': OrderedDict([('backends', ['cufinufft', 'finufft', 'pynfft'])]), 'ray': OrderedDict([('temp_dir', '/tmp/ray')])}, ConfigSource(<super: <class 'ConfigSource'>, <YamlSource object>>, '/home/yoavharlap/.local/lib/python3.8/site-packages/aspire/config_default.yaml', True, False))]
2023-03-05 16:26:15,374 DEBUG [root] Resolved config.yaml:

logging:
    log_dir: /scratch/home/yoavharlap/PycharmProjects/graphCryo/logs
    log_exceptions: 1
    tqdm_disable: no
    console_level: INFO
    log_file_level: DEBUG
    log_prefix: aspire
version: 0.10.1
common:
    numeric: numpy
    fft: pyfftw

nufft:
    backends: [cufinufft, finufft, pynfft]

ray:
    temp_dir: /tmp/ray


2023-03-05 16:26:18,347 INFO [aspire.volume.volume] /scratch/guysharon/Work/datafiles/volrefs/emd_2660.map with dtype float32 loaded as <class 'numpy.float64'>
2023-03-05 16:26:18,476 INFO [__main__] Original volume map data shape: (1, 360, 360, 360) dtype:float64
2023-03-05 16:26:40,955 INFO [__main__] Initialize CTF filters.
2023-03-05 16:26:40,959 INFO [aspire.source.image] Creating Simulation with 4 images.
2023-03-05 16:26:40,975 INFO [aspire.source.simulation] Appending CustomNoiseAdder to generation pipeline
2023-03-05 16:26:40,976 INFO [aspire.source.image] save metadata into STAR file
2023-03-05 16:26:40,981 INFO [aspire.storage.starfile] Created StarFile with blocks: 
2023-03-05 16:26:40,982 INFO [aspire.source.image] save images into MRCS file
2023-03-05 16:26:41,042 INFO [aspire.source.image] Saving ImageSource[0-3] to /home/yoavharlap/work/starfile_0_3.mrcs
2023-03-05 16:26:41,060 DEBUG [aspire.nufft] nufft passed real_type for signal, converting
2023-03-05 16:26:41,102 INFO [aspire.nufft] Trying NFFT backend cufinufft
2023-03-05 16:26:41,105 INFO [aspire.nufft] NFFT backend cufinufft not usable:
	No module named 'pycuda'
2023-03-05 16:26:41,106 INFO [aspire.nufft] Trying NFFT backend finufft
2023-03-05 16:26:41,112 INFO [aspire.nufft] NFFT backend finufft usable.
2023-03-05 16:26:41,113 INFO [aspire.nufft] Trying NFFT backend pynfft
2023-03-05 16:26:41,114 INFO [aspire.nufft] NFFT backend pynfft not usable:
	No module named 'pynfft'
2023-03-05 16:26:41,115 INFO [aspire.nufft] Selected NFFT backend = finufft.
2023-03-05 16:26:42,936 DEBUG [aspire.image.xform] Applying forward transformations in pipeline
2023-03-05 16:26:42,936 DEBUG [aspire.image.xform] All forward transformations applied
2023-03-05 16:26:43,080 INFO [src.cryo_signal_enhance]     Preparing starfile in the correct format...
2023-03-05 16:26:43,096 INFO [src.cryo_signal_enhance]     adding phase-flip to pipeline...
2023-03-05 16:26:43,098 INFO [src.cryo_signal_enhance]     adding downsample to pipeline (189->189)...
2023-03-05 16:26:43,374 INFO [src.cryo_signal_enhance]     estimating white noise...
2023-03-05 16:26:43,383 INFO [src.cryo_signal_enhance]     adding whiten to pipeline...
2023-03-05 16:27:10,929 INFO [src.cryo_signal_enhance]     received 4 coefficient vectors of size 1500...
2023-03-05 16:27:49,715 INFO [src.cryo_signal_enhance]     Preparing starfile in the correct format...
2023-03-05 16:27:49,732 INFO [src.cryo_signal_enhance]     adding phase-flip to pipeline...
2023-03-05 16:27:49,735 INFO [src.cryo_signal_enhance]     adding downsample to pipeline (189->189)...
2023-03-05 16:27:49,825 INFO [src.cryo_signal_enhance]     estimating white noise...
2023-03-05 16:27:49,835 INFO [src.cryo_signal_enhance]     adding whiten to pipeline...
2023-03-05 16:28:22,132 INFO [src.cryo_signal_enhance]     received 4 coefficient vectors of size 1500...
2023-03-05 16:33:23,007 INFO [src.cryo_signal_enhance]     Preparing starfile in the correct format...
2023-03-05 16:33:23,023 INFO [src.cryo_signal_enhance]     adding phase-flip to pipeline...
2023-03-05 16:33:23,026 INFO [src.cryo_signal_enhance]     adding downsample to pipeline (189->189)...
2023-03-05 16:33:23,102 INFO [src.cryo_signal_enhance]     estimating white noise...
2023-03-05 16:33:23,113 INFO [src.cryo_signal_enhance]     adding whiten to pipeline...
2023-03-05 16:33:55,007 INFO [src.cryo_signal_enhance]     received 4 coefficient vectors of size 1500...
