2023-02-19 11:25:24,642 DEBUG [root] ASPIRE configuration directory is /home/yoavharlap/.config/ASPIRE
2023-02-19 11:25:24,642 DEBUG [root] ASPIRE configuration resolution details [({'logging': {'log_dir': '/scratch/home/yoavharlap/PycharmProjects/graphCryo/logs'}}, ConfigSource(<super: <class 'ConfigSource'>, <ConfigSource object>>, None, False, False)), ({}, ConfigSource(<super: <class 'ConfigSource'>, <YamlSource object>>, '/home/yoavharlap/.config/ASPIRE/config.yaml', False, False)), ({'version': '0.10.1', 'common': OrderedDict([('numeric', 'numpy'), ('fft', 'pyfftw')]), 'logging': OrderedDict([('log_dir', 'logs'), ('log_exceptions', 1), ('tqdm_disable', False), ('console_level', 'INFO'), ('log_file_level', 'DEBUG'), ('log_prefix', 'aspire')]), 'nufft': OrderedDict([('backends', ['cufinufft', 'finufft', 'pynfft'])]), 'ray': OrderedDict([('temp_dir', '/tmp/ray')])}, ConfigSource(<super: <class 'ConfigSource'>, <YamlSource object>>, '/home/yoavharlap/.local/lib/python3.8/site-packages/aspire/config_default.yaml', True, False))]
2023-02-19 11:25:24,643 DEBUG [root] Resolved config.yaml:

logging:
    log_dir: /scratch/home/yoavharlap/PycharmProjects/graphCryo/logs
    log_exceptions: 1
    tqdm_disable: no
    console_level: INFO
    log_file_level: DEBUG
    log_prefix: aspire
version: 0.10.1
common:
    numeric: numpy
    fft: pyfftw

nufft:
    backends: [cufinufft, finufft, pynfft]

ray:
    temp_dir: /tmp/ray


2023-02-19 11:25:25,322 INFO [src.cryo_signal_enhance]     Preparing starfile in the correct format...
2023-02-19 11:25:25,357 INFO [src.cryo_signal_enhance]     adding phase-flip to pipeline...
2023-02-19 11:25:25,359 INFO [src.cryo_signal_enhance]     adding downsample to pipeline (28->28)...
2023-02-19 11:25:25,568 INFO [src.cryo_signal_enhance]     estimating white noise...
2023-02-19 11:25:25,580 INFO [src.cryo_signal_enhance]     adding whiten to pipeline...
2023-02-19 11:25:28,071 INFO [src.cryo_signal_enhance]     received 400 coefficient vectors of size 238...
2023-02-19 11:26:18,190 INFO [src.cryo_signal_enhance]     Preparing starfile in the correct format...
2023-02-19 11:26:18,224 INFO [src.cryo_signal_enhance]     adding phase-flip to pipeline...
2023-02-19 11:26:18,226 INFO [src.cryo_signal_enhance]     adding downsample to pipeline (28->28)...
2023-02-19 11:26:18,391 INFO [src.cryo_signal_enhance]     estimating white noise...
2023-02-19 11:26:18,403 INFO [src.cryo_signal_enhance]     adding whiten to pipeline...
2023-02-19 11:26:18,755 INFO [src.cryo_signal_enhance]     received 400 coefficient vectors of size 238...
2023-02-19 11:32:34,430 INFO [src.cryo_signal_enhance]     Preparing starfile in the correct format...
2023-02-19 11:32:34,466 INFO [src.cryo_signal_enhance]     adding phase-flip to pipeline...
2023-02-19 11:32:34,468 INFO [src.cryo_signal_enhance]     adding downsample to pipeline (28->28)...
2023-02-19 11:32:34,711 INFO [src.cryo_signal_enhance]     estimating white noise...
2023-02-19 11:32:34,723 INFO [src.cryo_signal_enhance]     adding whiten to pipeline...
2023-02-19 11:32:35,058 INFO [src.cryo_signal_enhance]     received 400 coefficient vectors of size 238...
2023-02-19 11:33:14,981 INFO [src.cryo_signal_enhance]     Preparing starfile in the correct format...
2023-02-19 11:33:15,016 INFO [src.cryo_signal_enhance]     adding phase-flip to pipeline...
2023-02-19 11:33:15,018 INFO [src.cryo_signal_enhance]     adding downsample to pipeline (28->28)...
2023-02-19 11:33:15,188 INFO [src.cryo_signal_enhance]     estimating white noise...
2023-02-19 11:33:15,200 INFO [src.cryo_signal_enhance]     adding whiten to pipeline...
2023-02-19 11:33:15,591 INFO [src.cryo_signal_enhance]     received 400 coefficient vectors of size 238...
2023-02-19 11:33:36,028 INFO [src.cryo_signal_enhance]     Preparing starfile in the correct format...
2023-02-19 11:33:36,064 INFO [src.cryo_signal_enhance]     adding phase-flip to pipeline...
2023-02-19 11:33:36,066 INFO [src.cryo_signal_enhance]     adding downsample to pipeline (28->28)...
2023-02-19 11:33:36,283 INFO [src.cryo_signal_enhance]     estimating white noise...
2023-02-19 11:33:36,296 INFO [src.cryo_signal_enhance]     adding whiten to pipeline...
2023-02-19 11:33:36,734 INFO [src.cryo_signal_enhance]     received 400 coefficient vectors of size 238...
2023-02-19 11:35:38,762 INFO [src.cryo_signal_enhance]     Preparing starfile in the correct format...
2023-02-19 11:35:38,797 INFO [src.cryo_signal_enhance]     adding phase-flip to pipeline...
2023-02-19 11:35:38,800 INFO [src.cryo_signal_enhance]     adding downsample to pipeline (28->28)...
2023-02-19 11:35:38,982 INFO [src.cryo_signal_enhance]     estimating white noise...
2023-02-19 11:35:38,996 INFO [src.cryo_signal_enhance]     adding whiten to pipeline...
2023-02-19 11:35:39,413 INFO [src.cryo_signal_enhance]     received 400 coefficient vectors of size 238...
2023-02-19 11:36:10,826 INFO [src.cryo_signal_enhance]     Preparing starfile in the correct format...
2023-02-19 11:36:10,862 INFO [src.cryo_signal_enhance]     adding phase-flip to pipeline...
2023-02-19 11:36:10,865 INFO [src.cryo_signal_enhance]     adding downsample to pipeline (28->28)...
2023-02-19 11:36:11,039 INFO [src.cryo_signal_enhance]     estimating white noise...
2023-02-19 11:36:11,052 INFO [src.cryo_signal_enhance]     adding whiten to pipeline...
2023-02-19 11:36:11,421 INFO [src.cryo_signal_enhance]     received 400 coefficient vectors of size 238...
2023-02-19 11:37:37,452 INFO [src.cryo_signal_enhance]     Preparing starfile in the correct format...
2023-02-19 11:37:37,487 INFO [src.cryo_signal_enhance]     adding phase-flip to pipeline...
2023-02-19 11:37:37,490 INFO [src.cryo_signal_enhance]     adding downsample to pipeline (28->28)...
2023-02-19 11:37:37,645 INFO [src.cryo_signal_enhance]     estimating white noise...
2023-02-19 11:37:37,657 INFO [src.cryo_signal_enhance]     adding whiten to pipeline...
2023-02-19 11:37:38,077 INFO [src.cryo_signal_enhance]     received 400 coefficient vectors of size 238...
2023-02-19 11:37:57,074 INFO [src.cryo_signal_enhance]     Preparing starfile in the correct format...
2023-02-19 11:37:57,112 INFO [src.cryo_signal_enhance]     adding phase-flip to pipeline...
2023-02-19 11:37:57,114 INFO [src.cryo_signal_enhance]     adding downsample to pipeline (28->28)...
2023-02-19 11:37:57,285 INFO [src.cryo_signal_enhance]     estimating white noise...
2023-02-19 11:37:57,298 INFO [src.cryo_signal_enhance]     adding whiten to pipeline...
2023-02-19 11:37:57,694 INFO [src.cryo_signal_enhance]     received 400 coefficient vectors of size 238...
2023-02-19 11:38:44,518 INFO [src.cryo_signal_enhance]     Preparing starfile in the correct format...
2023-02-19 11:38:44,554 INFO [src.cryo_signal_enhance]     adding phase-flip to pipeline...
2023-02-19 11:38:44,556 INFO [src.cryo_signal_enhance]     adding downsample to pipeline (28->28)...
2023-02-19 11:38:44,724 INFO [src.cryo_signal_enhance]     estimating white noise...
2023-02-19 11:38:44,737 INFO [src.cryo_signal_enhance]     adding whiten to pipeline...
2023-02-19 11:38:45,168 INFO [src.cryo_signal_enhance]     received 400 coefficient vectors of size 238...
2023-02-19 11:40:46,601 INFO [src.cryo_signal_enhance]     Preparing starfile in the correct format...
2023-02-19 11:40:46,640 INFO [src.cryo_signal_enhance]     adding phase-flip to pipeline...
2023-02-19 11:40:46,642 INFO [src.cryo_signal_enhance]     adding downsample to pipeline (28->28)...
2023-02-19 11:40:46,811 INFO [src.cryo_signal_enhance]     estimating white noise...
2023-02-19 11:40:46,826 INFO [src.cryo_signal_enhance]     adding whiten to pipeline...
2023-02-19 11:40:47,250 INFO [src.cryo_signal_enhance]     received 400 coefficient vectors of size 238...
2023-02-19 11:40:54,701 INFO [src.cryo_signal_enhance]     Preparing starfile in the correct format...
2023-02-19 11:40:54,736 INFO [src.cryo_signal_enhance]     adding phase-flip to pipeline...
2023-02-19 11:40:54,739 INFO [src.cryo_signal_enhance]     adding downsample to pipeline (28->28)...
2023-02-19 11:40:54,896 INFO [src.cryo_signal_enhance]     estimating white noise...
2023-02-19 11:40:54,909 INFO [src.cryo_signal_enhance]     adding whiten to pipeline...
2023-02-19 11:40:55,240 INFO [src.cryo_signal_enhance]     received 400 coefficient vectors of size 238...
