2023-01-29 15:22:02,222 DEBUG [root] ASPIRE configuration directory is /home/yoavharlap/.config/ASPIRE
2023-01-29 15:22:02,222 DEBUG [root] ASPIRE configuration resolution details [({'logging': {'log_dir': '/scratch/home/yoavharlap/PycharmProjects/graphCryo/logs'}}, ConfigSource(<super: <class 'ConfigSource'>, <ConfigSource object>>, None, False, False)), ({}, ConfigSource(<super: <class 'ConfigSource'>, <YamlSource object>>, '/home/yoavharlap/.config/ASPIRE/config.yaml', False, False)), ({'version': '0.10.1', 'common': OrderedDict([('numeric', 'numpy'), ('fft', 'pyfftw')]), 'logging': OrderedDict([('log_dir', 'logs'), ('log_exceptions', 1), ('tqdm_disable', False), ('console_level', 'INFO'), ('log_file_level', 'DEBUG'), ('log_prefix', 'aspire')]), 'nufft': OrderedDict([('backends', ['cufinufft', 'finufft', 'pynfft'])]), 'ray': OrderedDict([('temp_dir', '/tmp/ray')])}, ConfigSource(<super: <class 'ConfigSource'>, <YamlSource object>>, '/home/yoavharlap/.local/lib/python3.8/site-packages/aspire/config_default.yaml', True, False))]
2023-01-29 15:22:02,224 DEBUG [root] Resolved config.yaml:

logging:
    log_dir: /scratch/home/yoavharlap/PycharmProjects/graphCryo/logs
    log_exceptions: 1
    tqdm_disable: no
    console_level: INFO
    log_file_level: DEBUG
    log_prefix: aspire
version: 0.10.1
common:
    numeric: numpy
    fft: pyfftw

nufft:
    backends: [cufinufft, finufft, pynfft]

ray:
    temp_dir: /tmp/ray


2023-01-29 15:22:06,177 INFO [aspire.volume.volume] /scratch/guysharon/Work/datafiles/volrefs/emd_2660.map with dtype float32 loaded as <class 'numpy.float64'>
2023-01-29 15:22:06,312 INFO [__main__] Original volume map data shape: (1, 360, 360, 360) dtype:float64
2023-01-29 15:22:07,176 INFO [__main__] Initialize CTF filters.
2023-01-29 15:22:07,179 INFO [aspire.source.image] Creating Simulation with 100 images.
2023-01-29 15:22:07,201 INFO [aspire.source.simulation] Appending CustomNoiseAdder to generation pipeline
2023-01-29 15:22:07,202 INFO [aspire.source.image] save metadata into STAR file
2023-01-29 15:22:07,209 INFO [aspire.storage.starfile] Created StarFile with blocks: 
2023-01-29 15:22:07,211 INFO [aspire.source.image] save images into MRCS file
2023-01-29 15:22:07,284 INFO [aspire.source.image] Saving ImageSource[0-99] to /home/yoavharlap/work/starfile_0_99.mrcs
2023-01-29 15:22:07,357 DEBUG [aspire.nufft] nufft passed real_type for signal, converting
2023-01-29 15:22:07,402 INFO [aspire.nufft] Trying NFFT backend cufinufft
2023-01-29 15:22:07,405 INFO [aspire.nufft] NFFT backend cufinufft not usable:
	No module named 'pycuda'
2023-01-29 15:22:07,405 INFO [aspire.nufft] Trying NFFT backend finufft
2023-01-29 15:22:07,413 INFO [aspire.nufft] NFFT backend finufft usable.
2023-01-29 15:22:07,413 INFO [aspire.nufft] Trying NFFT backend pynfft
2023-01-29 15:22:07,414 INFO [aspire.nufft] NFFT backend pynfft not usable:
	No module named 'pynfft'
2023-01-29 15:22:07,415 INFO [aspire.nufft] Selected NFFT backend = finufft.
2023-01-29 15:22:11,025 DEBUG [aspire.image.xform] Applying forward transformations in pipeline
2023-01-29 15:22:11,025 DEBUG [aspire.image.xform] All forward transformations applied
2023-01-29 15:34:45,651 INFO [aspire.volume.volume] /scratch/guysharon/Work/datafiles/volrefs/emd_2660.map with dtype float32 loaded as <class 'numpy.float64'>
2023-01-29 15:34:45,780 INFO [__main__] Original volume map data shape: (1, 360, 360, 360) dtype:float64
2023-01-29 15:34:46,623 INFO [__main__] Initialize CTF filters.
2023-01-29 15:34:46,626 INFO [aspire.source.image] Creating Simulation with 100 images.
2023-01-29 15:34:46,645 INFO [aspire.source.simulation] Appending CustomNoiseAdder to generation pipeline
2023-01-29 15:34:46,647 INFO [aspire.source.image] save metadata into STAR file
2023-01-29 15:34:46,653 INFO [aspire.storage.starfile] Created StarFile with blocks: 
2023-01-29 15:34:46,656 INFO [aspire.source.image] save images into MRCS file
2023-01-29 15:34:46,689 INFO [aspire.source.image] Saving ImageSource[0-99] to /home/yoavharlap/work/starfile_0_99.mrcs
2023-01-29 15:34:46,770 DEBUG [aspire.nufft] nufft passed real_type for signal, converting
2023-01-29 15:34:50,190 DEBUG [aspire.image.xform] Applying forward transformations in pipeline
2023-01-29 15:34:50,191 DEBUG [aspire.image.xform] All forward transformations applied
2023-01-29 15:38:45,903 INFO [aspire.volume.volume] /scratch/guysharon/Work/datafiles/volrefs/emd_2660.map with dtype float32 loaded as <class 'numpy.float64'>
2023-01-29 15:38:46,033 INFO [__main__] Original volume map data shape: (1, 360, 360, 360) dtype:float64
2023-01-29 15:38:46,869 INFO [__main__] Initialize CTF filters.
2023-01-29 15:38:46,870 INFO [aspire.source.image] Creating Simulation with 100 images.
2023-01-29 15:38:46,886 INFO [aspire.source.simulation] Appending CustomNoiseAdder to generation pipeline
2023-01-29 15:38:46,887 INFO [aspire.source.image] save metadata into STAR file
2023-01-29 15:38:46,892 INFO [aspire.storage.starfile] Created StarFile with blocks: 
2023-01-29 15:38:46,893 INFO [aspire.source.image] save images into MRCS file
2023-01-29 15:38:46,938 INFO [aspire.source.image] Saving ImageSource[0-99] to /home/yoavharlap/work/starfile_0_99.mrcs
2023-01-29 15:38:47,019 DEBUG [aspire.nufft] nufft passed real_type for signal, converting
2023-01-29 15:38:50,348 DEBUG [aspire.image.xform] Applying forward transformations in pipeline
2023-01-29 15:38:50,348 DEBUG [aspire.image.xform] All forward transformations applied
2023-01-29 15:39:37,510 INFO [aspire.volume.volume] /scratch/guysharon/Work/datafiles/volrefs/emd_2660.map with dtype float32 loaded as <class 'numpy.float64'>
2023-01-29 15:39:37,640 INFO [__main__] Original volume map data shape: (1, 360, 360, 360) dtype:float64
2023-01-29 15:39:38,547 INFO [__main__] Initialize CTF filters.
2023-01-29 15:39:38,549 INFO [aspire.source.image] Creating Simulation with 100 images.
2023-01-29 15:39:38,568 INFO [aspire.source.simulation] Appending CustomNoiseAdder to generation pipeline
2023-01-29 15:39:38,570 INFO [aspire.source.image] save metadata into STAR file
2023-01-29 15:39:38,576 INFO [aspire.storage.starfile] Created StarFile with blocks: 
2023-01-29 15:39:38,579 INFO [aspire.source.image] save images into MRCS file
2023-01-29 15:39:38,622 INFO [aspire.source.image] Saving ImageSource[0-99] to /home/yoavharlap/work/starfile_0_99.mrcs
2023-01-29 15:39:38,704 DEBUG [aspire.nufft] nufft passed real_type for signal, converting
2023-01-29 15:39:42,091 DEBUG [aspire.image.xform] Applying forward transformations in pipeline
2023-01-29 15:39:42,092 DEBUG [aspire.image.xform] All forward transformations applied
