2023-02-19 10:31:18,782 DEBUG [root] ASPIRE configuration directory is /home/yoavharlap/.config/ASPIRE
2023-02-19 10:31:18,782 DEBUG [root] ASPIRE configuration resolution details [({'logging': {'log_dir': '/scratch/home/yoavharlap/PycharmProjects/graphCryo/logs'}}, ConfigSource(<super: <class 'ConfigSource'>, <ConfigSource object>>, None, False, False)), ({}, ConfigSource(<super: <class 'ConfigSource'>, <YamlSource object>>, '/home/yoavharlap/.config/ASPIRE/config.yaml', False, False)), ({'version': '0.10.1', 'common': OrderedDict([('numeric', 'numpy'), ('fft', 'pyfftw')]), 'logging': OrderedDict([('log_dir', 'logs'), ('log_exceptions', 1), ('tqdm_disable', False), ('console_level', 'INFO'), ('log_file_level', 'DEBUG'), ('log_prefix', 'aspire')]), 'nufft': OrderedDict([('backends', ['cufinufft', 'finufft', 'pynfft'])]), 'ray': OrderedDict([('temp_dir', '/tmp/ray')])}, ConfigSource(<super: <class 'ConfigSource'>, <YamlSource object>>, '/home/yoavharlap/.local/lib/python3.8/site-packages/aspire/config_default.yaml', True, False))]
2023-02-19 10:31:18,783 DEBUG [root] Resolved config.yaml:

logging:
    log_dir: /scratch/home/yoavharlap/PycharmProjects/graphCryo/logs
    log_exceptions: 1
    tqdm_disable: no
    console_level: INFO
    log_file_level: DEBUG
    log_prefix: aspire
version: 0.10.1
common:
    numeric: numpy
    fft: pyfftw

nufft:
    backends: [cufinufft, finufft, pynfft]

ray:
    temp_dir: /tmp/ray


2023-02-19 10:31:22,180 INFO [aspire.volume.volume] /scratch/guysharon/Work/datafiles/volrefs/emd_2660.map with dtype float32 loaded as <class 'numpy.float64'>
2023-02-19 10:31:22,319 INFO [__main__] Original volume map data shape: (1, 360, 360, 360) dtype:float64
2023-02-19 10:31:38,799 INFO [__main__] Initialize CTF filters.
2023-02-19 10:31:38,804 INFO [aspire.source.image] Creating Simulation with 400 images.
2023-02-19 10:31:38,822 INFO [aspire.source.simulation] Appending CustomNoiseAdder to generation pipeline
2023-02-19 10:31:38,825 INFO [aspire.source.image] save metadata into STAR file
2023-02-19 10:31:38,834 INFO [aspire.storage.starfile] Created StarFile with blocks: 
2023-02-19 10:31:38,838 INFO [aspire.source.image] save images into MRCS file
2023-02-19 10:31:38,865 INFO [aspire.source.image] Saving ImageSource[0-399] to /home/yoavharlap/work/starfile_0_399.mrcs
2023-02-19 10:31:38,883 DEBUG [aspire.nufft] nufft passed real_type for signal, converting
2023-02-19 10:31:38,884 INFO [aspire.nufft] Trying NFFT backend cufinufft
2023-02-19 10:31:38,888 INFO [aspire.nufft] NFFT backend cufinufft not usable:
	No module named 'pycuda'
2023-02-19 10:31:38,890 INFO [aspire.nufft] Trying NFFT backend finufft
2023-02-19 10:31:38,899 INFO [aspire.nufft] NFFT backend finufft usable.
2023-02-19 10:31:38,900 INFO [aspire.nufft] Trying NFFT backend pynfft
2023-02-19 10:31:38,902 INFO [aspire.nufft] NFFT backend pynfft not usable:
	No module named 'pynfft'
2023-02-19 10:31:38,904 INFO [aspire.nufft] Selected NFFT backend = finufft.
2023-02-19 10:31:41,989 DEBUG [aspire.image.xform] Applying forward transformations in pipeline
2023-02-19 10:31:41,989 DEBUG [aspire.image.xform] All forward transformations applied
2023-02-19 10:31:42,186 INFO [src.cryo_signal_enhance]     Preparing starfile in the correct format...
2023-02-19 10:31:42,223 INFO [src.cryo_signal_enhance]     adding phase-flip to pipeline...
2023-02-19 10:31:42,226 INFO [src.cryo_signal_enhance]     adding downsample to pipeline (28->28)...
2023-02-19 10:31:42,442 INFO [src.cryo_signal_enhance]     estimating white noise...
2023-02-19 10:31:42,456 INFO [src.cryo_signal_enhance]     adding whiten to pipeline...
2023-02-19 10:31:44,795 INFO [src.cryo_signal_enhance]     received 400 coefficient vectors of size 238...
2023-02-19 10:38:01,027 INFO [src.cryo_signal_enhance]     Preparing starfile in the correct format...
2023-02-19 10:38:01,063 INFO [src.cryo_signal_enhance]     adding phase-flip to pipeline...
2023-02-19 10:38:01,066 INFO [src.cryo_signal_enhance]     adding downsample to pipeline (28->28)...
2023-02-19 10:38:01,243 INFO [src.cryo_signal_enhance]     estimating white noise...
2023-02-19 10:38:01,255 INFO [src.cryo_signal_enhance]     adding whiten to pipeline...
2023-02-19 10:38:01,691 INFO [src.cryo_signal_enhance]     received 400 coefficient vectors of size 238...
2023-02-19 10:41:22,013 INFO [src.cryo_signal_enhance]     Preparing starfile in the correct format...
2023-02-19 10:41:22,053 INFO [src.cryo_signal_enhance]     adding phase-flip to pipeline...
2023-02-19 10:41:22,056 INFO [src.cryo_signal_enhance]     adding downsample to pipeline (28->28)...
2023-02-19 10:41:22,273 INFO [src.cryo_signal_enhance]     estimating white noise...
2023-02-19 10:41:22,286 INFO [src.cryo_signal_enhance]     adding whiten to pipeline...
2023-02-19 10:41:22,711 INFO [src.cryo_signal_enhance]     received 400 coefficient vectors of size 238...
2023-02-19 10:41:46,414 INFO [src.cryo_signal_enhance]     Preparing starfile in the correct format...
2023-02-19 10:41:46,454 INFO [src.cryo_signal_enhance]     adding phase-flip to pipeline...
2023-02-19 10:41:46,456 INFO [src.cryo_signal_enhance]     adding downsample to pipeline (28->28)...
2023-02-19 10:41:46,633 INFO [src.cryo_signal_enhance]     estimating white noise...
2023-02-19 10:41:46,647 INFO [src.cryo_signal_enhance]     adding whiten to pipeline...
2023-02-19 10:41:47,054 INFO [src.cryo_signal_enhance]     received 400 coefficient vectors of size 238...
2023-02-19 10:43:33,771 INFO [src.cryo_signal_enhance]     Preparing starfile in the correct format...
2023-02-19 10:43:33,833 INFO [src.cryo_signal_enhance]     adding phase-flip to pipeline...
2023-02-19 10:43:33,836 INFO [src.cryo_signal_enhance]     adding downsample to pipeline (28->28)...
2023-02-19 10:43:34,043 INFO [src.cryo_signal_enhance]     estimating white noise...
2023-02-19 10:43:34,058 INFO [src.cryo_signal_enhance]     adding whiten to pipeline...
2023-02-19 10:43:34,513 INFO [src.cryo_signal_enhance]     received 400 coefficient vectors of size 238...
2023-02-19 10:43:58,700 INFO [src.cryo_signal_enhance]     Preparing starfile in the correct format...
2023-02-19 10:43:58,741 INFO [src.cryo_signal_enhance]     adding phase-flip to pipeline...
2023-02-19 10:43:58,745 INFO [src.cryo_signal_enhance]     adding downsample to pipeline (28->28)...
2023-02-19 10:43:58,930 INFO [src.cryo_signal_enhance]     estimating white noise...
2023-02-19 10:43:58,943 INFO [src.cryo_signal_enhance]     adding whiten to pipeline...
2023-02-19 10:43:59,378 INFO [src.cryo_signal_enhance]     received 400 coefficient vectors of size 238...
2023-02-19 10:44:23,402 INFO [src.cryo_signal_enhance]     Preparing starfile in the correct format...
2023-02-19 10:44:23,442 INFO [src.cryo_signal_enhance]     adding phase-flip to pipeline...
2023-02-19 10:44:23,446 INFO [src.cryo_signal_enhance]     adding downsample to pipeline (28->28)...
2023-02-19 10:44:23,652 INFO [src.cryo_signal_enhance]     estimating white noise...
2023-02-19 10:44:23,665 INFO [src.cryo_signal_enhance]     adding whiten to pipeline...
2023-02-19 10:44:24,118 INFO [src.cryo_signal_enhance]     received 400 coefficient vectors of size 238...
2023-02-19 10:44:40,552 INFO [src.cryo_signal_enhance]     Preparing starfile in the correct format...
2023-02-19 10:44:40,591 INFO [src.cryo_signal_enhance]     adding phase-flip to pipeline...
2023-02-19 10:44:40,594 INFO [src.cryo_signal_enhance]     adding downsample to pipeline (28->28)...
2023-02-19 10:44:40,782 INFO [src.cryo_signal_enhance]     estimating white noise...
2023-02-19 10:44:40,795 INFO [src.cryo_signal_enhance]     adding whiten to pipeline...
2023-02-19 10:44:41,191 INFO [src.cryo_signal_enhance]     received 400 coefficient vectors of size 238...
2023-02-19 10:45:02,131 INFO [src.cryo_signal_enhance]     Preparing starfile in the correct format...
2023-02-19 10:45:02,171 INFO [src.cryo_signal_enhance]     adding phase-flip to pipeline...
2023-02-19 10:45:02,174 INFO [src.cryo_signal_enhance]     adding downsample to pipeline (28->28)...
2023-02-19 10:45:02,350 INFO [src.cryo_signal_enhance]     estimating white noise...
2023-02-19 10:45:02,363 INFO [src.cryo_signal_enhance]     adding whiten to pipeline...
2023-02-19 10:45:02,797 INFO [src.cryo_signal_enhance]     received 400 coefficient vectors of size 238...
2023-02-19 10:45:22,639 INFO [src.cryo_signal_enhance]     Preparing starfile in the correct format...
2023-02-19 10:45:22,678 INFO [src.cryo_signal_enhance]     adding phase-flip to pipeline...
2023-02-19 10:45:22,680 INFO [src.cryo_signal_enhance]     adding downsample to pipeline (28->28)...
2023-02-19 10:45:22,865 INFO [src.cryo_signal_enhance]     estimating white noise...
2023-02-19 10:45:22,878 INFO [src.cryo_signal_enhance]     adding whiten to pipeline...
2023-02-19 10:45:23,284 INFO [src.cryo_signal_enhance]     received 400 coefficient vectors of size 238...
2023-02-19 10:45:37,550 INFO [src.cryo_signal_enhance]     Preparing starfile in the correct format...
2023-02-19 10:45:37,589 INFO [src.cryo_signal_enhance]     adding phase-flip to pipeline...
2023-02-19 10:45:37,591 INFO [src.cryo_signal_enhance]     adding downsample to pipeline (28->28)...
2023-02-19 10:45:37,764 INFO [src.cryo_signal_enhance]     estimating white noise...
2023-02-19 10:45:37,777 INFO [src.cryo_signal_enhance]     adding whiten to pipeline...
2023-02-19 10:45:38,161 INFO [src.cryo_signal_enhance]     received 400 coefficient vectors of size 238...
