2023-03-05 10:49:34,741 DEBUG [root] ASPIRE configuration directory is /home/yoavharlap/.config/ASPIRE
2023-03-05 10:49:34,741 DEBUG [root] ASPIRE configuration resolution details [({'logging': {'log_dir': '/scratch/home/yoavharlap/PycharmProjects/graphCryo/logs'}}, ConfigSource(<super: <class 'ConfigSource'>, <ConfigSource object>>, None, False, False)), ({}, ConfigSource(<super: <class 'ConfigSource'>, <YamlSource object>>, '/home/yoavharlap/.config/ASPIRE/config.yaml', False, False)), ({'version': '0.10.1', 'common': OrderedDict([('numeric', 'numpy'), ('fft', 'pyfftw')]), 'logging': OrderedDict([('log_dir', 'logs'), ('log_exceptions', 1), ('tqdm_disable', False), ('console_level', 'INFO'), ('log_file_level', 'DEBUG'), ('log_prefix', 'aspire')]), 'nufft': OrderedDict([('backends', ['cufinufft', 'finufft', 'pynfft'])]), 'ray': OrderedDict([('temp_dir', '/tmp/ray')])}, ConfigSource(<super: <class 'ConfigSource'>, <YamlSource object>>, '/home/yoavharlap/.local/lib/python3.8/site-packages/aspire/config_default.yaml', True, False))]
2023-03-05 10:49:34,742 DEBUG [root] Resolved config.yaml:

logging:
    log_dir: /scratch/home/yoavharlap/PycharmProjects/graphCryo/logs
    log_exceptions: 1
    tqdm_disable: no
    console_level: INFO
    log_file_level: DEBUG
    log_prefix: aspire
version: 0.10.1
common:
    numeric: numpy
    fft: pyfftw

nufft:
    backends: [cufinufft, finufft, pynfft]

ray:
    temp_dir: /tmp/ray


2023-03-05 10:49:37,734 INFO [aspire.volume.volume] /scratch/guysharon/Work/datafiles/volrefs/emd_2660.map with dtype float32 loaded as <class 'numpy.float64'>
2023-03-05 10:49:37,962 INFO [__main__] Original volume map data shape: (1, 360, 360, 360) dtype:float64
2023-03-05 10:49:59,758 INFO [__main__] Initialize CTF filters.
2023-03-05 10:49:59,762 INFO [aspire.source.image] Creating Simulation with 4 images.
2023-03-05 10:49:59,787 INFO [aspire.source.simulation] Appending CustomNoiseAdder to generation pipeline
2023-03-05 10:49:59,790 INFO [aspire.source.image] save metadata into STAR file
2023-03-05 10:49:59,796 INFO [aspire.storage.starfile] Created StarFile with blocks: 
2023-03-05 10:49:59,798 INFO [aspire.source.image] save images into MRCS file
2023-03-05 10:49:59,855 INFO [aspire.source.image] Saving ImageSource[0-3] to /home/yoavharlap/work/starfile_0_3.mrcs
2023-03-05 10:49:59,861 DEBUG [aspire.nufft] nufft passed real_type for signal, converting
2023-03-05 10:49:59,861 INFO [aspire.nufft] Trying NFFT backend cufinufft
2023-03-05 10:49:59,865 INFO [aspire.nufft] NFFT backend cufinufft not usable:
	No module named 'pycuda'
2023-03-05 10:49:59,866 INFO [aspire.nufft] Trying NFFT backend finufft
2023-03-05 10:49:59,875 INFO [aspire.nufft] NFFT backend finufft usable.
2023-03-05 10:49:59,877 INFO [aspire.nufft] Trying NFFT backend pynfft
2023-03-05 10:49:59,878 INFO [aspire.nufft] NFFT backend pynfft not usable:
	No module named 'pynfft'
2023-03-05 10:49:59,879 INFO [aspire.nufft] Selected NFFT backend = finufft.
2023-03-05 10:50:00,345 DEBUG [aspire.image.xform] Applying forward transformations in pipeline
2023-03-05 10:50:00,346 DEBUG [aspire.image.xform] All forward transformations applied
2023-03-05 10:50:00,499 INFO [src.cryo_signal_enhance]     Preparing starfile in the correct format...
2023-03-05 10:50:00,516 INFO [src.cryo_signal_enhance]     adding phase-flip to pipeline...
2023-03-05 10:50:00,519 INFO [src.cryo_signal_enhance]     adding downsample to pipeline (28->28)...
2023-03-05 10:50:00,594 INFO [src.cryo_signal_enhance]     estimating white noise...
2023-03-05 10:50:00,606 INFO [src.cryo_signal_enhance]     adding whiten to pipeline...
2023-03-05 10:50:02,853 INFO [src.cryo_signal_enhance]     received 4 coefficient vectors of size 238...
2023-03-05 10:51:28,186 INFO [src.cryo_signal_enhance]     Preparing starfile in the correct format...
2023-03-05 10:51:28,200 INFO [src.cryo_signal_enhance]     adding phase-flip to pipeline...
2023-03-05 10:51:28,202 INFO [src.cryo_signal_enhance]     adding downsample to pipeline (28->28)...
2023-03-05 10:51:28,244 INFO [src.cryo_signal_enhance]     estimating white noise...
2023-03-05 10:51:28,251 INFO [src.cryo_signal_enhance]     adding whiten to pipeline...
2023-03-05 10:51:28,591 INFO [src.cryo_signal_enhance]     received 4 coefficient vectors of size 238...
2023-03-05 10:55:32,085 INFO [src.cryo_signal_enhance]     Preparing starfile in the correct format...
2023-03-05 10:55:32,099 INFO [src.cryo_signal_enhance]     adding phase-flip to pipeline...
2023-03-05 10:55:32,101 INFO [src.cryo_signal_enhance]     adding downsample to pipeline (189->89)...
2023-03-05 10:55:32,327 INFO [src.cryo_signal_enhance]     estimating white noise...
2023-03-05 10:55:32,801 INFO [src.cryo_signal_enhance]     adding whiten to pipeline...
2023-03-05 10:55:36,619 INFO [src.cryo_signal_enhance]     received 4 coefficient vectors of size 1500...
2023-03-05 10:56:17,876 INFO [src.cryo_signal_enhance]     Preparing starfile in the correct format...
2023-03-05 10:56:17,906 INFO [src.cryo_signal_enhance]     adding phase-flip to pipeline...
2023-03-05 10:56:17,908 INFO [src.cryo_signal_enhance]     adding downsample to pipeline (189->89)...
2023-03-05 10:56:17,961 INFO [src.cryo_signal_enhance]     estimating white noise...
2023-03-05 10:56:17,976 INFO [src.cryo_signal_enhance]     adding whiten to pipeline...
2023-03-05 10:56:21,200 INFO [src.cryo_signal_enhance]     received 4 coefficient vectors of size 1500...
