2023-01-30 23:36:31,754 DEBUG [root] ASPIRE configuration directory is /home/yoavharlap/.config/ASPIRE
2023-01-30 23:36:31,754 DEBUG [root] ASPIRE configuration resolution details [({'logging': {'log_dir': '/scratch/home/yoavharlap/PycharmProjects/graphCryo/logs'}}, ConfigSource(<super: <class 'ConfigSource'>, <ConfigSource object>>, None, False, False)), ({}, ConfigSource(<super: <class 'ConfigSource'>, <YamlSource object>>, '/home/yoavharlap/.config/ASPIRE/config.yaml', False, False)), ({'version': '0.10.1', 'common': OrderedDict([('numeric', 'numpy'), ('fft', 'pyfftw')]), 'logging': OrderedDict([('log_dir', 'logs'), ('log_exceptions', 1), ('tqdm_disable', False), ('console_level', 'INFO'), ('log_file_level', 'DEBUG'), ('log_prefix', 'aspire')]), 'nufft': OrderedDict([('backends', ['cufinufft', 'finufft', 'pynfft'])]), 'ray': OrderedDict([('temp_dir', '/tmp/ray')])}, ConfigSource(<super: <class 'ConfigSource'>, <YamlSource object>>, '/home/yoavharlap/.local/lib/python3.8/site-packages/aspire/config_default.yaml', True, False))]
2023-01-30 23:36:31,755 DEBUG [root] Resolved config.yaml:

logging:
    log_dir: /scratch/home/yoavharlap/PycharmProjects/graphCryo/logs
    log_exceptions: 1
    tqdm_disable: no
    console_level: INFO
    log_file_level: DEBUG
    log_prefix: aspire
version: 0.10.1
common:
    numeric: numpy
    fft: pyfftw

nufft:
    backends: [cufinufft, finufft, pynfft]

ray:
    temp_dir: /tmp/ray


2023-01-30 23:36:35,164 INFO [aspire.volume.volume] /scratch/guysharon/Work/datafiles/volrefs/emd_2660.map with dtype float32 loaded as <class 'numpy.float64'>
2023-01-30 23:36:35,292 INFO [__main__] Original volume map data shape: (1, 360, 360, 360) dtype:float64
2023-01-30 23:36:36,188 INFO [__main__] Initialize CTF filters.
2023-01-30 23:36:36,190 INFO [aspire.source.image] Creating Simulation with 100 images.
2023-01-30 23:36:36,211 INFO [aspire.source.simulation] Appending CustomNoiseAdder to generation pipeline
2023-01-30 23:36:36,213 INFO [aspire.source.image] save metadata into STAR file
2023-01-30 23:36:36,219 INFO [aspire.storage.starfile] Created StarFile with blocks: 
2023-01-30 23:36:36,222 INFO [aspire.source.image] save images into MRCS file
2023-01-30 23:36:36,249 INFO [aspire.source.image] Saving ImageSource[0-99] to /home/yoavharlap/work/starfile_0_99.mrcs
2023-01-30 23:36:36,322 DEBUG [aspire.nufft] nufft passed real_type for signal, converting
2023-01-30 23:36:36,366 INFO [aspire.nufft] Trying NFFT backend cufinufft
2023-01-30 23:36:36,368 INFO [aspire.nufft] NFFT backend cufinufft not usable:
	No module named 'pycuda'
2023-01-30 23:36:36,369 INFO [aspire.nufft] Trying NFFT backend finufft
2023-01-30 23:36:36,378 INFO [aspire.nufft] NFFT backend finufft usable.
2023-01-30 23:36:36,378 INFO [aspire.nufft] Trying NFFT backend pynfft
2023-01-30 23:36:36,379 INFO [aspire.nufft] NFFT backend pynfft not usable:
	No module named 'pynfft'
2023-01-30 23:36:36,380 INFO [aspire.nufft] Selected NFFT backend = finufft.
2023-01-30 23:36:40,526 DEBUG [aspire.image.xform] Applying forward transformations in pipeline
2023-01-30 23:36:40,527 DEBUG [aspire.image.xform] All forward transformations applied
2023-01-30 23:36:40,810 INFO [src.cryo_signal_enhance]     Preparing starfile in the correct format...
2023-01-30 23:36:40,852 INFO [src.cryo_signal_enhance]     adding phase-flip to pipeline...
2023-01-30 23:36:40,855 INFO [src.cryo_signal_enhance]     adding downsample to pipeline (189->89)...
2023-01-30 23:36:41,282 INFO [src.cryo_signal_enhance]     estimating white noise...
2023-01-30 23:36:41,295 INFO [src.cryo_signal_enhance]     adding whiten to pipeline...
2023-01-30 23:41:34,139 INFO [src.cryo_signal_enhance]     Preparing starfile in the correct format...
2023-01-30 23:41:34,177 INFO [src.cryo_signal_enhance]     adding phase-flip to pipeline...
2023-01-30 23:41:34,179 INFO [src.cryo_signal_enhance]     adding downsample to pipeline (189->89)...
2023-01-30 23:41:34,551 INFO [src.cryo_signal_enhance]     estimating white noise...
2023-01-30 23:41:34,570 INFO [src.cryo_signal_enhance]     adding whiten to pipeline...
2023-01-30 23:43:20,175 INFO [src.cryo_signal_enhance]     Preparing starfile in the correct format...
2023-01-30 23:43:20,221 INFO [src.cryo_signal_enhance]     adding phase-flip to pipeline...
2023-01-30 23:43:20,223 INFO [src.cryo_signal_enhance]     adding downsample to pipeline (189->89)...
2023-01-30 23:43:20,561 INFO [src.cryo_signal_enhance]     estimating white noise...
2023-01-30 23:43:20,572 INFO [src.cryo_signal_enhance]     adding whiten to pipeline...
