2023-02-19 09:53:02,766 DEBUG [root] ASPIRE configuration directory is /home/yoavharlap/.config/ASPIRE
2023-02-19 09:53:02,766 DEBUG [root] ASPIRE configuration resolution details [({'logging': {'log_dir': '/scratch/home/yoavharlap/PycharmProjects/graphCryo/logs'}}, ConfigSource(<super: <class 'ConfigSource'>, <ConfigSource object>>, None, False, False)), ({}, ConfigSource(<super: <class 'ConfigSource'>, <YamlSource object>>, '/home/yoavharlap/.config/ASPIRE/config.yaml', False, False)), ({'version': '0.10.1', 'common': OrderedDict([('numeric', 'numpy'), ('fft', 'pyfftw')]), 'logging': OrderedDict([('log_dir', 'logs'), ('log_exceptions', 1), ('tqdm_disable', False), ('console_level', 'INFO'), ('log_file_level', 'DEBUG'), ('log_prefix', 'aspire')]), 'nufft': OrderedDict([('backends', ['cufinufft', 'finufft', 'pynfft'])]), 'ray': OrderedDict([('temp_dir', '/tmp/ray')])}, ConfigSource(<super: <class 'ConfigSource'>, <YamlSource object>>, '/home/yoavharlap/.local/lib/python3.8/site-packages/aspire/config_default.yaml', True, False))]
2023-02-19 09:53:02,768 DEBUG [root] Resolved config.yaml:

logging:
    log_dir: /scratch/home/yoavharlap/PycharmProjects/graphCryo/logs
    log_exceptions: 1
    tqdm_disable: no
    console_level: INFO
    log_file_level: DEBUG
    log_prefix: aspire
version: 0.10.1
common:
    numeric: numpy
    fft: pyfftw

nufft:
    backends: [cufinufft, finufft, pynfft]

ray:
    temp_dir: /tmp/ray


2023-02-19 09:53:05,846 INFO [aspire.volume.volume] /scratch/guysharon/Work/datafiles/volrefs/emd_2660.map with dtype float32 loaded as <class 'numpy.float64'>
2023-02-19 09:53:05,980 INFO [__main__] Original volume map data shape: (1, 360, 360, 360) dtype:float64
2023-02-19 09:53:22,749 INFO [__main__] Initialize CTF filters.
2023-02-19 09:53:22,754 INFO [aspire.source.image] Creating Simulation with 400 images.
2023-02-19 09:53:22,772 INFO [aspire.source.simulation] Appending CustomNoiseAdder to generation pipeline
2023-02-19 09:53:22,775 INFO [aspire.source.image] save metadata into STAR file
2023-02-19 09:53:22,784 INFO [aspire.storage.starfile] Created StarFile with blocks: 
2023-02-19 09:53:22,788 INFO [aspire.source.image] save images into MRCS file
2023-02-19 09:53:22,822 INFO [aspire.source.image] Saving ImageSource[0-399] to /home/yoavharlap/work/starfile_0_399.mrcs
2023-02-19 09:53:22,840 DEBUG [aspire.nufft] nufft passed real_type for signal, converting
2023-02-19 09:53:22,841 INFO [aspire.nufft] Trying NFFT backend cufinufft
2023-02-19 09:53:22,845 INFO [aspire.nufft] NFFT backend cufinufft not usable:
	No module named 'pycuda'
2023-02-19 09:53:22,846 INFO [aspire.nufft] Trying NFFT backend finufft
2023-02-19 09:53:22,856 INFO [aspire.nufft] NFFT backend finufft usable.
2023-02-19 09:53:22,857 INFO [aspire.nufft] Trying NFFT backend pynfft
2023-02-19 09:53:22,859 INFO [aspire.nufft] NFFT backend pynfft not usable:
	No module named 'pynfft'
2023-02-19 09:53:22,860 INFO [aspire.nufft] Selected NFFT backend = finufft.
2023-02-19 09:53:26,006 DEBUG [aspire.image.xform] Applying forward transformations in pipeline
2023-02-19 09:53:26,007 DEBUG [aspire.image.xform] All forward transformations applied
2023-02-19 09:53:26,243 INFO [src.cryo_signal_enhance]     Preparing starfile in the correct format...
2023-02-19 09:53:26,307 INFO [src.cryo_signal_enhance]     adding phase-flip to pipeline...
2023-02-19 09:53:26,310 INFO [src.cryo_signal_enhance]     adding downsample to pipeline (28->28)...
2023-02-19 09:53:26,517 INFO [src.cryo_signal_enhance]     estimating white noise...
2023-02-19 09:53:26,531 INFO [src.cryo_signal_enhance]     adding whiten to pipeline...
2023-02-19 09:53:28,722 INFO [src.cryo_signal_enhance]     received 400 coefficient vectors of size 238...
2023-02-19 09:54:20,251 INFO [src.cryo_signal_enhance]     Preparing starfile in the correct format...
2023-02-19 09:54:20,285 INFO [src.cryo_signal_enhance]     adding phase-flip to pipeline...
2023-02-19 09:54:20,288 INFO [src.cryo_signal_enhance]     adding downsample to pipeline (28->28)...
2023-02-19 09:54:20,452 INFO [src.cryo_signal_enhance]     estimating white noise...
2023-02-19 09:54:20,465 INFO [src.cryo_signal_enhance]     adding whiten to pipeline...
2023-02-19 09:54:20,886 INFO [src.cryo_signal_enhance]     received 400 coefficient vectors of size 238...
