2023-03-14 00:30:45,870 DEBUG [root] ASPIRE configuration directory is /home/yoavharlap/.config/ASPIRE
2023-03-14 00:30:45,871 DEBUG [root] ASPIRE configuration resolution details [({'logging': {'log_dir': '/scratch/home/yoavharlap/PycharmProjects/graphCryo/logs'}}, ConfigSource(<super: <class 'ConfigSource'>, <ConfigSource object>>, None, False, False)), ({}, ConfigSource(<super: <class 'ConfigSource'>, <YamlSource object>>, '/home/yoavharlap/.config/ASPIRE/config.yaml', False, False)), ({'version': '0.10.1', 'common': OrderedDict([('numeric', 'numpy'), ('fft', 'pyfftw')]), 'logging': OrderedDict([('log_dir', 'logs'), ('log_exceptions', 1), ('tqdm_disable', False), ('console_level', 'INFO'), ('log_file_level', 'DEBUG'), ('log_prefix', 'aspire')]), 'nufft': OrderedDict([('backends', ['cufinufft', 'finufft', 'pynfft'])]), 'ray': OrderedDict([('temp_dir', '/tmp/ray')])}, ConfigSource(<super: <class 'ConfigSource'>, <YamlSource object>>, '/home/yoavharlap/.local/lib/python3.8/site-packages/aspire/config_default.yaml', True, False))]
2023-03-14 00:30:45,873 DEBUG [root] Resolved config.yaml:

logging:
    log_dir: /scratch/home/yoavharlap/PycharmProjects/graphCryo/logs
    log_exceptions: 1
    tqdm_disable: no
    console_level: INFO
    log_file_level: DEBUG
    log_prefix: aspire
version: 0.10.1
common:
    numeric: numpy
    fft: pyfftw

nufft:
    backends: [cufinufft, finufft, pynfft]

ray:
    temp_dir: /tmp/ray


2023-03-14 01:12:09,977 INFO [src.cryo_signal_enhance]     Preparing starfile in the correct format...
2023-03-14 01:12:09,998 INFO [src.cryo_signal_enhance]     adding phase-flip to pipeline...
2023-03-14 01:12:10,000 INFO [src.cryo_signal_enhance]     adding downsample to pipeline (359->89)...
2023-03-14 01:12:17,458 INFO [src.cryo_signal_enhance]     received 4 coefficient vectors of size 1500...
2023-03-14 01:17:48,282 INFO [src.cryo_signal_enhance]     Preparing starfile in the correct format...
2023-03-14 01:17:48,742 INFO [src.cryo_signal_enhance]     adding phase-flip to pipeline...
2023-03-14 01:17:48,745 INFO [src.cryo_signal_enhance]     adding downsample to pipeline (359->89)...
2023-03-14 01:18:25,086 INFO [src.cryo_signal_enhance]     received 900 coefficient vectors of size 1500...
2023-03-14 01:18:51,676 INFO [src.cryo_signal_enhance]     Preparing starfile in the correct format...
2023-03-14 01:18:52,101 INFO [src.cryo_signal_enhance]     adding phase-flip to pipeline...
2023-03-14 01:18:52,103 INFO [src.cryo_signal_enhance]     adding downsample to pipeline (359->89)...
2023-03-14 01:19:05,584 INFO [src.cryo_signal_enhance]     received 900 coefficient vectors of size 1500...
2023-03-14 01:19:30,981 INFO [src.cryo_signal_enhance]     Preparing starfile in the correct format...
2023-03-14 01:19:31,434 INFO [src.cryo_signal_enhance]     adding phase-flip to pipeline...
2023-03-14 01:19:31,438 INFO [src.cryo_signal_enhance]     adding downsample to pipeline (359->89)...
2023-03-14 01:19:45,060 INFO [src.cryo_signal_enhance]     received 900 coefficient vectors of size 1500...
2023-03-14 01:20:34,383 INFO [src.cryo_signal_enhance]     Preparing starfile in the correct format...
2023-03-14 01:20:34,836 INFO [src.cryo_signal_enhance]     adding phase-flip to pipeline...
2023-03-14 01:20:34,839 INFO [src.cryo_signal_enhance]     adding downsample to pipeline (359->89)...
2023-03-14 01:20:48,269 INFO [src.cryo_signal_enhance]     received 900 coefficient vectors of size 1500...
2023-03-14 01:21:06,785 INFO [src.cryo_signal_enhance]     Preparing starfile in the correct format...
2023-03-14 01:21:07,239 INFO [src.cryo_signal_enhance]     adding phase-flip to pipeline...
2023-03-14 01:21:07,243 INFO [src.cryo_signal_enhance]     adding downsample to pipeline (359->89)...
2023-03-14 01:21:20,784 INFO [src.cryo_signal_enhance]     received 900 coefficient vectors of size 1500...
2023-03-14 10:08:08,871 INFO [src.cryo_signal_enhance]     Preparing starfile in the correct format...
2023-03-14 10:08:09,292 INFO [src.cryo_signal_enhance]     adding phase-flip to pipeline...
2023-03-14 10:08:09,295 INFO [src.cryo_signal_enhance]     adding downsample to pipeline (359->89)...
2023-03-14 10:08:17,940 INFO [src.cryo_signal_enhance]     estimating white noise...
2023-03-14 10:08:18,129 INFO [src.cryo_signal_enhance]     adding whiten to pipeline...
2023-03-14 10:08:23,971 INFO [src.cryo_signal_enhance]     received 900 coefficient vectors of size 1500...
2023-03-14 10:16:12,640 INFO [src.cryo_signal_enhance]     Preparing starfile in the correct format...
2023-03-14 10:16:13,058 INFO [src.cryo_signal_enhance]     adding phase-flip to pipeline...
2023-03-14 10:16:13,061 INFO [src.cryo_signal_enhance]     adding downsample to pipeline (359->89)...
2023-03-14 10:16:21,687 INFO [src.cryo_signal_enhance]     estimating white noise...
2023-03-14 10:16:21,843 INFO [src.cryo_signal_enhance]     adding whiten to pipeline...
2023-03-14 10:16:27,259 INFO [src.cryo_signal_enhance]     received 900 coefficient vectors of size 1500...
2023-03-14 10:17:02,550 INFO [src.cryo_signal_enhance]     Preparing starfile in the correct format...
2023-03-14 10:17:02,970 INFO [src.cryo_signal_enhance]     adding phase-flip to pipeline...
2023-03-14 10:17:02,974 INFO [src.cryo_signal_enhance]     adding downsample to pipeline (359->89)...
2023-03-14 10:17:11,715 INFO [src.cryo_signal_enhance]     estimating white noise...
2023-03-14 10:17:11,871 INFO [src.cryo_signal_enhance]     adding whiten to pipeline...
2023-03-14 10:17:17,614 INFO [src.cryo_signal_enhance]     received 900 coefficient vectors of size 1500...
2023-03-14 10:17:42,249 INFO [src.cryo_signal_enhance]     Preparing starfile in the correct format...
2023-03-14 10:17:42,670 INFO [src.cryo_signal_enhance]     adding phase-flip to pipeline...
2023-03-14 10:17:42,674 INFO [src.cryo_signal_enhance]     adding downsample to pipeline (359->89)...
2023-03-14 10:17:51,288 INFO [src.cryo_signal_enhance]     estimating white noise...
2023-03-14 10:17:51,443 INFO [src.cryo_signal_enhance]     adding whiten to pipeline...
2023-03-14 10:17:56,947 INFO [src.cryo_signal_enhance]     received 900 coefficient vectors of size 1500...
2023-03-14 10:20:15,539 INFO [src.cryo_signal_enhance]     Preparing starfile in the correct format...
2023-03-14 10:20:15,959 INFO [src.cryo_signal_enhance]     adding phase-flip to pipeline...
2023-03-14 10:20:15,962 INFO [src.cryo_signal_enhance]     adding downsample to pipeline (359->89)...
2023-03-14 10:20:24,389 INFO [src.cryo_signal_enhance]     estimating white noise...
2023-03-14 10:20:24,538 INFO [src.cryo_signal_enhance]     adding whiten to pipeline...
2023-03-14 10:20:29,660 INFO [src.cryo_signal_enhance]     received 900 coefficient vectors of size 1500...
2023-03-14 10:21:30,722 INFO [src.cryo_signal_enhance]     Preparing starfile in the correct format...
2023-03-14 10:21:31,135 INFO [src.cryo_signal_enhance]     adding phase-flip to pipeline...
2023-03-14 10:21:31,139 INFO [src.cryo_signal_enhance]     adding downsample to pipeline (359->89)...
2023-03-14 10:21:39,608 INFO [src.cryo_signal_enhance]     estimating white noise...
2023-03-14 10:21:39,762 INFO [src.cryo_signal_enhance]     adding whiten to pipeline...
2023-03-14 10:21:45,119 INFO [src.cryo_signal_enhance]     received 900 coefficient vectors of size 1500...
2023-03-14 10:22:30,192 INFO [src.cryo_signal_enhance]     Preparing starfile in the correct format...
2023-03-14 10:22:30,622 INFO [src.cryo_signal_enhance]     adding phase-flip to pipeline...
2023-03-14 10:22:30,626 INFO [src.cryo_signal_enhance]     adding downsample to pipeline (359->89)...
2023-03-14 10:22:39,099 INFO [src.cryo_signal_enhance]     estimating white noise...
2023-03-14 10:22:39,262 INFO [src.cryo_signal_enhance]     adding whiten to pipeline...
2023-03-14 10:22:44,649 INFO [src.cryo_signal_enhance]     received 900 coefficient vectors of size 1500...
2023-03-14 10:42:31,485 INFO [src.cryo_signal_enhance]     Preparing starfile in the correct format...
2023-03-14 10:42:31,937 INFO [src.cryo_signal_enhance]     adding phase-flip to pipeline...
2023-03-14 10:42:31,941 INFO [src.cryo_signal_enhance]     adding downsample to pipeline (359->89)...
2023-03-14 10:42:40,929 INFO [src.cryo_signal_enhance]     estimating white noise...
2023-03-14 10:42:41,078 INFO [src.cryo_signal_enhance]     adding whiten to pipeline...
2023-03-14 10:42:47,065 INFO [src.cryo_signal_enhance]     received 900 coefficient vectors of size 1500...
2023-03-14 10:44:00,609 INFO [src.cryo_signal_enhance]     Preparing starfile in the correct format...
2023-03-14 10:44:01,088 INFO [src.cryo_signal_enhance]     adding phase-flip to pipeline...
2023-03-14 10:44:01,091 INFO [src.cryo_signal_enhance]     adding downsample to pipeline (359->89)...
2023-03-14 10:44:10,112 INFO [src.cryo_signal_enhance]     estimating white noise...
2023-03-14 10:44:10,282 INFO [src.cryo_signal_enhance]     adding whiten to pipeline...
2023-03-14 11:20:43,605 INFO [src.cryo_signal_enhance]     Preparing starfile in the correct format...
2023-03-14 11:20:44,050 INFO [src.cryo_signal_enhance]     adding phase-flip to pipeline...
2023-03-14 11:20:44,053 INFO [src.cryo_signal_enhance]     adding downsample to pipeline (359->89)...
2023-03-14 11:20:52,929 INFO [src.cryo_signal_enhance]     estimating white noise...
2023-03-14 11:20:53,079 INFO [src.cryo_signal_enhance]     adding whiten to pipeline...
2023-03-14 11:21:36,301 INFO [src.cryo_signal_enhance]     Preparing starfile in the correct format...
2023-03-14 11:21:36,761 INFO [src.cryo_signal_enhance]     adding phase-flip to pipeline...
2023-03-14 11:21:36,764 INFO [src.cryo_signal_enhance]     adding downsample to pipeline (359->89)...
2023-03-14 11:21:45,731 INFO [src.cryo_signal_enhance]     estimating white noise...
2023-03-14 11:21:45,860 INFO [src.cryo_signal_enhance]     adding whiten to pipeline...
2023-03-14 11:22:19,635 INFO [src.cryo_signal_enhance]     Preparing starfile in the correct format...
2023-03-14 11:22:20,084 INFO [src.cryo_signal_enhance]     adding phase-flip to pipeline...
2023-03-14 11:22:20,087 INFO [src.cryo_signal_enhance]     adding downsample to pipeline (359->89)...
2023-03-14 11:22:28,814 INFO [src.cryo_signal_enhance]     estimating white noise...
2023-03-14 11:22:28,988 INFO [src.cryo_signal_enhance]     adding whiten to pipeline...
2023-03-14 11:22:35,064 INFO [src.cryo_signal_enhance]     received 900 coefficient vectors of size 1500...
2023-03-14 11:23:09,683 INFO [src.cryo_signal_enhance]     Preparing starfile in the correct format...
2023-03-14 11:23:10,125 INFO [src.cryo_signal_enhance]     adding phase-flip to pipeline...
2023-03-14 11:23:10,128 INFO [src.cryo_signal_enhance]     adding downsample to pipeline (359->89)...
2023-03-14 11:23:19,150 INFO [src.cryo_signal_enhance]     estimating white noise...
2023-03-14 11:23:19,311 INFO [src.cryo_signal_enhance]     adding whiten to pipeline...
2023-03-14 11:23:25,786 INFO [src.cryo_signal_enhance]     received 900 coefficient vectors of size 1500...
2023-03-14 13:07:52,563 INFO [src.cryo_signal_enhance]     Preparing starfile in the correct format...
2023-03-14 13:07:53,045 INFO [src.cryo_signal_enhance]     adding phase-flip to pipeline...
2023-03-14 13:07:53,047 INFO [src.cryo_signal_enhance]     adding downsample to pipeline (359->89)...
2023-03-14 13:08:02,067 INFO [src.cryo_signal_enhance]     estimating white noise...
2023-03-14 13:08:02,219 INFO [src.cryo_signal_enhance]     adding whiten to pipeline...
2023-03-14 13:08:08,184 INFO [src.cryo_signal_enhance]     received 900 coefficient vectors of size 1500...
2023-03-14 13:08:40,897 INFO [src.cryo_signal_enhance]     Preparing starfile in the correct format...
2023-03-14 13:08:41,360 INFO [src.cryo_signal_enhance]     adding phase-flip to pipeline...
2023-03-14 13:08:41,363 INFO [src.cryo_signal_enhance]     adding downsample to pipeline (359->89)...
2023-03-14 13:08:50,308 INFO [src.cryo_signal_enhance]     estimating white noise...
2023-03-14 13:08:50,463 INFO [src.cryo_signal_enhance]     adding whiten to pipeline...
2023-03-14 13:08:56,545 INFO [src.cryo_signal_enhance]     received 900 coefficient vectors of size 1500...
2023-03-14 13:09:25,021 INFO [src.cryo_signal_enhance]     Preparing starfile in the correct format...
2023-03-14 13:09:25,486 INFO [src.cryo_signal_enhance]     adding phase-flip to pipeline...
2023-03-14 13:09:25,488 INFO [src.cryo_signal_enhance]     adding downsample to pipeline (359->89)...
2023-03-14 13:09:34,200 INFO [src.cryo_signal_enhance]     estimating white noise...
2023-03-14 13:09:34,365 INFO [src.cryo_signal_enhance]     adding whiten to pipeline...
2023-03-14 13:09:40,394 INFO [src.cryo_signal_enhance]     received 900 coefficient vectors of size 1500...
2023-03-14 13:10:01,868 INFO [src.cryo_signal_enhance]     Preparing starfile in the correct format...
2023-03-14 13:10:02,314 INFO [src.cryo_signal_enhance]     adding phase-flip to pipeline...
2023-03-14 13:10:02,317 INFO [src.cryo_signal_enhance]     adding downsample to pipeline (359->89)...
2023-03-14 13:10:11,114 INFO [src.cryo_signal_enhance]     estimating white noise...
2023-03-14 13:10:11,280 INFO [src.cryo_signal_enhance]     adding whiten to pipeline...
2023-03-14 13:10:17,078 INFO [src.cryo_signal_enhance]     received 900 coefficient vectors of size 1500...
2023-03-14 13:15:13,263 INFO [src.cryo_signal_enhance]     Preparing starfile in the correct format...
2023-03-14 13:15:13,796 INFO [src.cryo_signal_enhance]     adding phase-flip to pipeline...
2023-03-14 13:15:13,799 INFO [src.cryo_signal_enhance]     adding downsample to pipeline (359->89)...
2023-03-14 13:15:22,613 INFO [src.cryo_signal_enhance]     estimating white noise...
2023-03-14 13:15:22,773 INFO [src.cryo_signal_enhance]     adding whiten to pipeline...
2023-03-14 13:15:28,833 INFO [src.cryo_signal_enhance]     received 900 coefficient vectors of size 1500...
2023-03-14 13:15:59,000 INFO [src.cryo_signal_enhance]     Preparing starfile in the correct format...
2023-03-14 13:15:59,434 INFO [src.cryo_signal_enhance]     adding phase-flip to pipeline...
2023-03-14 13:15:59,436 INFO [src.cryo_signal_enhance]     adding downsample to pipeline (359->89)...
2023-03-14 13:16:08,364 INFO [src.cryo_signal_enhance]     estimating white noise...
2023-03-14 13:16:08,521 INFO [src.cryo_signal_enhance]     adding whiten to pipeline...
2023-03-14 13:16:14,745 INFO [src.cryo_signal_enhance]     received 900 coefficient vectors of size 1500...
2023-03-14 13:52:07,186 INFO [src.cryo_signal_enhance]     Preparing starfile in the correct format...
2023-03-14 13:52:07,650 INFO [src.cryo_signal_enhance]     adding phase-flip to pipeline...
2023-03-14 13:52:07,653 INFO [src.cryo_signal_enhance]     adding downsample to pipeline (359->89)...
2023-03-14 13:52:16,962 INFO [src.cryo_signal_enhance]     estimating white noise...
2023-03-14 13:52:17,137 INFO [src.cryo_signal_enhance]     adding whiten to pipeline...
2023-03-14 13:52:23,623 INFO [src.cryo_signal_enhance]     received 900 coefficient vectors of size 1500...
2023-03-14 13:58:51,200 INFO [src.cryo_signal_enhance]     Preparing starfile in the correct format...
2023-03-14 13:58:51,688 INFO [src.cryo_signal_enhance]     adding phase-flip to pipeline...
2023-03-14 13:58:51,692 INFO [src.cryo_signal_enhance]     adding downsample to pipeline (359->89)...
2023-03-14 13:59:00,915 INFO [src.cryo_signal_enhance]     estimating white noise...
2023-03-14 13:59:01,085 INFO [src.cryo_signal_enhance]     adding whiten to pipeline...
2023-03-14 13:59:07,541 INFO [src.cryo_signal_enhance]     received 900 coefficient vectors of size 1500...
2023-03-14 14:00:26,854 INFO [src.cryo_signal_enhance]     Preparing starfile in the correct format...
2023-03-14 14:00:27,319 INFO [src.cryo_signal_enhance]     adding phase-flip to pipeline...
2023-03-14 14:00:27,323 INFO [src.cryo_signal_enhance]     adding downsample to pipeline (359->89)...
2023-03-14 14:00:36,685 INFO [src.cryo_signal_enhance]     estimating white noise...
2023-03-14 14:00:36,874 INFO [src.cryo_signal_enhance]     adding whiten to pipeline...
2023-03-14 14:00:44,413 INFO [src.cryo_signal_enhance]     received 900 coefficient vectors of size 1500...
2023-03-14 14:12:18,354 INFO [src.cryo_signal_enhance]     Preparing starfile in the correct format...
2023-03-14 14:12:18,881 INFO [src.cryo_signal_enhance]     adding phase-flip to pipeline...
2023-03-14 14:12:18,888 INFO [src.cryo_signal_enhance]     adding downsample to pipeline (359->89)...
2023-03-14 14:12:28,549 INFO [src.cryo_signal_enhance]     estimating white noise...
2023-03-14 14:12:28,728 INFO [src.cryo_signal_enhance]     adding whiten to pipeline...
2023-03-14 14:12:36,172 INFO [src.cryo_signal_enhance]     received 900 coefficient vectors of size 1500...
2023-03-14 14:13:37,458 INFO [src.cryo_signal_enhance]     Preparing starfile in the correct format...
2023-03-14 14:13:37,985 INFO [src.cryo_signal_enhance]     adding phase-flip to pipeline...
2023-03-14 14:13:37,991 INFO [src.cryo_signal_enhance]     adding downsample to pipeline (359->89)...
2023-03-14 14:13:47,832 INFO [src.cryo_signal_enhance]     estimating white noise...
2023-03-14 14:13:48,009 INFO [src.cryo_signal_enhance]     adding whiten to pipeline...
2023-03-14 14:13:55,266 INFO [src.cryo_signal_enhance]     received 900 coefficient vectors of size 1500...
2023-03-14 14:23:41,814 INFO [src.cryo_signal_enhance]     Preparing starfile in the correct format...
2023-03-14 14:23:42,242 INFO [src.cryo_signal_enhance]     adding phase-flip to pipeline...
2023-03-14 14:23:42,246 INFO [src.cryo_signal_enhance]     adding downsample to pipeline (359->89)...
2023-03-14 14:23:51,176 INFO [src.cryo_signal_enhance]     estimating white noise...
2023-03-14 14:23:51,345 INFO [src.cryo_signal_enhance]     adding whiten to pipeline...
2023-03-14 14:23:57,796 INFO [src.cryo_signal_enhance]     received 900 coefficient vectors of size 1500...
2023-03-14 14:28:09,284 INFO [src.cryo_signal_enhance]     Preparing starfile in the correct format...
2023-03-14 14:28:09,711 INFO [src.cryo_signal_enhance]     adding phase-flip to pipeline...
2023-03-14 14:28:09,715 INFO [src.cryo_signal_enhance]     adding downsample to pipeline (359->89)...
2023-03-14 14:28:18,454 INFO [src.cryo_signal_enhance]     estimating white noise...
2023-03-14 14:28:18,621 INFO [src.cryo_signal_enhance]     adding whiten to pipeline...
2023-03-14 14:28:24,285 INFO [src.cryo_signal_enhance]     received 900 coefficient vectors of size 1500...
2023-03-14 14:28:40,840 INFO [src.cryo_signal_enhance]     Preparing starfile in the correct format...
2023-03-14 14:28:41,292 INFO [src.cryo_signal_enhance]     adding phase-flip to pipeline...
2023-03-14 14:28:41,296 INFO [src.cryo_signal_enhance]     adding downsample to pipeline (359->89)...
2023-03-14 14:28:50,021 INFO [src.cryo_signal_enhance]     estimating white noise...
2023-03-14 14:28:50,197 INFO [src.cryo_signal_enhance]     adding whiten to pipeline...
2023-03-14 14:28:55,927 INFO [src.cryo_signal_enhance]     received 900 coefficient vectors of size 1500...
2023-03-14 14:36:34,651 INFO [src.cryo_signal_enhance]     Preparing starfile in the correct format...
2023-03-14 14:36:35,085 INFO [src.cryo_signal_enhance]     adding phase-flip to pipeline...
2023-03-14 14:36:35,089 INFO [src.cryo_signal_enhance]     adding downsample to pipeline (359->89)...
2023-03-14 14:36:43,983 INFO [src.cryo_signal_enhance]     estimating white noise...
2023-03-14 14:36:44,154 INFO [src.cryo_signal_enhance]     adding whiten to pipeline...
2023-03-14 14:36:50,827 INFO [src.cryo_signal_enhance]     received 900 coefficient vectors of size 1500...
2023-03-14 14:37:18,906 INFO [src.cryo_signal_enhance]     Preparing starfile in the correct format...
2023-03-14 14:37:19,382 INFO [src.cryo_signal_enhance]     adding phase-flip to pipeline...
2023-03-14 14:37:19,387 INFO [src.cryo_signal_enhance]     adding downsample to pipeline (359->89)...
2023-03-14 14:37:28,548 INFO [src.cryo_signal_enhance]     estimating white noise...
2023-03-14 14:37:28,725 INFO [src.cryo_signal_enhance]     adding whiten to pipeline...
2023-03-14 14:37:35,809 INFO [src.cryo_signal_enhance]     received 900 coefficient vectors of size 1500...
2023-03-14 14:39:25,206 INFO [src.cryo_signal_enhance]     Preparing starfile in the correct format...
2023-03-14 14:39:25,684 INFO [src.cryo_signal_enhance]     adding phase-flip to pipeline...
2023-03-14 14:39:25,687 INFO [src.cryo_signal_enhance]     adding downsample to pipeline (359->89)...
2023-03-14 14:39:34,893 INFO [src.cryo_signal_enhance]     estimating white noise...
2023-03-14 14:39:35,069 INFO [src.cryo_signal_enhance]     adding whiten to pipeline...
2023-03-14 14:39:41,654 INFO [src.cryo_signal_enhance]     received 900 coefficient vectors of size 1500...
2023-03-14 14:40:28,707 INFO [src.cryo_signal_enhance]     Preparing starfile in the correct format...
2023-03-14 14:40:29,171 INFO [src.cryo_signal_enhance]     adding phase-flip to pipeline...
2023-03-14 14:40:29,178 INFO [src.cryo_signal_enhance]     adding downsample to pipeline (359->89)...
2023-03-14 14:40:38,384 INFO [src.cryo_signal_enhance]     estimating white noise...
2023-03-14 14:40:38,560 INFO [src.cryo_signal_enhance]     adding whiten to pipeline...
2023-03-14 14:40:45,421 INFO [src.cryo_signal_enhance]     received 900 coefficient vectors of size 1500...
2023-03-14 14:41:14,835 INFO [src.cryo_signal_enhance]     Preparing starfile in the correct format...
2023-03-14 14:41:15,292 INFO [src.cryo_signal_enhance]     adding phase-flip to pipeline...
2023-03-14 14:41:15,295 INFO [src.cryo_signal_enhance]     adding downsample to pipeline (359->89)...
2023-03-14 14:41:24,408 INFO [src.cryo_signal_enhance]     estimating white noise...
2023-03-14 14:41:24,582 INFO [src.cryo_signal_enhance]     adding whiten to pipeline...
2023-03-14 14:41:31,254 INFO [src.cryo_signal_enhance]     received 900 coefficient vectors of size 1500...
2023-03-14 14:45:47,930 INFO [src.cryo_signal_enhance]     Preparing starfile in the correct format...
2023-03-14 14:45:48,468 INFO [src.cryo_signal_enhance]     adding phase-flip to pipeline...
2023-03-14 14:45:48,473 INFO [src.cryo_signal_enhance]     adding downsample to pipeline (359->89)...
2023-03-14 14:45:58,475 INFO [src.cryo_signal_enhance]     estimating white noise...
2023-03-14 14:45:58,697 INFO [src.cryo_signal_enhance]     adding whiten to pipeline...
2023-03-14 14:46:06,831 INFO [src.cryo_signal_enhance]     received 900 coefficient vectors of size 1500...
2023-03-14 14:46:34,712 INFO [src.cryo_signal_enhance]     Preparing starfile in the correct format...
2023-03-14 14:46:35,255 INFO [src.cryo_signal_enhance]     adding phase-flip to pipeline...
2023-03-14 14:46:35,262 INFO [src.cryo_signal_enhance]     adding downsample to pipeline (359->89)...
2023-03-14 14:46:45,117 INFO [src.cryo_signal_enhance]     estimating white noise...
2023-03-14 14:46:45,293 INFO [src.cryo_signal_enhance]     adding whiten to pipeline...
2023-03-14 14:46:52,709 INFO [src.cryo_signal_enhance]     received 900 coefficient vectors of size 1500...
2023-03-14 14:48:48,215 INFO [src.cryo_signal_enhance]     Preparing starfile in the correct format...
2023-03-14 14:48:48,670 INFO [src.cryo_signal_enhance]     adding phase-flip to pipeline...
2023-03-14 14:48:48,673 INFO [src.cryo_signal_enhance]     adding downsample to pipeline (359->89)...
2023-03-14 14:49:04,319 INFO [src.cryo_signal_enhance]     received 900 coefficient vectors of size 1500...
2023-03-14 14:49:50,557 INFO [src.cryo_signal_enhance]     Preparing starfile in the correct format...
2023-03-14 14:49:51,012 INFO [src.cryo_signal_enhance]     adding phase-flip to pipeline...
2023-03-14 14:49:51,015 INFO [src.cryo_signal_enhance]     adding downsample to pipeline (359->89)...
2023-03-14 14:50:06,439 INFO [src.cryo_signal_enhance]     received 900 coefficient vectors of size 1500...
2023-03-14 14:55:30,029 INFO [src.cryo_signal_enhance]     Preparing starfile in the correct format...
2023-03-14 14:55:30,513 INFO [src.cryo_signal_enhance]     adding phase-flip to pipeline...
2023-03-14 14:55:30,518 INFO [src.cryo_signal_enhance]     adding downsample to pipeline (359->89)...
2023-03-14 14:55:45,462 INFO [src.cryo_signal_enhance]     received 900 coefficient vectors of size 1500...
2023-03-15 11:37:38,069 INFO [src.cryo_signal_enhance]     Preparing starfile in the correct format...
2023-03-15 11:37:38,499 INFO [src.cryo_signal_enhance]     adding phase-flip to pipeline...
