2023-03-02 16:33:56,096 DEBUG [root] ASPIRE configuration directory is /home/yoavharlap/.config/ASPIRE
2023-03-02 16:33:56,096 DEBUG [root] ASPIRE configuration resolution details [({'logging': {'log_dir': '/scratch/home/yoavharlap/PycharmProjects/graphCryo/logs'}}, ConfigSource(<super: <class 'ConfigSource'>, <ConfigSource object>>, None, False, False)), ({}, ConfigSource(<super: <class 'ConfigSource'>, <YamlSource object>>, '/home/yoavharlap/.config/ASPIRE/config.yaml', False, False)), ({'version': '0.10.1', 'common': OrderedDict([('numeric', 'numpy'), ('fft', 'pyfftw')]), 'logging': OrderedDict([('log_dir', 'logs'), ('log_exceptions', 1), ('tqdm_disable', False), ('console_level', 'INFO'), ('log_file_level', 'DEBUG'), ('log_prefix', 'aspire')]), 'nufft': OrderedDict([('backends', ['cufinufft', 'finufft', 'pynfft'])]), 'ray': OrderedDict([('temp_dir', '/tmp/ray')])}, ConfigSource(<super: <class 'ConfigSource'>, <YamlSource object>>, '/home/yoavharlap/.local/lib/python3.8/site-packages/aspire/config_default.yaml', True, False))]
2023-03-02 16:33:56,105 DEBUG [root] Resolved config.yaml:

logging:
    log_dir: /scratch/home/yoavharlap/PycharmProjects/graphCryo/logs
    log_exceptions: 1
    tqdm_disable: no
    console_level: INFO
    log_file_level: DEBUG
    log_prefix: aspire
version: 0.10.1
common:
    numeric: numpy
    fft: pyfftw

nufft:
    backends: [cufinufft, finufft, pynfft]

ray:
    temp_dir: /tmp/ray


2023-03-02 16:34:01,115 INFO [aspire.volume.volume] /scratch/guysharon/Work/datafiles/volrefs/emd_2660.map with dtype float32 loaded as <class 'numpy.float64'>
2023-03-02 16:34:01,256 INFO [__main__] Original volume map data shape: (1, 360, 360, 360) dtype:float64
2023-03-02 16:34:42,653 INFO [__main__] Initialize CTF filters.
2023-03-02 16:34:42,661 INFO [aspire.source.image] Creating Simulation with 1402 images.
2023-03-02 16:34:47,418 INFO [aspire.source.image] save metadata into STAR file
2023-03-02 16:34:47,476 INFO [aspire.storage.starfile] Created StarFile with blocks: 
2023-03-02 16:34:47,493 INFO [aspire.source.image] save images into MRCS file
2023-03-02 16:34:47,552 INFO [aspire.source.image] Saving ImageSource[0-1401] to /home/yoavharlap/work/starfile_0_1401.mrcs
2023-03-02 16:34:47,597 DEBUG [aspire.nufft] nufft passed real_type for signal, converting
2023-03-02 16:34:47,598 INFO [aspire.nufft] Trying NFFT backend cufinufft
2023-03-02 16:34:47,601 INFO [aspire.nufft] NFFT backend cufinufft not usable:
	No module named 'pycuda'
2023-03-02 16:34:47,602 INFO [aspire.nufft] Trying NFFT backend finufft
2023-03-02 16:34:47,612 INFO [aspire.nufft] NFFT backend finufft usable.
2023-03-02 16:34:47,612 INFO [aspire.nufft] Trying NFFT backend pynfft
2023-03-02 16:34:47,615 INFO [aspire.nufft] NFFT backend pynfft not usable:
	No module named 'pynfft'
2023-03-02 16:34:47,615 INFO [aspire.nufft] Selected NFFT backend = finufft.
2023-03-02 16:34:48,307 DEBUG [aspire.image.xform] Applying forward transformations in pipeline
2023-03-02 16:34:48,308 DEBUG [aspire.image.xform] All forward transformations applied
2023-03-02 16:44:30,992 DEBUG [aspire.nufft] nufft passed real_type for signal, converting
2023-03-02 16:44:31,237 DEBUG [aspire.image.xform] Applying forward transformations in pipeline
2023-03-02 16:44:31,237 DEBUG [aspire.image.xform] All forward transformations applied
2023-03-02 16:44:43,475 DEBUG [aspire.nufft] nufft passed real_type for signal, converting
2023-03-02 16:44:43,524 DEBUG [aspire.image.xform] Applying forward transformations in pipeline
2023-03-02 16:44:43,524 DEBUG [aspire.image.xform] All forward transformations applied
2023-03-02 16:45:07,864 DEBUG [aspire.nufft] nufft passed real_type for signal, converting
2023-03-02 16:45:07,922 DEBUG [aspire.image.xform] Applying forward transformations in pipeline
2023-03-02 16:45:07,923 DEBUG [aspire.image.xform] All forward transformations applied
2023-03-02 16:51:38,157 INFO [src.cryo_signal_enhance]     Preparing starfile in the correct format...
2023-03-02 16:51:38,351 INFO [src.cryo_signal_enhance]     adding phase-flip to pipeline...
2023-03-02 16:51:38,358 INFO [src.cryo_signal_enhance]     adding downsample to pipeline (28->28)...
2023-03-02 16:51:39,420 INFO [src.cryo_signal_enhance]     estimating white noise...
2023-03-02 16:51:39,444 INFO [src.cryo_signal_enhance]     adding whiten to pipeline...
2023-03-02 17:07:35,353 INFO [src.cryo_signal_enhance]     Preparing starfile in the correct format...
2023-03-02 17:07:35,446 INFO [src.cryo_signal_enhance]     adding phase-flip to pipeline...
2023-03-02 17:07:35,449 INFO [src.cryo_signal_enhance]     adding downsample to pipeline (28->28)...
2023-03-02 17:07:35,925 INFO [src.cryo_signal_enhance]     estimating white noise...
2023-03-02 17:07:35,953 INFO [src.cryo_signal_enhance]     adding whiten to pipeline...
2023-03-02 17:07:38,213 INFO [src.cryo_signal_enhance]     received 1402 coefficient vectors of size 238...
2023-03-02 17:09:56,136 INFO [src.cryo_signal_enhance]     Preparing starfile in the correct format...
2023-03-02 17:09:56,225 INFO [src.cryo_signal_enhance]     adding phase-flip to pipeline...
2023-03-02 17:09:56,228 INFO [src.cryo_signal_enhance]     adding downsample to pipeline (28->28)...
2023-03-02 17:09:56,706 INFO [src.cryo_signal_enhance]     estimating white noise...
2023-03-02 17:09:56,728 INFO [src.cryo_signal_enhance]     adding whiten to pipeline...
2023-03-02 17:09:57,216 INFO [src.cryo_signal_enhance]     received 1402 coefficient vectors of size 238...
2023-03-02 17:11:28,852 INFO [src.cryo_signal_enhance]     Preparing starfile in the correct format...
2023-03-02 17:11:28,947 INFO [src.cryo_signal_enhance]     adding phase-flip to pipeline...
2023-03-02 17:11:28,950 INFO [src.cryo_signal_enhance]     adding downsample to pipeline (28->28)...
2023-03-02 17:11:29,498 INFO [src.cryo_signal_enhance]     estimating white noise...
2023-03-02 17:11:29,522 INFO [src.cryo_signal_enhance]     adding whiten to pipeline...
2023-03-02 17:11:30,078 INFO [src.cryo_signal_enhance]     received 1402 coefficient vectors of size 238...
2023-03-02 17:12:22,946 INFO [src.cryo_signal_enhance]     Preparing starfile in the correct format...
2023-03-02 17:12:23,036 INFO [src.cryo_signal_enhance]     adding phase-flip to pipeline...
2023-03-02 17:12:23,040 INFO [src.cryo_signal_enhance]     adding downsample to pipeline (28->28)...
2023-03-02 17:12:23,550 INFO [src.cryo_signal_enhance]     estimating white noise...
2023-03-02 17:12:23,573 INFO [src.cryo_signal_enhance]     adding whiten to pipeline...
2023-03-02 17:12:24,051 INFO [src.cryo_signal_enhance]     received 1402 coefficient vectors of size 238...
2023-03-02 17:12:59,562 INFO [src.cryo_signal_enhance]     Preparing starfile in the correct format...
2023-03-02 17:12:59,658 INFO [src.cryo_signal_enhance]     adding phase-flip to pipeline...
2023-03-02 17:12:59,661 INFO [src.cryo_signal_enhance]     adding downsample to pipeline (28->28)...
2023-03-02 17:13:00,190 INFO [src.cryo_signal_enhance]     estimating white noise...
2023-03-02 17:13:00,213 INFO [src.cryo_signal_enhance]     adding whiten to pipeline...
2023-03-02 17:13:00,735 INFO [src.cryo_signal_enhance]     received 1402 coefficient vectors of size 238...
2023-03-02 17:15:23,894 INFO [src.cryo_signal_enhance]     Preparing starfile in the correct format...
2023-03-02 17:15:23,986 INFO [src.cryo_signal_enhance]     adding phase-flip to pipeline...
2023-03-02 17:15:23,989 INFO [src.cryo_signal_enhance]     adding downsample to pipeline (28->28)...
2023-03-02 17:15:24,452 INFO [src.cryo_signal_enhance]     estimating white noise...
2023-03-02 17:15:24,474 INFO [src.cryo_signal_enhance]     adding whiten to pipeline...
2023-03-02 17:15:24,984 INFO [src.cryo_signal_enhance]     received 1402 coefficient vectors of size 238...
2023-03-02 17:16:30,697 INFO [src.cryo_signal_enhance]     Preparing starfile in the correct format...
2023-03-02 17:16:30,790 INFO [src.cryo_signal_enhance]     adding phase-flip to pipeline...
2023-03-02 17:16:30,793 INFO [src.cryo_signal_enhance]     adding downsample to pipeline (28->28)...
2023-03-02 17:16:31,260 INFO [src.cryo_signal_enhance]     estimating white noise...
2023-03-02 17:16:31,282 INFO [src.cryo_signal_enhance]     adding whiten to pipeline...
2023-03-02 17:16:31,746 INFO [src.cryo_signal_enhance]     received 1402 coefficient vectors of size 238...
2023-03-02 17:16:59,152 INFO [src.cryo_signal_enhance]     Preparing starfile in the correct format...
2023-03-02 17:16:59,249 INFO [src.cryo_signal_enhance]     adding phase-flip to pipeline...
2023-03-02 17:16:59,252 INFO [src.cryo_signal_enhance]     adding downsample to pipeline (28->28)...
2023-03-02 17:16:59,707 INFO [src.cryo_signal_enhance]     estimating white noise...
2023-03-02 17:16:59,731 INFO [src.cryo_signal_enhance]     adding whiten to pipeline...
2023-03-02 17:17:00,293 INFO [src.cryo_signal_enhance]     received 1402 coefficient vectors of size 238...
2023-03-02 17:22:09,055 INFO [src.cryo_signal_enhance]     Preparing starfile in the correct format...
2023-03-02 17:22:09,093 INFO [src.cryo_signal_enhance]     adding phase-flip to pipeline...
2023-03-02 17:22:09,095 INFO [src.cryo_signal_enhance]     adding downsample to pipeline (28->28)...
2023-03-02 17:22:09,255 INFO [src.cryo_signal_enhance]     estimating white noise...
2023-03-02 17:22:09,270 INFO [src.cryo_signal_enhance]     adding whiten to pipeline...
2023-03-02 17:22:09,697 INFO [src.cryo_signal_enhance]     received 400 coefficient vectors of size 238...
2023-03-02 17:24:21,077 INFO [src.cryo_signal_enhance]     Preparing starfile in the correct format...
2023-03-02 17:24:21,116 INFO [src.cryo_signal_enhance]     adding phase-flip to pipeline...
2023-03-02 17:24:21,119 INFO [src.cryo_signal_enhance]     adding downsample to pipeline (28->28)...
2023-03-02 17:24:21,293 INFO [src.cryo_signal_enhance]     estimating white noise...
2023-03-02 17:24:21,306 INFO [src.cryo_signal_enhance]     adding whiten to pipeline...
2023-03-02 17:24:21,784 INFO [src.cryo_signal_enhance]     received 400 coefficient vectors of size 238...
2023-03-02 17:44:51,009 INFO [src.cryo_signal_enhance]     Preparing starfile in the correct format...
2023-03-02 17:44:51,110 INFO [src.cryo_signal_enhance]     adding phase-flip to pipeline...
2023-03-02 17:44:51,113 INFO [src.cryo_signal_enhance]     adding downsample to pipeline (28->28)...
2023-03-02 17:44:51,593 INFO [src.cryo_signal_enhance]     estimating white noise...
2023-03-02 17:44:51,617 INFO [src.cryo_signal_enhance]     adding whiten to pipeline...
2023-03-02 17:44:52,175 INFO [src.cryo_signal_enhance]     received 1402 coefficient vectors of size 238...
