2023-02-04 20:29:05,413 DEBUG [root] ASPIRE configuration directory is /home/yoavharlap/.config/ASPIRE
2023-02-04 20:29:05,413 DEBUG [root] ASPIRE configuration resolution details [({'logging': {'log_dir': '/scratch/home/yoavharlap/PycharmProjects/graphCryo/logs'}}, ConfigSource(<super: <class 'ConfigSource'>, <ConfigSource object>>, None, False, False)), ({}, ConfigSource(<super: <class 'ConfigSource'>, <YamlSource object>>, '/home/yoavharlap/.config/ASPIRE/config.yaml', False, False)), ({'version': '0.10.1', 'common': OrderedDict([('numeric', 'numpy'), ('fft', 'pyfftw')]), 'logging': OrderedDict([('log_dir', 'logs'), ('log_exceptions', 1), ('tqdm_disable', False), ('console_level', 'INFO'), ('log_file_level', 'DEBUG'), ('log_prefix', 'aspire')]), 'nufft': OrderedDict([('backends', ['cufinufft', 'finufft', 'pynfft'])]), 'ray': OrderedDict([('temp_dir', '/tmp/ray')])}, ConfigSource(<super: <class 'ConfigSource'>, <YamlSource object>>, '/home/yoavharlap/.local/lib/python3.8/site-packages/aspire/config_default.yaml', True, False))]
2023-02-04 20:29:05,414 DEBUG [root] Resolved config.yaml:

logging:
    log_dir: /scratch/home/yoavharlap/PycharmProjects/graphCryo/logs
    log_exceptions: 1
    tqdm_disable: no
    console_level: INFO
    log_file_level: DEBUG
    log_prefix: aspire
version: 0.10.1
common:
    numeric: numpy
    fft: pyfftw

nufft:
    backends: [cufinufft, finufft, pynfft]

ray:
    temp_dir: /tmp/ray


2023-02-04 20:29:08,660 INFO [aspire.volume.volume] /scratch/guysharon/Work/datafiles/volrefs/emd_2660.map with dtype float32 loaded as <class 'numpy.float64'>
2023-02-04 20:29:08,792 INFO [__main__] Original volume map data shape: (1, 360, 360, 360) dtype:float64
2023-02-04 20:29:31,127 INFO [__main__] Initialize CTF filters.
2023-02-04 20:29:31,131 INFO [aspire.source.image] Creating Simulation with 5000 images.
2023-02-04 20:29:31,155 INFO [aspire.source.simulation] Appending CustomNoiseAdder to generation pipeline
2023-02-04 20:29:31,157 INFO [aspire.source.image] save metadata into STAR file
2023-02-04 20:29:31,331 INFO [aspire.storage.starfile] Created StarFile with blocks: 
2023-02-04 20:29:31,362 INFO [aspire.source.image] save images into MRCS file
2023-02-04 20:29:31,438 INFO [aspire.source.image] Saving ImageSource[0-4999] to /home/yoavharlap/work/starfile_0_4999.mrcs
2023-02-04 20:29:34,016 DEBUG [aspire.nufft] nufft passed real_type for signal, converting
2023-02-04 20:29:34,056 INFO [aspire.nufft] Trying NFFT backend cufinufft
2023-02-04 20:29:34,059 INFO [aspire.nufft] NFFT backend cufinufft not usable:
	No module named 'pycuda'
2023-02-04 20:29:34,060 INFO [aspire.nufft] Trying NFFT backend finufft
2023-02-04 20:29:34,067 INFO [aspire.nufft] NFFT backend finufft usable.
2023-02-04 20:29:34,068 INFO [aspire.nufft] Trying NFFT backend pynfft
2023-02-04 20:29:34,069 INFO [aspire.nufft] NFFT backend pynfft not usable:
	No module named 'pynfft'
2023-02-04 20:29:34,070 INFO [aspire.nufft] Selected NFFT backend = finufft.
2023-02-04 20:33:42,356 DEBUG [aspire.image.xform] Applying forward transformations in pipeline
2023-02-04 20:33:42,356 DEBUG [aspire.image.xform] All forward transformations applied
2023-02-04 20:33:49,564 INFO [src.cryo_signal_enhance]     Preparing starfile in the correct format...
2023-02-04 20:33:50,416 INFO [src.cryo_signal_enhance]     adding phase-flip to pipeline...
2023-02-04 20:33:50,421 INFO [src.cryo_signal_enhance]     adding downsample to pipeline (189->89)...
2023-02-04 20:34:06,371 INFO [src.cryo_signal_enhance]     estimating white noise...
2023-02-04 20:34:07,318 INFO [src.cryo_signal_enhance]     adding whiten to pipeline...
2023-02-04 20:36:02,810 INFO [src.cryo_signal_enhance]     received 5000 coefficient vectors of size 1500...
