2023-03-06 16:13:30,420 DEBUG [root] ASPIRE configuration directory is /home/yoavharlap/.config/ASPIRE
2023-03-06 16:13:30,420 DEBUG [root] ASPIRE configuration resolution details [({'logging': {'log_dir': '/scratch/home/yoavharlap/PycharmProjects/graphCryo/logs'}}, ConfigSource(<super: <class 'ConfigSource'>, <ConfigSource object>>, None, False, False)), ({}, ConfigSource(<super: <class 'ConfigSource'>, <YamlSource object>>, '/home/yoavharlap/.config/ASPIRE/config.yaml', False, False)), ({'version': '0.10.1', 'common': OrderedDict([('numeric', 'numpy'), ('fft', 'pyfftw')]), 'logging': OrderedDict([('log_dir', 'logs'), ('log_exceptions', 1), ('tqdm_disable', False), ('console_level', 'INFO'), ('log_file_level', 'DEBUG'), ('log_prefix', 'aspire')]), 'nufft': OrderedDict([('backends', ['cufinufft', 'finufft', 'pynfft'])]), 'ray': OrderedDict([('temp_dir', '/tmp/ray')])}, ConfigSource(<super: <class 'ConfigSource'>, <YamlSource object>>, '/home/yoavharlap/.local/lib/python3.8/site-packages/aspire/config_default.yaml', True, False))]
2023-03-06 16:13:30,421 DEBUG [root] Resolved config.yaml:

logging:
    log_dir: /scratch/home/yoavharlap/PycharmProjects/graphCryo/logs
    log_exceptions: 1
    tqdm_disable: no
    console_level: INFO
    log_file_level: DEBUG
    log_prefix: aspire
version: 0.10.1
common:
    numeric: numpy
    fft: pyfftw

nufft:
    backends: [cufinufft, finufft, pynfft]

ray:
    temp_dir: /tmp/ray


2023-03-06 16:13:33,656 INFO [aspire.volume.volume] /scratch/guysharon/Work/datafiles/volrefs/emd_2660.map with dtype float32 loaded as <class 'numpy.float64'>
2023-03-06 16:13:33,793 INFO [__main__] Original volume map data shape: (1, 360, 360, 360) dtype:float64
2023-03-06 16:13:48,864 INFO [__main__] Initialize CTF filters.
2023-03-06 16:13:48,872 INFO [aspire.source.image] Creating Simulation with 1401 images.
2023-03-06 16:13:48,904 INFO [aspire.source.simulation] Appending CustomNoiseAdder to generation pipeline
2023-03-06 16:13:48,907 INFO [aspire.source.image] save metadata into STAR file
2023-03-06 16:13:48,928 INFO [aspire.storage.starfile] Created StarFile with blocks: 
2023-03-06 16:13:48,938 INFO [aspire.source.image] save images into MRCS file
2023-03-06 16:13:48,980 INFO [aspire.source.image] Saving ImageSource[0-1400] to /home/yoavharlap/work/starfile_0_1400.mrcs
2023-03-06 16:13:49,015 DEBUG [aspire.nufft] nufft passed real_type for signal, converting
2023-03-06 16:13:49,016 INFO [aspire.nufft] Trying NFFT backend cufinufft
2023-03-06 16:13:49,020 INFO [aspire.nufft] NFFT backend cufinufft not usable:
	No module named 'pycuda'
2023-03-06 16:13:49,021 INFO [aspire.nufft] Trying NFFT backend finufft
2023-03-06 16:13:49,029 INFO [aspire.nufft] NFFT backend finufft usable.
2023-03-06 16:13:49,030 INFO [aspire.nufft] Trying NFFT backend pynfft
2023-03-06 16:13:49,031 INFO [aspire.nufft] NFFT backend pynfft not usable:
	No module named 'pynfft'
2023-03-06 16:13:49,032 INFO [aspire.nufft] Selected NFFT backend = finufft.
2023-03-06 16:13:58,839 DEBUG [aspire.image.xform] Applying forward transformations in pipeline
2023-03-06 16:13:58,840 DEBUG [aspire.image.xform] All forward transformations applied
2023-03-06 16:13:59,100 INFO [src.cryo_signal_enhance]     Preparing starfile in the correct format...
2023-03-06 16:13:59,197 INFO [src.cryo_signal_enhance]     adding phase-flip to pipeline...
2023-03-06 16:13:59,200 INFO [src.cryo_signal_enhance]     adding downsample to pipeline (28->28)...
2023-03-06 16:14:02,122 INFO [src.cryo_signal_enhance]     received 1401 coefficient vectors of size 238...
2023-03-06 16:25:34,382 INFO [src.cryo_signal_enhance]     Preparing starfile in the correct format...
2023-03-06 16:25:35,030 INFO [src.cryo_signal_enhance]     adding phase-flip to pipeline...
2023-03-06 16:25:35,034 INFO [src.cryo_signal_enhance]     adding downsample to pipeline (359->359)...
2023-03-06 16:36:51,408 INFO [src.cryo_signal_enhance]     received 1401 coefficient vectors of size 1500...
2023-03-06 16:44:22,968 INFO [src.cryo_signal_enhance]     Preparing starfile in the correct format...
2023-03-06 16:44:23,392 INFO [src.cryo_signal_enhance]     adding phase-flip to pipeline...
2023-03-06 16:44:23,396 INFO [src.cryo_signal_enhance]     adding downsample to pipeline (359->359)...
2023-03-06 16:52:16,300 INFO [src.cryo_signal_enhance]     received 800 coefficient vectors of size 1500...
2023-03-06 16:55:31,595 INFO [src.cryo_signal_enhance]     Preparing starfile in the correct format...
2023-03-06 16:55:32,001 INFO [src.cryo_signal_enhance]     adding phase-flip to pipeline...
2023-03-06 16:55:32,007 INFO [src.cryo_signal_enhance]     adding downsample to pipeline (359->359)...
2023-03-06 17:00:21,873 INFO [src.cryo_signal_enhance]     received 800 coefficient vectors of size 1500...
