2023-03-02 12:24:48,492 DEBUG [root] ASPIRE configuration directory is /home/yoavharlap/.config/ASPIRE
2023-03-02 12:24:48,492 DEBUG [root] ASPIRE configuration resolution details [({'logging': {'log_dir': '/scratch/home/yoavharlap/PycharmProjects/graphCryo/logs'}}, ConfigSource(<super: <class 'ConfigSource'>, <ConfigSource object>>, None, False, False)), ({}, ConfigSource(<super: <class 'ConfigSource'>, <YamlSource object>>, '/home/yoavharlap/.config/ASPIRE/config.yaml', False, False)), ({'version': '0.10.1', 'common': OrderedDict([('numeric', 'numpy'), ('fft', 'pyfftw')]), 'logging': OrderedDict([('log_dir', 'logs'), ('log_exceptions', 1), ('tqdm_disable', False), ('console_level', 'INFO'), ('log_file_level', 'DEBUG'), ('log_prefix', 'aspire')]), 'nufft': OrderedDict([('backends', ['cufinufft', 'finufft', 'pynfft'])]), 'ray': OrderedDict([('temp_dir', '/tmp/ray')])}, ConfigSource(<super: <class 'ConfigSource'>, <YamlSource object>>, '/home/yoavharlap/.local/lib/python3.8/site-packages/aspire/config_default.yaml', True, False))]
2023-03-02 12:24:48,494 DEBUG [root] Resolved config.yaml:

logging:
    log_dir: /scratch/home/yoavharlap/PycharmProjects/graphCryo/logs
    log_exceptions: 1
    tqdm_disable: no
    console_level: INFO
    log_file_level: DEBUG
    log_prefix: aspire
version: 0.10.1
common:
    numeric: numpy
    fft: pyfftw

nufft:
    backends: [cufinufft, finufft, pynfft]

ray:
    temp_dir: /tmp/ray


2023-03-02 12:24:51,550 INFO [aspire.volume.volume] /scratch/guysharon/Work/datafiles/volrefs/emd_2660.map with dtype float32 loaded as <class 'numpy.float64'>
2023-03-02 12:24:52,362 INFO [__main__] Original volume map data shape: (1, 360, 360, 360) dtype:float64
2023-03-02 12:25:09,863 INFO [__main__] Initialize CTF filters.
2023-03-02 12:25:09,867 INFO [aspire.source.image] Creating Simulation with 1402 images.
2023-03-02 12:25:09,888 INFO [aspire.source.image] save metadata into STAR file
2023-03-02 12:25:09,907 INFO [aspire.storage.starfile] Created StarFile with blocks: 
2023-03-02 12:25:09,918 INFO [aspire.source.image] save images into MRCS file
2023-03-02 12:25:09,986 INFO [aspire.source.image] Saving ImageSource[0-1401] to /home/yoavharlap/work/starfile_0_1401.mrcs
2023-03-02 12:25:10,025 DEBUG [aspire.nufft] nufft passed real_type for signal, converting
2023-03-02 12:25:10,026 INFO [aspire.nufft] Trying NFFT backend cufinufft
2023-03-02 12:25:10,029 INFO [aspire.nufft] NFFT backend cufinufft not usable:
	No module named 'pycuda'
2023-03-02 12:25:10,030 INFO [aspire.nufft] Trying NFFT backend finufft
2023-03-02 12:25:10,036 INFO [aspire.nufft] NFFT backend finufft usable.
2023-03-02 12:25:10,037 INFO [aspire.nufft] Trying NFFT backend pynfft
2023-03-02 12:25:10,038 INFO [aspire.nufft] NFFT backend pynfft not usable:
	No module named 'pynfft'
2023-03-02 12:25:10,039 INFO [aspire.nufft] Selected NFFT backend = finufft.
2023-03-02 12:25:10,605 DEBUG [aspire.image.xform] Applying forward transformations in pipeline
2023-03-02 12:25:10,605 DEBUG [aspire.image.xform] All forward transformations applied
2023-03-02 12:25:11,279 INFO [src.cryo_signal_enhance]     Preparing starfile in the correct format...
2023-03-02 12:25:11,372 INFO [src.cryo_signal_enhance]     adding phase-flip to pipeline...
2023-03-02 12:25:11,375 INFO [src.cryo_signal_enhance]     adding downsample to pipeline (28->28)...
2023-03-02 12:25:11,944 INFO [src.cryo_signal_enhance]     estimating white noise...
2023-03-02 12:25:11,977 INFO [src.cryo_signal_enhance]     adding whiten to pipeline...
2023-03-02 12:25:14,417 INFO [src.cryo_signal_enhance]     received 1402 coefficient vectors of size 238...
2023-03-02 12:26:16,963 INFO [src.cryo_signal_enhance]     Preparing starfile in the correct format...
2023-03-02 12:26:17,065 INFO [src.cryo_signal_enhance]     adding phase-flip to pipeline...
2023-03-02 12:26:17,068 INFO [src.cryo_signal_enhance]     adding downsample to pipeline (28->28)...
2023-03-02 12:26:17,659 INFO [src.cryo_signal_enhance]     estimating white noise...
2023-03-02 12:26:17,685 INFO [src.cryo_signal_enhance]     adding whiten to pipeline...
2023-03-02 12:26:18,287 INFO [src.cryo_signal_enhance]     received 1402 coefficient vectors of size 238...
2023-03-02 12:28:35,496 INFO [src.cryo_signal_enhance]     Preparing starfile in the correct format...
2023-03-02 12:28:35,620 INFO [src.cryo_signal_enhance]     adding phase-flip to pipeline...
2023-03-02 12:28:35,623 INFO [src.cryo_signal_enhance]     adding downsample to pipeline (28->28)...
2023-03-02 12:28:36,224 INFO [src.cryo_signal_enhance]     estimating white noise...
2023-03-02 12:28:36,252 INFO [src.cryo_signal_enhance]     adding whiten to pipeline...
2023-03-02 12:28:36,807 INFO [src.cryo_signal_enhance]     received 1402 coefficient vectors of size 238...
2023-03-02 12:29:20,362 INFO [src.cryo_signal_enhance]     Preparing starfile in the correct format...
2023-03-02 12:29:20,472 INFO [src.cryo_signal_enhance]     adding phase-flip to pipeline...
2023-03-02 12:29:20,475 INFO [src.cryo_signal_enhance]     adding downsample to pipeline (28->28)...
2023-03-02 12:29:21,059 INFO [src.cryo_signal_enhance]     estimating white noise...
2023-03-02 12:29:21,084 INFO [src.cryo_signal_enhance]     adding whiten to pipeline...
2023-03-02 12:29:21,599 INFO [src.cryo_signal_enhance]     received 1402 coefficient vectors of size 238...
2023-03-02 12:30:19,866 INFO [src.cryo_signal_enhance]     Preparing starfile in the correct format...
2023-03-02 12:30:19,970 INFO [src.cryo_signal_enhance]     adding phase-flip to pipeline...
2023-03-02 12:30:19,973 INFO [src.cryo_signal_enhance]     adding downsample to pipeline (28->28)...
2023-03-02 12:30:20,567 INFO [src.cryo_signal_enhance]     estimating white noise...
2023-03-02 12:30:20,592 INFO [src.cryo_signal_enhance]     adding whiten to pipeline...
2023-03-02 12:30:21,357 INFO [src.cryo_signal_enhance]     received 1402 coefficient vectors of size 238...
2023-03-02 13:12:59,749 INFO [src.cryo_signal_enhance]     Preparing starfile in the correct format...
2023-03-02 13:12:59,839 INFO [src.cryo_signal_enhance]     adding phase-flip to pipeline...
2023-03-02 13:12:59,842 INFO [src.cryo_signal_enhance]     adding downsample to pipeline (28->28)...
2023-03-02 13:13:00,312 INFO [src.cryo_signal_enhance]     estimating white noise...
2023-03-02 13:13:00,334 INFO [src.cryo_signal_enhance]     adding whiten to pipeline...
2023-03-02 13:13:00,807 INFO [src.cryo_signal_enhance]     received 1402 coefficient vectors of size 238...
