2023-02-26 13:07:00,123 DEBUG [root] ASPIRE configuration directory is /home/yoavharlap/.config/ASPIRE
2023-02-26 13:07:00,123 DEBUG [root] ASPIRE configuration resolution details [({'logging': {'log_dir': '/scratch/home/yoavharlap/PycharmProjects/graphCryo/logs'}}, ConfigSource(<super: <class 'ConfigSource'>, <ConfigSource object>>, None, False, False)), ({}, ConfigSource(<super: <class 'ConfigSource'>, <YamlSource object>>, '/home/yoavharlap/.config/ASPIRE/config.yaml', False, False)), ({'version': '0.10.1', 'common': OrderedDict([('numeric', 'numpy'), ('fft', 'pyfftw')]), 'logging': OrderedDict([('log_dir', 'logs'), ('log_exceptions', 1), ('tqdm_disable', False), ('console_level', 'INFO'), ('log_file_level', 'DEBUG'), ('log_prefix', 'aspire')]), 'nufft': OrderedDict([('backends', ['cufinufft', 'finufft', 'pynfft'])]), 'ray': OrderedDict([('temp_dir', '/tmp/ray')])}, ConfigSource(<super: <class 'ConfigSource'>, <YamlSource object>>, '/home/yoavharlap/.local/lib/python3.8/site-packages/aspire/config_default.yaml', True, False))]
2023-02-26 13:07:00,124 DEBUG [root] Resolved config.yaml:

logging:
    log_dir: /scratch/home/yoavharlap/PycharmProjects/graphCryo/logs
    log_exceptions: 1
    tqdm_disable: no
    console_level: INFO
    log_file_level: DEBUG
    log_prefix: aspire
version: 0.10.1
common:
    numeric: numpy
    fft: pyfftw

nufft:
    backends: [cufinufft, finufft, pynfft]

ray:
    temp_dir: /tmp/ray


2023-02-26 13:07:03,180 INFO [aspire.volume.volume] /scratch/guysharon/Work/datafiles/volrefs/emd_2660.map with dtype float32 loaded as <class 'numpy.float64'>
2023-02-26 13:07:03,308 INFO [__main__] Original volume map data shape: (1, 360, 360, 360) dtype:float64
2023-02-26 13:07:19,735 INFO [__main__] Initialize CTF filters.
2023-02-26 13:07:19,739 INFO [aspire.source.image] Creating Simulation with 1400 images.
2023-02-26 13:07:19,757 INFO [aspire.source.simulation] Appending CustomNoiseAdder to generation pipeline
2023-02-26 13:07:19,759 INFO [aspire.source.image] save metadata into STAR file
2023-02-26 13:07:19,780 INFO [aspire.storage.starfile] Created StarFile with blocks: 
2023-02-26 13:07:19,789 INFO [aspire.source.image] save images into MRCS file
2023-02-26 13:07:19,837 INFO [aspire.source.image] Saving ImageSource[0-1399] to /home/yoavharlap/work/starfile_0_1399.mrcs
2023-02-26 13:07:19,874 DEBUG [aspire.nufft] nufft passed real_type for signal, converting
2023-02-26 13:07:19,875 INFO [aspire.nufft] Trying NFFT backend cufinufft
2023-02-26 13:07:19,877 INFO [aspire.nufft] NFFT backend cufinufft not usable:
	No module named 'pycuda'
2023-02-26 13:07:19,878 INFO [aspire.nufft] Trying NFFT backend finufft
2023-02-26 13:07:19,885 INFO [aspire.nufft] NFFT backend finufft usable.
2023-02-26 13:07:19,886 INFO [aspire.nufft] Trying NFFT backend pynfft
2023-02-26 13:07:19,887 INFO [aspire.nufft] NFFT backend pynfft not usable:
	No module named 'pynfft'
2023-02-26 13:07:19,888 INFO [aspire.nufft] Selected NFFT backend = finufft.
2023-02-26 13:07:27,534 DEBUG [aspire.image.xform] Applying forward transformations in pipeline
2023-02-26 13:07:27,535 DEBUG [aspire.image.xform] All forward transformations applied
2023-02-26 13:07:28,212 INFO [src.cryo_signal_enhance]     Preparing starfile in the correct format...
2023-02-26 13:07:28,304 INFO [src.cryo_signal_enhance]     adding phase-flip to pipeline...
2023-02-26 13:07:28,307 INFO [src.cryo_signal_enhance]     adding downsample to pipeline (28->28)...
2023-02-26 13:07:28,836 INFO [src.cryo_signal_enhance]     estimating white noise...
2023-02-26 13:07:28,861 INFO [src.cryo_signal_enhance]     adding whiten to pipeline...
2023-02-26 13:07:31,320 INFO [src.cryo_signal_enhance]     received 1400 coefficient vectors of size 238...
2023-02-26 13:15:29,816 INFO [src.cryo_signal_enhance]     Preparing starfile in the correct format...
2023-02-26 13:15:29,907 INFO [src.cryo_signal_enhance]     adding phase-flip to pipeline...
2023-02-26 13:15:29,910 INFO [src.cryo_signal_enhance]     adding downsample to pipeline (28->28)...
2023-02-26 13:15:30,416 INFO [src.cryo_signal_enhance]     estimating white noise...
2023-02-26 13:15:30,442 INFO [src.cryo_signal_enhance]     adding whiten to pipeline...
2023-02-26 13:15:30,992 INFO [src.cryo_signal_enhance]     received 1400 coefficient vectors of size 238...
2023-02-26 13:19:09,087 INFO [src.cryo_signal_enhance]     Preparing starfile in the correct format...
2023-02-26 13:19:09,179 INFO [src.cryo_signal_enhance]     adding phase-flip to pipeline...
2023-02-26 13:19:09,182 INFO [src.cryo_signal_enhance]     adding downsample to pipeline (28->28)...
2023-02-26 13:19:09,713 INFO [src.cryo_signal_enhance]     estimating white noise...
2023-02-26 13:19:09,738 INFO [src.cryo_signal_enhance]     adding whiten to pipeline...
2023-02-26 13:19:10,217 INFO [src.cryo_signal_enhance]     received 1400 coefficient vectors of size 238...
2023-02-26 14:02:18,684 INFO [src.cryo_signal_enhance]     Preparing starfile in the correct format...
2023-02-26 14:02:18,779 INFO [src.cryo_signal_enhance]     adding phase-flip to pipeline...
2023-02-26 14:02:18,782 INFO [src.cryo_signal_enhance]     adding downsample to pipeline (28->28)...
2023-02-26 14:02:19,241 INFO [src.cryo_signal_enhance]     estimating white noise...
2023-02-26 14:02:19,265 INFO [src.cryo_signal_enhance]     adding whiten to pipeline...
2023-02-26 14:02:19,789 INFO [src.cryo_signal_enhance]     received 1400 coefficient vectors of size 238...
2023-02-26 14:06:44,475 INFO [src.cryo_signal_enhance]     Preparing starfile in the correct format...
2023-02-26 14:06:44,564 INFO [src.cryo_signal_enhance]     adding phase-flip to pipeline...
2023-02-26 14:06:44,567 INFO [src.cryo_signal_enhance]     adding downsample to pipeline (28->28)...
2023-02-26 14:06:45,081 INFO [src.cryo_signal_enhance]     estimating white noise...
2023-02-26 14:06:45,109 INFO [src.cryo_signal_enhance]     adding whiten to pipeline...
2023-02-26 14:06:45,586 INFO [src.cryo_signal_enhance]     received 1400 coefficient vectors of size 238...
2023-02-26 14:07:43,941 INFO [src.cryo_signal_enhance]     Preparing starfile in the correct format...
2023-02-26 14:07:44,029 INFO [src.cryo_signal_enhance]     adding phase-flip to pipeline...
2023-02-26 14:07:44,032 INFO [src.cryo_signal_enhance]     adding downsample to pipeline (28->28)...
2023-02-26 14:07:44,504 INFO [src.cryo_signal_enhance]     estimating white noise...
2023-02-26 14:07:44,528 INFO [src.cryo_signal_enhance]     adding whiten to pipeline...
2023-02-26 14:07:45,017 INFO [src.cryo_signal_enhance]     received 1400 coefficient vectors of size 238...
2023-02-26 14:08:18,426 INFO [src.cryo_signal_enhance]     Preparing starfile in the correct format...
2023-02-26 14:08:18,514 INFO [src.cryo_signal_enhance]     adding phase-flip to pipeline...
2023-02-26 14:08:18,517 INFO [src.cryo_signal_enhance]     adding downsample to pipeline (28->28)...
2023-02-26 14:08:19,031 INFO [src.cryo_signal_enhance]     estimating white noise...
2023-02-26 14:08:19,055 INFO [src.cryo_signal_enhance]     adding whiten to pipeline...
2023-02-26 14:08:19,602 INFO [src.cryo_signal_enhance]     received 1400 coefficient vectors of size 238...
2023-02-26 14:08:47,557 INFO [src.cryo_signal_enhance]     Preparing starfile in the correct format...
2023-02-26 14:08:47,652 INFO [src.cryo_signal_enhance]     adding phase-flip to pipeline...
2023-02-26 14:08:47,655 INFO [src.cryo_signal_enhance]     adding downsample to pipeline (28->28)...
2023-02-26 14:08:48,162 INFO [src.cryo_signal_enhance]     estimating white noise...
2023-02-26 14:08:48,188 INFO [src.cryo_signal_enhance]     adding whiten to pipeline...
2023-02-26 14:08:48,692 INFO [src.cryo_signal_enhance]     received 1400 coefficient vectors of size 238...
2023-02-26 14:09:33,466 INFO [src.cryo_signal_enhance]     Preparing starfile in the correct format...
2023-02-26 14:09:33,561 INFO [src.cryo_signal_enhance]     adding phase-flip to pipeline...
2023-02-26 14:09:33,564 INFO [src.cryo_signal_enhance]     adding downsample to pipeline (28->28)...
2023-02-26 14:09:34,080 INFO [src.cryo_signal_enhance]     estimating white noise...
2023-02-26 14:09:34,105 INFO [src.cryo_signal_enhance]     adding whiten to pipeline...
2023-02-26 14:09:34,625 INFO [src.cryo_signal_enhance]     received 1400 coefficient vectors of size 238...
2023-02-26 14:12:20,218 INFO [src.cryo_signal_enhance]     Preparing starfile in the correct format...
2023-02-26 14:12:20,304 INFO [src.cryo_signal_enhance]     adding phase-flip to pipeline...
2023-02-26 14:12:20,307 INFO [src.cryo_signal_enhance]     adding downsample to pipeline (28->28)...
2023-02-26 14:12:20,779 INFO [src.cryo_signal_enhance]     estimating white noise...
2023-02-26 14:12:20,803 INFO [src.cryo_signal_enhance]     adding whiten to pipeline...
2023-02-26 14:12:21,286 INFO [src.cryo_signal_enhance]     received 1400 coefficient vectors of size 238...
2023-02-26 14:13:54,383 INFO [src.cryo_signal_enhance]     Preparing starfile in the correct format...
2023-02-26 14:13:54,473 INFO [src.cryo_signal_enhance]     adding phase-flip to pipeline...
2023-02-26 14:13:54,476 INFO [src.cryo_signal_enhance]     adding downsample to pipeline (28->28)...
2023-02-26 14:13:54,997 INFO [src.cryo_signal_enhance]     estimating white noise...
2023-02-26 14:13:55,023 INFO [src.cryo_signal_enhance]     adding whiten to pipeline...
2023-02-26 14:13:55,541 INFO [src.cryo_signal_enhance]     received 1400 coefficient vectors of size 238...
2023-02-26 14:14:25,165 INFO [src.cryo_signal_enhance]     Preparing starfile in the correct format...
2023-02-26 14:14:25,250 INFO [src.cryo_signal_enhance]     adding phase-flip to pipeline...
2023-02-26 14:14:25,253 INFO [src.cryo_signal_enhance]     adding downsample to pipeline (28->28)...
2023-02-26 14:14:25,746 INFO [src.cryo_signal_enhance]     estimating white noise...
2023-02-26 14:14:25,771 INFO [src.cryo_signal_enhance]     adding whiten to pipeline...
2023-02-26 14:14:26,225 INFO [src.cryo_signal_enhance]     received 1400 coefficient vectors of size 238...
2023-02-26 14:15:04,485 INFO [src.cryo_signal_enhance]     Preparing starfile in the correct format...
2023-02-26 14:15:04,576 INFO [src.cryo_signal_enhance]     adding phase-flip to pipeline...
2023-02-26 14:15:04,579 INFO [src.cryo_signal_enhance]     adding downsample to pipeline (28->28)...
2023-02-26 14:15:05,066 INFO [src.cryo_signal_enhance]     estimating white noise...
2023-02-26 14:15:05,096 INFO [src.cryo_signal_enhance]     adding whiten to pipeline...
2023-02-26 14:15:05,585 INFO [src.cryo_signal_enhance]     received 1400 coefficient vectors of size 238...
2023-02-26 14:15:43,819 INFO [src.cryo_signal_enhance]     Preparing starfile in the correct format...
2023-02-26 14:15:43,909 INFO [src.cryo_signal_enhance]     adding phase-flip to pipeline...
2023-02-26 14:15:43,912 INFO [src.cryo_signal_enhance]     adding downsample to pipeline (28->28)...
2023-02-26 14:15:44,427 INFO [src.cryo_signal_enhance]     estimating white noise...
2023-02-26 14:15:44,452 INFO [src.cryo_signal_enhance]     adding whiten to pipeline...
2023-02-26 14:15:44,948 INFO [src.cryo_signal_enhance]     received 1400 coefficient vectors of size 238...
2023-02-26 14:16:06,849 INFO [src.cryo_signal_enhance]     Preparing starfile in the correct format...
2023-02-26 14:16:06,941 INFO [src.cryo_signal_enhance]     adding phase-flip to pipeline...
2023-02-26 14:16:06,945 INFO [src.cryo_signal_enhance]     adding downsample to pipeline (28->28)...
2023-02-26 14:16:07,408 INFO [src.cryo_signal_enhance]     estimating white noise...
2023-02-26 14:16:07,432 INFO [src.cryo_signal_enhance]     adding whiten to pipeline...
2023-02-26 14:16:07,901 INFO [src.cryo_signal_enhance]     received 1400 coefficient vectors of size 238...
2023-02-26 14:16:27,755 INFO [src.cryo_signal_enhance]     Preparing starfile in the correct format...
2023-02-26 14:16:27,849 INFO [src.cryo_signal_enhance]     adding phase-flip to pipeline...
2023-02-26 14:16:27,851 INFO [src.cryo_signal_enhance]     adding downsample to pipeline (28->28)...
2023-02-26 14:16:28,361 INFO [src.cryo_signal_enhance]     estimating white noise...
2023-02-26 14:16:28,389 INFO [src.cryo_signal_enhance]     adding whiten to pipeline...
2023-02-26 14:16:28,898 INFO [src.cryo_signal_enhance]     received 1400 coefficient vectors of size 238...
2023-02-26 14:17:06,937 INFO [src.cryo_signal_enhance]     Preparing starfile in the correct format...
2023-02-26 14:17:07,029 INFO [src.cryo_signal_enhance]     adding phase-flip to pipeline...
2023-02-26 14:17:07,032 INFO [src.cryo_signal_enhance]     adding downsample to pipeline (28->28)...
2023-02-26 14:17:07,524 INFO [src.cryo_signal_enhance]     estimating white noise...
2023-02-26 14:17:07,548 INFO [src.cryo_signal_enhance]     adding whiten to pipeline...
2023-02-26 14:17:08,024 INFO [src.cryo_signal_enhance]     received 1400 coefficient vectors of size 238...
2023-02-26 14:18:52,597 INFO [src.cryo_signal_enhance]     Preparing starfile in the correct format...
2023-02-26 14:18:52,694 INFO [src.cryo_signal_enhance]     adding phase-flip to pipeline...
2023-02-26 14:18:52,698 INFO [src.cryo_signal_enhance]     adding downsample to pipeline (28->28)...
2023-02-26 14:18:53,280 INFO [src.cryo_signal_enhance]     estimating white noise...
2023-02-26 14:18:53,319 INFO [src.cryo_signal_enhance]     adding whiten to pipeline...
2023-02-26 14:18:53,851 INFO [src.cryo_signal_enhance]     received 1400 coefficient vectors of size 238...
2023-02-26 14:19:23,701 INFO [src.cryo_signal_enhance]     Preparing starfile in the correct format...
2023-02-26 14:19:23,843 INFO [src.cryo_signal_enhance]     adding phase-flip to pipeline...
2023-02-26 14:19:23,846 INFO [src.cryo_signal_enhance]     adding downsample to pipeline (28->28)...
2023-02-26 14:19:24,461 INFO [src.cryo_signal_enhance]     estimating white noise...
2023-02-26 14:19:24,504 INFO [src.cryo_signal_enhance]     adding whiten to pipeline...
2023-02-26 14:19:25,048 INFO [src.cryo_signal_enhance]     received 1400 coefficient vectors of size 238...
2023-02-26 14:19:53,018 INFO [src.cryo_signal_enhance]     Preparing starfile in the correct format...
2023-02-26 14:19:53,292 INFO [src.cryo_signal_enhance]     adding phase-flip to pipeline...
2023-02-26 14:19:53,294 INFO [src.cryo_signal_enhance]     adding downsample to pipeline (28->28)...
2023-02-26 14:19:53,794 INFO [src.cryo_signal_enhance]     estimating white noise...
2023-02-26 14:19:53,819 INFO [src.cryo_signal_enhance]     adding whiten to pipeline...
2023-02-26 14:19:54,301 INFO [src.cryo_signal_enhance]     received 1400 coefficient vectors of size 238...
2023-02-26 14:21:37,718 INFO [src.cryo_signal_enhance]     Preparing starfile in the correct format...
2023-02-26 14:21:37,805 INFO [src.cryo_signal_enhance]     adding phase-flip to pipeline...
2023-02-26 14:21:37,808 INFO [src.cryo_signal_enhance]     adding downsample to pipeline (28->28)...
2023-02-26 14:21:38,310 INFO [src.cryo_signal_enhance]     estimating white noise...
2023-02-26 14:21:38,334 INFO [src.cryo_signal_enhance]     adding whiten to pipeline...
2023-02-26 14:21:38,779 INFO [src.cryo_signal_enhance]     received 1400 coefficient vectors of size 238...
2023-02-26 14:26:16,450 INFO [src.cryo_signal_enhance]     Preparing starfile in the correct format...
2023-02-26 14:26:16,547 INFO [src.cryo_signal_enhance]     adding phase-flip to pipeline...
2023-02-26 14:26:16,551 INFO [src.cryo_signal_enhance]     adding downsample to pipeline (28->28)...
2023-02-26 14:26:17,094 INFO [src.cryo_signal_enhance]     estimating white noise...
2023-02-26 14:26:17,119 INFO [src.cryo_signal_enhance]     adding whiten to pipeline...
2023-02-26 14:26:17,605 INFO [src.cryo_signal_enhance]     received 1400 coefficient vectors of size 238...
2023-02-26 14:26:50,314 INFO [src.cryo_signal_enhance]     Preparing starfile in the correct format...
2023-02-26 14:26:50,403 INFO [src.cryo_signal_enhance]     adding phase-flip to pipeline...
2023-02-26 14:26:50,406 INFO [src.cryo_signal_enhance]     adding downsample to pipeline (28->28)...
2023-02-26 14:26:50,938 INFO [src.cryo_signal_enhance]     estimating white noise...
2023-02-26 14:26:50,963 INFO [src.cryo_signal_enhance]     adding whiten to pipeline...
2023-02-26 14:26:51,569 INFO [src.cryo_signal_enhance]     received 1400 coefficient vectors of size 238...
2023-02-26 14:27:44,482 INFO [src.cryo_signal_enhance]     Preparing starfile in the correct format...
2023-02-26 14:27:44,571 INFO [src.cryo_signal_enhance]     adding phase-flip to pipeline...
2023-02-26 14:27:44,574 INFO [src.cryo_signal_enhance]     adding downsample to pipeline (28->28)...
2023-02-26 14:27:45,037 INFO [src.cryo_signal_enhance]     estimating white noise...
2023-02-26 14:27:45,061 INFO [src.cryo_signal_enhance]     adding whiten to pipeline...
2023-02-26 14:27:45,537 INFO [src.cryo_signal_enhance]     received 1400 coefficient vectors of size 238...
2023-02-26 14:28:21,974 INFO [src.cryo_signal_enhance]     Preparing starfile in the correct format...
2023-02-26 14:28:22,060 INFO [src.cryo_signal_enhance]     adding phase-flip to pipeline...
2023-02-26 14:28:22,063 INFO [src.cryo_signal_enhance]     adding downsample to pipeline (28->28)...
2023-02-26 14:28:22,579 INFO [src.cryo_signal_enhance]     estimating white noise...
2023-02-26 14:28:22,604 INFO [src.cryo_signal_enhance]     adding whiten to pipeline...
2023-02-26 14:28:23,094 INFO [src.cryo_signal_enhance]     received 1400 coefficient vectors of size 238...
2023-02-26 14:28:57,242 INFO [src.cryo_signal_enhance]     Preparing starfile in the correct format...
2023-02-26 14:28:57,359 INFO [src.cryo_signal_enhance]     adding phase-flip to pipeline...
2023-02-26 14:28:57,362 INFO [src.cryo_signal_enhance]     adding downsample to pipeline (28->28)...
2023-02-26 14:28:57,987 INFO [src.cryo_signal_enhance]     estimating white noise...
2023-02-26 14:28:58,014 INFO [src.cryo_signal_enhance]     adding whiten to pipeline...
2023-02-26 14:28:58,658 INFO [src.cryo_signal_enhance]     received 1400 coefficient vectors of size 238...
2023-02-26 14:29:21,250 INFO [src.cryo_signal_enhance]     Preparing starfile in the correct format...
2023-02-26 14:29:21,383 INFO [src.cryo_signal_enhance]     adding phase-flip to pipeline...
2023-02-26 14:29:21,387 INFO [src.cryo_signal_enhance]     adding downsample to pipeline (28->28)...
2023-02-26 14:29:22,060 INFO [src.cryo_signal_enhance]     estimating white noise...
2023-02-26 14:29:22,088 INFO [src.cryo_signal_enhance]     adding whiten to pipeline...
2023-02-26 14:29:22,681 INFO [src.cryo_signal_enhance]     received 1400 coefficient vectors of size 238...
2023-02-26 14:30:27,566 INFO [src.cryo_signal_enhance]     Preparing starfile in the correct format...
2023-02-26 14:30:27,657 INFO [src.cryo_signal_enhance]     adding phase-flip to pipeline...
2023-02-26 14:30:27,660 INFO [src.cryo_signal_enhance]     adding downsample to pipeline (28->28)...
2023-02-26 14:30:28,179 INFO [src.cryo_signal_enhance]     estimating white noise...
2023-02-26 14:30:28,206 INFO [src.cryo_signal_enhance]     adding whiten to pipeline...
2023-02-26 14:30:28,735 INFO [src.cryo_signal_enhance]     received 1400 coefficient vectors of size 238...
2023-02-26 14:31:16,514 INFO [src.cryo_signal_enhance]     Preparing starfile in the correct format...
2023-02-26 14:31:16,611 INFO [src.cryo_signal_enhance]     adding phase-flip to pipeline...
2023-02-26 14:31:16,614 INFO [src.cryo_signal_enhance]     adding downsample to pipeline (28->28)...
2023-02-26 14:31:17,120 INFO [src.cryo_signal_enhance]     estimating white noise...
2023-02-26 14:31:17,146 INFO [src.cryo_signal_enhance]     adding whiten to pipeline...
2023-02-26 14:31:17,678 INFO [src.cryo_signal_enhance]     received 1400 coefficient vectors of size 238...
2023-02-26 14:32:06,781 INFO [src.cryo_signal_enhance]     Preparing starfile in the correct format...
2023-02-26 14:32:06,871 INFO [src.cryo_signal_enhance]     adding phase-flip to pipeline...
2023-02-26 14:32:06,874 INFO [src.cryo_signal_enhance]     adding downsample to pipeline (28->28)...
2023-02-26 14:32:07,382 INFO [src.cryo_signal_enhance]     estimating white noise...
2023-02-26 14:32:07,406 INFO [src.cryo_signal_enhance]     adding whiten to pipeline...
2023-02-26 14:32:07,889 INFO [src.cryo_signal_enhance]     received 1400 coefficient vectors of size 238...
2023-02-26 14:33:41,257 INFO [src.cryo_signal_enhance]     Preparing starfile in the correct format...
2023-02-26 14:33:41,352 INFO [src.cryo_signal_enhance]     adding phase-flip to pipeline...
2023-02-26 14:33:41,355 INFO [src.cryo_signal_enhance]     adding downsample to pipeline (28->28)...
2023-02-26 14:33:41,888 INFO [src.cryo_signal_enhance]     estimating white noise...
2023-02-26 14:33:41,917 INFO [src.cryo_signal_enhance]     adding whiten to pipeline...
2023-02-26 14:33:42,425 INFO [src.cryo_signal_enhance]     received 1400 coefficient vectors of size 238...
2023-02-26 14:40:59,115 INFO [src.cryo_signal_enhance]     Preparing starfile in the correct format...
2023-02-26 14:40:59,208 INFO [src.cryo_signal_enhance]     adding phase-flip to pipeline...
2023-02-26 14:40:59,212 INFO [src.cryo_signal_enhance]     adding downsample to pipeline (28->28)...
2023-02-26 14:40:59,741 INFO [src.cryo_signal_enhance]     estimating white noise...
2023-02-26 14:40:59,772 INFO [src.cryo_signal_enhance]     adding whiten to pipeline...
2023-02-26 14:41:00,301 INFO [src.cryo_signal_enhance]     received 1400 coefficient vectors of size 238...
2023-02-26 14:41:33,203 INFO [src.cryo_signal_enhance]     Preparing starfile in the correct format...
2023-02-26 14:41:33,301 INFO [src.cryo_signal_enhance]     adding phase-flip to pipeline...
2023-02-26 14:41:33,305 INFO [src.cryo_signal_enhance]     adding downsample to pipeline (28->28)...
2023-02-26 14:41:33,791 INFO [src.cryo_signal_enhance]     estimating white noise...
2023-02-26 14:41:33,823 INFO [src.cryo_signal_enhance]     adding whiten to pipeline...
2023-02-26 14:41:34,353 INFO [src.cryo_signal_enhance]     received 1400 coefficient vectors of size 238...
2023-02-26 14:42:08,129 INFO [src.cryo_signal_enhance]     Preparing starfile in the correct format...
2023-02-26 14:42:08,223 INFO [src.cryo_signal_enhance]     adding phase-flip to pipeline...
2023-02-26 14:42:08,226 INFO [src.cryo_signal_enhance]     adding downsample to pipeline (28->28)...
2023-02-26 14:42:08,693 INFO [src.cryo_signal_enhance]     estimating white noise...
2023-02-26 14:42:08,719 INFO [src.cryo_signal_enhance]     adding whiten to pipeline...
2023-02-26 14:42:09,232 INFO [src.cryo_signal_enhance]     received 1400 coefficient vectors of size 238...
2023-02-26 14:43:08,313 INFO [src.cryo_signal_enhance]     Preparing starfile in the correct format...
2023-02-26 14:43:08,410 INFO [src.cryo_signal_enhance]     adding phase-flip to pipeline...
2023-02-26 14:43:08,413 INFO [src.cryo_signal_enhance]     adding downsample to pipeline (28->28)...
2023-02-26 14:43:08,914 INFO [src.cryo_signal_enhance]     estimating white noise...
2023-02-26 14:43:08,939 INFO [src.cryo_signal_enhance]     adding whiten to pipeline...
2023-02-26 14:43:09,399 INFO [src.cryo_signal_enhance]     received 1400 coefficient vectors of size 238...
2023-02-26 14:43:35,571 INFO [src.cryo_signal_enhance]     Preparing starfile in the correct format...
2023-02-26 14:43:35,661 INFO [src.cryo_signal_enhance]     adding phase-flip to pipeline...
2023-02-26 14:43:35,665 INFO [src.cryo_signal_enhance]     adding downsample to pipeline (28->28)...
2023-02-26 14:43:36,252 INFO [src.cryo_signal_enhance]     estimating white noise...
2023-02-26 14:43:36,278 INFO [src.cryo_signal_enhance]     adding whiten to pipeline...
2023-02-26 14:43:36,757 INFO [src.cryo_signal_enhance]     received 1400 coefficient vectors of size 238...
