2023-02-20 10:58:24,794 DEBUG [root] ASPIRE configuration directory is /home/yoavharlap/.config/ASPIRE
2023-02-20 10:58:24,794 DEBUG [root] ASPIRE configuration resolution details [({'logging': {'log_dir': '/scratch/home/yoavharlap/PycharmProjects/graphCryo/logs'}}, ConfigSource(<super: <class 'ConfigSource'>, <ConfigSource object>>, None, False, False)), ({}, ConfigSource(<super: <class 'ConfigSource'>, <YamlSource object>>, '/home/yoavharlap/.config/ASPIRE/config.yaml', False, False)), ({'version': '0.10.1', 'common': OrderedDict([('numeric', 'numpy'), ('fft', 'pyfftw')]), 'logging': OrderedDict([('log_dir', 'logs'), ('log_exceptions', 1), ('tqdm_disable', False), ('console_level', 'INFO'), ('log_file_level', 'DEBUG'), ('log_prefix', 'aspire')]), 'nufft': OrderedDict([('backends', ['cufinufft', 'finufft', 'pynfft'])]), 'ray': OrderedDict([('temp_dir', '/tmp/ray')])}, ConfigSource(<super: <class 'ConfigSource'>, <YamlSource object>>, '/home/yoavharlap/.local/lib/python3.8/site-packages/aspire/config_default.yaml', True, False))]
2023-02-20 10:58:24,795 DEBUG [root] Resolved config.yaml:

logging:
    log_dir: /scratch/home/yoavharlap/PycharmProjects/graphCryo/logs
    log_exceptions: 1
    tqdm_disable: no
    console_level: INFO
    log_file_level: DEBUG
    log_prefix: aspire
version: 0.10.1
common:
    numeric: numpy
    fft: pyfftw

nufft:
    backends: [cufinufft, finufft, pynfft]

ray:
    temp_dir: /tmp/ray


2023-02-20 10:58:28,146 INFO [aspire.volume.volume] /scratch/guysharon/Work/datafiles/volrefs/emd_2660.map with dtype float32 loaded as <class 'numpy.float64'>
2023-02-20 10:58:28,292 INFO [__main__] Original volume map data shape: (1, 360, 360, 360) dtype:float64
2023-02-20 10:58:44,193 INFO [__main__] Initialize CTF filters.
2023-02-20 10:58:44,198 INFO [aspire.source.image] Creating Simulation with 1200 images.
2023-02-20 10:58:44,220 INFO [aspire.source.simulation] Appending CustomNoiseAdder to generation pipeline
2023-02-20 10:58:44,222 INFO [aspire.source.image] save metadata into STAR file
2023-02-20 10:58:44,241 INFO [aspire.storage.starfile] Created StarFile with blocks: 
2023-02-20 10:58:44,250 INFO [aspire.source.image] save images into MRCS file
2023-02-20 10:58:44,289 INFO [aspire.source.image] Saving ImageSource[0-1199] to /home/yoavharlap/work/starfile_0_1199.mrcs
2023-02-20 10:58:44,322 DEBUG [aspire.nufft] nufft passed real_type for signal, converting
2023-02-20 10:58:44,323 INFO [aspire.nufft] Trying NFFT backend cufinufft
2023-02-20 10:58:44,328 INFO [aspire.nufft] NFFT backend cufinufft not usable:
	No module named 'pycuda'
2023-02-20 10:58:44,330 INFO [aspire.nufft] Trying NFFT backend finufft
2023-02-20 10:58:44,344 INFO [aspire.nufft] NFFT backend finufft usable.
2023-02-20 10:58:44,345 INFO [aspire.nufft] Trying NFFT backend pynfft
2023-02-20 10:58:44,347 INFO [aspire.nufft] NFFT backend pynfft not usable:
	No module named 'pynfft'
2023-02-20 10:58:44,349 INFO [aspire.nufft] Selected NFFT backend = finufft.
2023-02-20 10:58:51,862 DEBUG [aspire.image.xform] Applying forward transformations in pipeline
2023-02-20 10:58:51,862 DEBUG [aspire.image.xform] All forward transformations applied
2023-02-20 10:58:52,340 INFO [src.cryo_signal_enhance]     Preparing starfile in the correct format...
2023-02-20 10:58:52,421 INFO [src.cryo_signal_enhance]     adding phase-flip to pipeline...
2023-02-20 10:58:52,424 INFO [src.cryo_signal_enhance]     adding downsample to pipeline (28->28)...
2023-02-20 10:58:52,921 INFO [src.cryo_signal_enhance]     estimating white noise...
2023-02-20 10:58:52,944 INFO [src.cryo_signal_enhance]     adding whiten to pipeline...
2023-02-20 10:58:55,291 INFO [src.cryo_signal_enhance]     received 1200 coefficient vectors of size 238...
2023-02-20 10:59:29,746 INFO [src.cryo_signal_enhance]     Preparing starfile in the correct format...
2023-02-20 10:59:29,821 INFO [src.cryo_signal_enhance]     adding phase-flip to pipeline...
2023-02-20 10:59:29,824 INFO [src.cryo_signal_enhance]     adding downsample to pipeline (28->28)...
2023-02-20 10:59:30,256 INFO [src.cryo_signal_enhance]     estimating white noise...
2023-02-20 10:59:30,276 INFO [src.cryo_signal_enhance]     adding whiten to pipeline...
2023-02-20 10:59:30,750 INFO [src.cryo_signal_enhance]     received 1200 coefficient vectors of size 238...
2023-02-20 10:59:49,919 INFO [src.cryo_signal_enhance]     Preparing starfile in the correct format...
2023-02-20 10:59:49,996 INFO [src.cryo_signal_enhance]     adding phase-flip to pipeline...
2023-02-20 10:59:49,999 INFO [src.cryo_signal_enhance]     adding downsample to pipeline (28->28)...
2023-02-20 10:59:50,492 INFO [src.cryo_signal_enhance]     estimating white noise...
2023-02-20 10:59:50,517 INFO [src.cryo_signal_enhance]     adding whiten to pipeline...
2023-02-20 10:59:50,992 INFO [src.cryo_signal_enhance]     received 1200 coefficient vectors of size 238...
2023-02-20 11:00:09,505 INFO [src.cryo_signal_enhance]     Preparing starfile in the correct format...
2023-02-20 11:00:09,587 INFO [src.cryo_signal_enhance]     adding phase-flip to pipeline...
2023-02-20 11:00:09,590 INFO [src.cryo_signal_enhance]     adding downsample to pipeline (28->28)...
2023-02-20 11:00:10,007 INFO [src.cryo_signal_enhance]     estimating white noise...
2023-02-20 11:00:10,028 INFO [src.cryo_signal_enhance]     adding whiten to pipeline...
2023-02-20 11:00:10,483 INFO [src.cryo_signal_enhance]     received 1200 coefficient vectors of size 238...
2023-02-20 11:02:03,981 INFO [src.cryo_signal_enhance]     Preparing starfile in the correct format...
2023-02-20 11:02:04,075 INFO [src.cryo_signal_enhance]     adding phase-flip to pipeline...
2023-02-20 11:02:04,078 INFO [src.cryo_signal_enhance]     adding downsample to pipeline (28->28)...
2023-02-20 11:02:04,646 INFO [src.cryo_signal_enhance]     estimating white noise...
2023-02-20 11:02:04,669 INFO [src.cryo_signal_enhance]     adding whiten to pipeline...
2023-02-20 11:02:05,427 INFO [src.cryo_signal_enhance]     received 1200 coefficient vectors of size 238...
2023-02-20 11:02:26,271 INFO [src.cryo_signal_enhance]     Preparing starfile in the correct format...
2023-02-20 11:02:26,406 INFO [src.cryo_signal_enhance]     adding phase-flip to pipeline...
2023-02-20 11:02:26,410 INFO [src.cryo_signal_enhance]     adding downsample to pipeline (28->28)...
2023-02-20 11:02:27,096 INFO [src.cryo_signal_enhance]     estimating white noise...
2023-02-20 11:02:27,132 INFO [src.cryo_signal_enhance]     adding whiten to pipeline...
2023-02-20 11:02:27,631 INFO [src.cryo_signal_enhance]     received 1200 coefficient vectors of size 238...
2023-02-20 11:06:21,444 INFO [src.cryo_signal_enhance]     Preparing starfile in the correct format...
2023-02-20 11:06:21,585 INFO [src.cryo_signal_enhance]     adding phase-flip to pipeline...
2023-02-20 11:06:21,588 INFO [src.cryo_signal_enhance]     adding downsample to pipeline (28->28)...
2023-02-20 11:06:22,066 INFO [src.cryo_signal_enhance]     estimating white noise...
2023-02-20 11:06:22,086 INFO [src.cryo_signal_enhance]     adding whiten to pipeline...
2023-02-20 11:06:22,546 INFO [src.cryo_signal_enhance]     received 1300 coefficient vectors of size 238...
2023-02-20 11:10:17,111 INFO [src.cryo_signal_enhance]     Preparing starfile in the correct format...
2023-02-20 11:10:17,257 INFO [src.cryo_signal_enhance]     adding phase-flip to pipeline...
2023-02-20 11:10:17,262 INFO [src.cryo_signal_enhance]     adding downsample to pipeline (28->28)...
2023-02-20 11:10:17,843 INFO [src.cryo_signal_enhance]     estimating white noise...
2023-02-20 11:10:17,873 INFO [src.cryo_signal_enhance]     adding whiten to pipeline...
2023-02-20 11:10:18,590 INFO [src.cryo_signal_enhance]     received 1300 coefficient vectors of size 238...
2023-02-20 11:10:40,095 INFO [src.cryo_signal_enhance]     Preparing starfile in the correct format...
2023-02-20 11:10:40,197 INFO [src.cryo_signal_enhance]     adding phase-flip to pipeline...
2023-02-20 11:10:40,200 INFO [src.cryo_signal_enhance]     adding downsample to pipeline (28->28)...
2023-02-20 11:10:40,709 INFO [src.cryo_signal_enhance]     estimating white noise...
2023-02-20 11:10:40,732 INFO [src.cryo_signal_enhance]     adding whiten to pipeline...
2023-02-20 11:10:41,190 INFO [src.cryo_signal_enhance]     received 1300 coefficient vectors of size 238...
2023-02-20 11:19:42,528 INFO [src.cryo_signal_enhance]     Preparing starfile in the correct format...
2023-02-20 11:19:42,628 INFO [src.cryo_signal_enhance]     adding phase-flip to pipeline...
2023-02-20 11:19:42,633 INFO [src.cryo_signal_enhance]     adding downsample to pipeline (28->28)...
2023-02-20 11:19:43,292 INFO [src.cryo_signal_enhance]     estimating white noise...
2023-02-20 11:19:43,319 INFO [src.cryo_signal_enhance]     adding whiten to pipeline...
2023-02-20 11:19:44,006 INFO [src.cryo_signal_enhance]     received 1300 coefficient vectors of size 238...
2023-02-20 11:20:31,254 INFO [src.cryo_signal_enhance]     Preparing starfile in the correct format...
2023-02-20 11:20:31,348 INFO [src.cryo_signal_enhance]     adding phase-flip to pipeline...
2023-02-20 11:20:31,351 INFO [src.cryo_signal_enhance]     adding downsample to pipeline (28->28)...
2023-02-20 11:20:31,919 INFO [src.cryo_signal_enhance]     estimating white noise...
2023-02-20 11:20:31,942 INFO [src.cryo_signal_enhance]     adding whiten to pipeline...
2023-02-20 11:20:32,575 INFO [src.cryo_signal_enhance]     received 1300 coefficient vectors of size 238...
2023-02-20 11:23:04,996 INFO [src.cryo_signal_enhance]     Preparing starfile in the correct format...
2023-02-20 11:23:05,095 INFO [src.cryo_signal_enhance]     adding phase-flip to pipeline...
2023-02-20 11:23:05,098 INFO [src.cryo_signal_enhance]     adding downsample to pipeline (28->28)...
2023-02-20 11:23:05,695 INFO [src.cryo_signal_enhance]     estimating white noise...
2023-02-20 11:23:05,717 INFO [src.cryo_signal_enhance]     adding whiten to pipeline...
2023-02-20 11:23:06,317 INFO [src.cryo_signal_enhance]     received 1300 coefficient vectors of size 238...
2023-02-20 11:23:34,199 INFO [src.cryo_signal_enhance]     Preparing starfile in the correct format...
2023-02-20 11:23:34,325 INFO [src.cryo_signal_enhance]     adding phase-flip to pipeline...
2023-02-20 11:23:34,330 INFO [src.cryo_signal_enhance]     adding downsample to pipeline (28->28)...
2023-02-20 11:23:34,898 INFO [src.cryo_signal_enhance]     estimating white noise...
2023-02-20 11:23:34,921 INFO [src.cryo_signal_enhance]     adding whiten to pipeline...
2023-02-20 11:23:35,464 INFO [src.cryo_signal_enhance]     received 1300 coefficient vectors of size 238...
2023-02-20 11:25:37,764 INFO [src.cryo_signal_enhance]     Preparing starfile in the correct format...
2023-02-20 11:25:37,861 INFO [src.cryo_signal_enhance]     adding phase-flip to pipeline...
2023-02-20 11:25:37,864 INFO [src.cryo_signal_enhance]     adding downsample to pipeline (28->28)...
2023-02-20 11:25:38,568 INFO [src.cryo_signal_enhance]     estimating white noise...
2023-02-20 11:25:38,598 INFO [src.cryo_signal_enhance]     adding whiten to pipeline...
2023-02-20 11:25:39,299 INFO [src.cryo_signal_enhance]     received 1300 coefficient vectors of size 238...
2023-02-20 11:26:33,829 INFO [src.cryo_signal_enhance]     Preparing starfile in the correct format...
2023-02-20 11:26:33,919 INFO [src.cryo_signal_enhance]     adding phase-flip to pipeline...
2023-02-20 11:26:33,923 INFO [src.cryo_signal_enhance]     adding downsample to pipeline (28->28)...
2023-02-20 11:26:34,406 INFO [src.cryo_signal_enhance]     estimating white noise...
2023-02-20 11:26:34,428 INFO [src.cryo_signal_enhance]     adding whiten to pipeline...
2023-02-20 11:26:34,938 INFO [src.cryo_signal_enhance]     received 1300 coefficient vectors of size 238...
2023-02-20 11:27:05,377 INFO [src.cryo_signal_enhance]     Preparing starfile in the correct format...
2023-02-20 11:27:05,497 INFO [src.cryo_signal_enhance]     adding phase-flip to pipeline...
2023-02-20 11:27:05,502 INFO [src.cryo_signal_enhance]     adding downsample to pipeline (28->28)...
2023-02-20 11:27:06,118 INFO [src.cryo_signal_enhance]     estimating white noise...
2023-02-20 11:27:06,149 INFO [src.cryo_signal_enhance]     adding whiten to pipeline...
2023-02-20 11:27:06,977 INFO [src.cryo_signal_enhance]     received 1300 coefficient vectors of size 238...
2023-02-20 11:30:44,452 INFO [src.cryo_signal_enhance]     Preparing starfile in the correct format...
2023-02-20 11:30:44,544 INFO [src.cryo_signal_enhance]     adding phase-flip to pipeline...
2023-02-20 11:30:44,547 INFO [src.cryo_signal_enhance]     adding downsample to pipeline (28->28)...
2023-02-20 11:30:45,087 INFO [src.cryo_signal_enhance]     estimating white noise...
2023-02-20 11:30:45,109 INFO [src.cryo_signal_enhance]     adding whiten to pipeline...
2023-02-20 11:30:45,784 INFO [src.cryo_signal_enhance]     received 1300 coefficient vectors of size 238...
2023-02-20 11:31:52,491 INFO [src.cryo_signal_enhance]     Preparing starfile in the correct format...
2023-02-20 11:31:52,582 INFO [src.cryo_signal_enhance]     adding phase-flip to pipeline...
2023-02-20 11:31:52,585 INFO [src.cryo_signal_enhance]     adding downsample to pipeline (28->28)...
2023-02-20 11:31:53,143 INFO [src.cryo_signal_enhance]     estimating white noise...
2023-02-20 11:31:53,163 INFO [src.cryo_signal_enhance]     adding whiten to pipeline...
2023-02-20 11:31:53,937 INFO [src.cryo_signal_enhance]     received 1300 coefficient vectors of size 238...
2023-02-20 11:32:24,195 INFO [src.cryo_signal_enhance]     Preparing starfile in the correct format...
2023-02-20 11:32:24,273 INFO [src.cryo_signal_enhance]     adding phase-flip to pipeline...
2023-02-20 11:32:24,275 INFO [src.cryo_signal_enhance]     adding downsample to pipeline (28->28)...
2023-02-20 11:32:24,759 INFO [src.cryo_signal_enhance]     estimating white noise...
2023-02-20 11:32:24,779 INFO [src.cryo_signal_enhance]     adding whiten to pipeline...
2023-02-20 11:32:25,211 INFO [src.cryo_signal_enhance]     received 1300 coefficient vectors of size 238...
2023-02-20 11:32:44,186 INFO [src.cryo_signal_enhance]     Preparing starfile in the correct format...
2023-02-20 11:32:44,264 INFO [src.cryo_signal_enhance]     adding phase-flip to pipeline...
2023-02-20 11:32:44,266 INFO [src.cryo_signal_enhance]     adding downsample to pipeline (28->28)...
2023-02-20 11:32:44,688 INFO [src.cryo_signal_enhance]     estimating white noise...
2023-02-20 11:32:44,708 INFO [src.cryo_signal_enhance]     adding whiten to pipeline...
2023-02-20 11:32:45,104 INFO [src.cryo_signal_enhance]     received 1300 coefficient vectors of size 238...
2023-02-20 11:33:08,951 INFO [src.cryo_signal_enhance]     Preparing starfile in the correct format...
2023-02-20 11:33:09,029 INFO [src.cryo_signal_enhance]     adding phase-flip to pipeline...
2023-02-20 11:33:09,032 INFO [src.cryo_signal_enhance]     adding downsample to pipeline (28->28)...
2023-02-20 11:33:09,446 INFO [src.cryo_signal_enhance]     estimating white noise...
2023-02-20 11:33:09,465 INFO [src.cryo_signal_enhance]     adding whiten to pipeline...
2023-02-20 11:33:09,922 INFO [src.cryo_signal_enhance]     received 1300 coefficient vectors of size 238...
2023-02-20 11:34:26,719 INFO [src.cryo_signal_enhance]     Preparing starfile in the correct format...
2023-02-20 11:34:26,808 INFO [src.cryo_signal_enhance]     adding phase-flip to pipeline...
2023-02-20 11:34:26,811 INFO [src.cryo_signal_enhance]     adding downsample to pipeline (28->28)...
2023-02-20 11:34:27,263 INFO [src.cryo_signal_enhance]     estimating white noise...
2023-02-20 11:34:27,285 INFO [src.cryo_signal_enhance]     adding whiten to pipeline...
2023-02-20 11:34:27,720 INFO [src.cryo_signal_enhance]     received 1400 coefficient vectors of size 238...
2023-02-20 11:38:18,563 INFO [src.cryo_signal_enhance]     Preparing starfile in the correct format...
2023-02-20 11:38:18,649 INFO [src.cryo_signal_enhance]     adding phase-flip to pipeline...
2023-02-20 11:38:18,652 INFO [src.cryo_signal_enhance]     adding downsample to pipeline (28->28)...
2023-02-20 11:38:19,109 INFO [src.cryo_signal_enhance]     estimating white noise...
2023-02-20 11:38:19,132 INFO [src.cryo_signal_enhance]     adding whiten to pipeline...
2023-02-20 11:38:19,615 INFO [src.cryo_signal_enhance]     received 1400 coefficient vectors of size 238...
2023-02-20 11:38:40,754 INFO [src.cryo_signal_enhance]     Preparing starfile in the correct format...
2023-02-20 11:38:40,845 INFO [src.cryo_signal_enhance]     adding phase-flip to pipeline...
2023-02-20 11:38:40,848 INFO [src.cryo_signal_enhance]     adding downsample to pipeline (28->28)...
2023-02-20 11:38:41,345 INFO [src.cryo_signal_enhance]     estimating white noise...
2023-02-20 11:38:41,371 INFO [src.cryo_signal_enhance]     adding whiten to pipeline...
2023-02-20 11:38:41,962 INFO [src.cryo_signal_enhance]     received 1400 coefficient vectors of size 238...
2023-02-20 11:39:41,725 INFO [src.cryo_signal_enhance]     Preparing starfile in the correct format...
2023-02-20 11:39:41,834 INFO [src.cryo_signal_enhance]     adding phase-flip to pipeline...
2023-02-20 11:39:41,837 INFO [src.cryo_signal_enhance]     adding downsample to pipeline (28->28)...
2023-02-20 11:39:42,373 INFO [src.cryo_signal_enhance]     estimating white noise...
2023-02-20 11:39:42,395 INFO [src.cryo_signal_enhance]     adding whiten to pipeline...
2023-02-20 11:39:42,969 INFO [src.cryo_signal_enhance]     received 1400 coefficient vectors of size 238...
2023-02-20 11:40:48,001 INFO [src.cryo_signal_enhance]     Preparing starfile in the correct format...
2023-02-20 11:40:48,089 INFO [src.cryo_signal_enhance]     adding phase-flip to pipeline...
2023-02-20 11:40:48,091 INFO [src.cryo_signal_enhance]     adding downsample to pipeline (28->28)...
2023-02-20 11:40:48,738 INFO [src.cryo_signal_enhance]     estimating white noise...
2023-02-20 11:40:48,768 INFO [src.cryo_signal_enhance]     adding whiten to pipeline...
2023-02-20 11:40:49,448 INFO [src.cryo_signal_enhance]     received 1400 coefficient vectors of size 238...
2023-02-20 11:43:25,882 INFO [src.cryo_signal_enhance]     Preparing starfile in the correct format...
2023-02-20 11:43:25,969 INFO [src.cryo_signal_enhance]     adding phase-flip to pipeline...
2023-02-20 11:43:25,972 INFO [src.cryo_signal_enhance]     adding downsample to pipeline (28->28)...
2023-02-20 11:43:26,464 INFO [src.cryo_signal_enhance]     estimating white noise...
2023-02-20 11:43:26,489 INFO [src.cryo_signal_enhance]     adding whiten to pipeline...
2023-02-20 11:43:27,177 INFO [src.cryo_signal_enhance]     received 1400 coefficient vectors of size 238...
2023-02-20 11:44:22,134 INFO [src.cryo_signal_enhance]     Preparing starfile in the correct format...
2023-02-20 11:44:22,236 INFO [src.cryo_signal_enhance]     adding phase-flip to pipeline...
2023-02-20 11:44:22,239 INFO [src.cryo_signal_enhance]     adding downsample to pipeline (28->28)...
2023-02-20 11:44:22,874 INFO [src.cryo_signal_enhance]     estimating white noise...
2023-02-20 11:44:22,896 INFO [src.cryo_signal_enhance]     adding whiten to pipeline...
2023-02-20 11:44:23,701 INFO [src.cryo_signal_enhance]     received 1400 coefficient vectors of size 238...
2023-02-20 11:44:46,220 INFO [src.cryo_signal_enhance]     Preparing starfile in the correct format...
2023-02-20 11:44:46,322 INFO [src.cryo_signal_enhance]     adding phase-flip to pipeline...
2023-02-20 11:44:46,326 INFO [src.cryo_signal_enhance]     adding downsample to pipeline (28->28)...
2023-02-20 11:44:46,943 INFO [src.cryo_signal_enhance]     estimating white noise...
2023-02-20 11:44:46,966 INFO [src.cryo_signal_enhance]     adding whiten to pipeline...
2023-02-20 11:44:47,534 INFO [src.cryo_signal_enhance]     received 1400 coefficient vectors of size 238...
2023-02-20 11:45:07,226 INFO [src.cryo_signal_enhance]     Preparing starfile in the correct format...
2023-02-20 11:45:07,326 INFO [src.cryo_signal_enhance]     adding phase-flip to pipeline...
2023-02-20 11:45:07,329 INFO [src.cryo_signal_enhance]     adding downsample to pipeline (28->28)...
2023-02-20 11:45:07,929 INFO [src.cryo_signal_enhance]     estimating white noise...
2023-02-20 11:45:07,955 INFO [src.cryo_signal_enhance]     adding whiten to pipeline...
2023-02-20 11:45:08,584 INFO [src.cryo_signal_enhance]     received 1400 coefficient vectors of size 238...
