2023-03-06 12:33:56,820 DEBUG [root] ASPIRE configuration directory is /home/yoavharlap/.config/ASPIRE
2023-03-06 12:33:56,820 DEBUG [root] ASPIRE configuration resolution details [({'logging': {'log_dir': '/scratch/home/yoavharlap/PycharmProjects/graphCryo/logs'}}, ConfigSource(<super: <class 'ConfigSource'>, <ConfigSource object>>, None, False, False)), ({}, ConfigSource(<super: <class 'ConfigSource'>, <YamlSource object>>, '/home/yoavharlap/.config/ASPIRE/config.yaml', False, False)), ({'version': '0.10.1', 'common': OrderedDict([('numeric', 'numpy'), ('fft', 'pyfftw')]), 'logging': OrderedDict([('log_dir', 'logs'), ('log_exceptions', 1), ('tqdm_disable', False), ('console_level', 'INFO'), ('log_file_level', 'DEBUG'), ('log_prefix', 'aspire')]), 'nufft': OrderedDict([('backends', ['cufinufft', 'finufft', 'pynfft'])]), 'ray': OrderedDict([('temp_dir', '/tmp/ray')])}, ConfigSource(<super: <class 'ConfigSource'>, <YamlSource object>>, '/home/yoavharlap/.local/lib/python3.8/site-packages/aspire/config_default.yaml', True, False))]
2023-03-06 12:33:56,822 DEBUG [root] Resolved config.yaml:

logging:
    log_dir: /scratch/home/yoavharlap/PycharmProjects/graphCryo/logs
    log_exceptions: 1
    tqdm_disable: no
    console_level: INFO
    log_file_level: DEBUG
    log_prefix: aspire
version: 0.10.1
common:
    numeric: numpy
    fft: pyfftw

nufft:
    backends: [cufinufft, finufft, pynfft]

ray:
    temp_dir: /tmp/ray


2023-03-06 12:33:59,790 INFO [aspire.volume.volume] /scratch/guysharon/Work/datafiles/volrefs/emd_2660.map with dtype float32 loaded as <class 'numpy.float64'>
2023-03-06 12:33:59,926 INFO [__main__] Original volume map data shape: (1, 360, 360, 360) dtype:float64
2023-03-06 12:34:15,463 INFO [__main__] Initialize CTF filters.
2023-03-06 12:34:15,467 INFO [aspire.source.image] Creating Simulation with 1401 images.
2023-03-06 12:34:15,486 INFO [aspire.source.simulation] Appending CustomNoiseAdder to generation pipeline
2023-03-06 12:34:15,488 INFO [aspire.source.image] save metadata into STAR file
2023-03-06 12:34:15,508 INFO [aspire.storage.starfile] Created StarFile with blocks: 
2023-03-06 12:34:15,517 INFO [aspire.source.image] save images into MRCS file
2023-03-06 12:34:15,566 INFO [aspire.source.image] Saving ImageSource[0-1400] to /home/yoavharlap/work/starfile_0_1400.mrcs
2023-03-06 12:34:15,602 DEBUG [aspire.nufft] nufft passed real_type for signal, converting
2023-03-06 12:34:15,603 INFO [aspire.nufft] Trying NFFT backend cufinufft
2023-03-06 12:34:15,606 INFO [aspire.nufft] NFFT backend cufinufft not usable:
	No module named 'pycuda'
2023-03-06 12:34:15,607 INFO [aspire.nufft] Trying NFFT backend finufft
2023-03-06 12:34:15,614 INFO [aspire.nufft] NFFT backend finufft usable.
2023-03-06 12:34:15,614 INFO [aspire.nufft] Trying NFFT backend pynfft
2023-03-06 12:34:15,616 INFO [aspire.nufft] NFFT backend pynfft not usable:
	No module named 'pynfft'
2023-03-06 12:34:15,617 INFO [aspire.nufft] Selected NFFT backend = finufft.
2023-03-06 12:34:25,093 DEBUG [aspire.image.xform] Applying forward transformations in pipeline
2023-03-06 12:34:25,093 DEBUG [aspire.image.xform] All forward transformations applied
2023-03-06 12:34:25,668 INFO [src.cryo_signal_enhance]     Preparing starfile in the correct format...
2023-03-06 12:34:25,757 INFO [src.cryo_signal_enhance]     adding phase-flip to pipeline...
2023-03-06 12:34:25,760 INFO [src.cryo_signal_enhance]     adding downsample to pipeline (28->28)...
2023-03-06 12:34:26,219 INFO [src.cryo_signal_enhance]     estimating white noise...
2023-03-06 12:34:26,240 INFO [src.cryo_signal_enhance]     adding whiten to pipeline...
2023-03-06 12:34:28,487 INFO [src.cryo_signal_enhance]     received 1401 coefficient vectors of size 238...
2023-03-06 12:36:10,464 INFO [src.cryo_signal_enhance]     Preparing starfile in the correct format...
2023-03-06 12:36:10,556 INFO [src.cryo_signal_enhance]     adding phase-flip to pipeline...
2023-03-06 12:36:10,559 INFO [src.cryo_signal_enhance]     adding downsample to pipeline (28->28)...
2023-03-06 12:36:11,046 INFO [src.cryo_signal_enhance]     estimating white noise...
2023-03-06 12:36:11,069 INFO [src.cryo_signal_enhance]     adding whiten to pipeline...
2023-03-06 12:36:11,536 INFO [src.cryo_signal_enhance]     received 1401 coefficient vectors of size 238...
2023-03-06 12:43:15,775 INFO [src.cryo_signal_enhance]     Preparing starfile in the correct format...
2023-03-06 12:43:15,863 INFO [src.cryo_signal_enhance]     adding phase-flip to pipeline...
2023-03-06 12:43:15,866 INFO [src.cryo_signal_enhance]     adding downsample to pipeline (28->28)...
2023-03-06 12:43:16,396 INFO [src.cryo_signal_enhance]     estimating white noise...
2023-03-06 12:43:16,424 INFO [src.cryo_signal_enhance]     adding whiten to pipeline...
2023-03-06 12:43:16,950 INFO [src.cryo_signal_enhance]     received 1401 coefficient vectors of size 238...
2023-03-06 12:45:35,075 INFO [src.cryo_signal_enhance]     Preparing starfile in the correct format...
2023-03-06 12:45:35,199 INFO [src.cryo_signal_enhance]     adding phase-flip to pipeline...
2023-03-06 12:45:35,203 INFO [src.cryo_signal_enhance]     adding downsample to pipeline (28->28)...
2023-03-06 12:45:35,736 INFO [src.cryo_signal_enhance]     estimating white noise...
2023-03-06 12:45:35,758 INFO [src.cryo_signal_enhance]     adding whiten to pipeline...
2023-03-06 12:45:36,297 INFO [src.cryo_signal_enhance]     received 1401 coefficient vectors of size 238...
2023-03-06 12:46:19,789 INFO [src.cryo_signal_enhance]     Preparing starfile in the correct format...
2023-03-06 12:46:19,880 INFO [src.cryo_signal_enhance]     adding phase-flip to pipeline...
2023-03-06 12:46:19,883 INFO [src.cryo_signal_enhance]     adding downsample to pipeline (28->28)...
2023-03-06 12:46:20,373 INFO [src.cryo_signal_enhance]     estimating white noise...
2023-03-06 12:46:20,399 INFO [src.cryo_signal_enhance]     adding whiten to pipeline...
2023-03-06 12:46:20,915 INFO [src.cryo_signal_enhance]     received 1401 coefficient vectors of size 238...
2023-03-06 12:47:21,267 INFO [src.cryo_signal_enhance]     Preparing starfile in the correct format...
2023-03-06 12:47:21,371 INFO [src.cryo_signal_enhance]     adding phase-flip to pipeline...
2023-03-06 12:47:21,374 INFO [src.cryo_signal_enhance]     adding downsample to pipeline (28->28)...
2023-03-06 12:47:21,989 INFO [src.cryo_signal_enhance]     estimating white noise...
2023-03-06 12:47:22,022 INFO [src.cryo_signal_enhance]     adding whiten to pipeline...
2023-03-06 12:47:22,585 INFO [src.cryo_signal_enhance]     received 1401 coefficient vectors of size 238...
2023-03-06 12:59:35,030 INFO [src.cryo_signal_enhance]     Preparing starfile in the correct format...
2023-03-06 12:59:35,136 INFO [src.cryo_signal_enhance]     adding phase-flip to pipeline...
2023-03-06 12:59:35,139 INFO [src.cryo_signal_enhance]     adding downsample to pipeline (28->28)...
2023-03-06 12:59:35,802 INFO [src.cryo_signal_enhance]     estimating white noise...
2023-03-06 12:59:35,834 INFO [src.cryo_signal_enhance]     adding whiten to pipeline...
2023-03-06 12:59:36,384 INFO [src.cryo_signal_enhance]     received 1401 coefficient vectors of size 238...
2023-03-06 13:00:16,403 INFO [src.cryo_signal_enhance]     Preparing starfile in the correct format...
2023-03-06 13:00:16,506 INFO [src.cryo_signal_enhance]     adding phase-flip to pipeline...
2023-03-06 13:00:16,510 INFO [src.cryo_signal_enhance]     adding downsample to pipeline (28->28)...
2023-03-06 13:00:17,081 INFO [src.cryo_signal_enhance]     estimating white noise...
2023-03-06 13:00:17,110 INFO [src.cryo_signal_enhance]     adding whiten to pipeline...
2023-03-06 13:00:17,666 INFO [src.cryo_signal_enhance]     received 1401 coefficient vectors of size 238...
2023-03-06 13:01:15,699 INFO [src.cryo_signal_enhance]     Preparing starfile in the correct format...
2023-03-06 13:01:15,787 INFO [src.cryo_signal_enhance]     adding phase-flip to pipeline...
2023-03-06 13:01:15,790 INFO [src.cryo_signal_enhance]     adding downsample to pipeline (28->28)...
2023-03-06 13:01:16,279 INFO [src.cryo_signal_enhance]     estimating white noise...
2023-03-06 13:01:16,302 INFO [src.cryo_signal_enhance]     adding whiten to pipeline...
2023-03-06 13:01:16,751 INFO [src.cryo_signal_enhance]     received 1401 coefficient vectors of size 238...
2023-03-06 13:01:56,269 INFO [src.cryo_signal_enhance]     Preparing starfile in the correct format...
2023-03-06 13:01:56,361 INFO [src.cryo_signal_enhance]     adding phase-flip to pipeline...
2023-03-06 13:01:56,364 INFO [src.cryo_signal_enhance]     adding downsample to pipeline (28->28)...
2023-03-06 13:01:56,824 INFO [src.cryo_signal_enhance]     estimating white noise...
2023-03-06 13:01:56,847 INFO [src.cryo_signal_enhance]     adding whiten to pipeline...
2023-03-06 13:01:57,288 INFO [src.cryo_signal_enhance]     received 1401 coefficient vectors of size 238...
2023-03-06 13:04:47,652 INFO [src.cryo_signal_enhance]     Preparing starfile in the correct format...
2023-03-06 13:04:47,752 INFO [src.cryo_signal_enhance]     adding phase-flip to pipeline...
2023-03-06 13:04:47,755 INFO [src.cryo_signal_enhance]     adding downsample to pipeline (28->28)...
2023-03-06 13:04:48,793 INFO [src.cryo_signal_enhance]     received 1401 coefficient vectors of size 238...
2023-03-06 13:05:20,877 INFO [src.cryo_signal_enhance]     Preparing starfile in the correct format...
2023-03-06 13:05:20,978 INFO [src.cryo_signal_enhance]     adding phase-flip to pipeline...
2023-03-06 13:05:20,981 INFO [src.cryo_signal_enhance]     adding downsample to pipeline (28->28)...
2023-03-06 13:05:22,014 INFO [src.cryo_signal_enhance]     received 1401 coefficient vectors of size 238...
2023-03-06 13:06:22,715 INFO [src.cryo_signal_enhance]     Preparing starfile in the correct format...
2023-03-06 13:06:22,815 INFO [src.cryo_signal_enhance]     adding phase-flip to pipeline...
2023-03-06 13:06:22,818 INFO [src.cryo_signal_enhance]     adding downsample to pipeline (28->28)...
2023-03-06 13:06:23,446 INFO [src.cryo_signal_enhance]     estimating white noise...
2023-03-06 13:06:23,469 INFO [src.cryo_signal_enhance]     adding whiten to pipeline...
2023-03-06 13:06:23,967 INFO [src.cryo_signal_enhance]     received 1401 coefficient vectors of size 238...
2023-03-06 13:06:55,463 INFO [src.cryo_signal_enhance]     Preparing starfile in the correct format...
2023-03-06 13:06:55,581 INFO [src.cryo_signal_enhance]     adding phase-flip to pipeline...
2023-03-06 13:06:55,584 INFO [src.cryo_signal_enhance]     adding downsample to pipeline (28->28)...
2023-03-06 13:06:56,649 INFO [src.cryo_signal_enhance]     received 1401 coefficient vectors of size 238...
2023-03-06 13:14:46,815 INFO [src.cryo_signal_enhance]     Preparing starfile in the correct format...
2023-03-06 13:14:47,084 INFO [src.cryo_signal_enhance]     adding phase-flip to pipeline...
2023-03-06 13:14:47,089 INFO [src.cryo_signal_enhance]     adding downsample to pipeline (189->189)...
2023-03-06 13:15:54,223 INFO [src.cryo_signal_enhance]     received 1401 coefficient vectors of size 1500...
2023-03-06 13:23:45,607 INFO [src.cryo_signal_enhance]     Preparing starfile in the correct format...
2023-03-06 13:23:45,707 INFO [src.cryo_signal_enhance]     adding phase-flip to pipeline...
2023-03-06 13:23:45,711 INFO [src.cryo_signal_enhance]     adding downsample to pipeline (28->28)...
2023-03-06 13:23:46,809 INFO [src.cryo_signal_enhance]     received 1401 coefficient vectors of size 238...
2023-03-06 13:39:46,029 INFO [src.cryo_signal_enhance]     Preparing starfile in the correct format...
2023-03-06 13:39:46,118 INFO [src.cryo_signal_enhance]     adding phase-flip to pipeline...
2023-03-06 13:39:46,121 INFO [src.cryo_signal_enhance]     adding downsample to pipeline (28->28)...
2023-03-06 13:39:46,596 INFO [src.cryo_signal_enhance]     estimating white noise...
2023-03-06 13:39:46,619 INFO [src.cryo_signal_enhance]     adding whiten to pipeline...
2023-03-06 13:39:47,139 INFO [src.cryo_signal_enhance]     received 1401 coefficient vectors of size 238...
2023-03-06 13:41:09,948 INFO [src.cryo_signal_enhance]     Preparing starfile in the correct format...
2023-03-06 13:41:10,035 INFO [src.cryo_signal_enhance]     adding phase-flip to pipeline...
2023-03-06 13:41:10,038 INFO [src.cryo_signal_enhance]     adding downsample to pipeline (28->28)...
2023-03-06 13:41:10,510 INFO [src.cryo_signal_enhance]     estimating white noise...
2023-03-06 13:41:10,532 INFO [src.cryo_signal_enhance]     adding whiten to pipeline...
2023-03-06 13:41:10,972 INFO [src.cryo_signal_enhance]     received 1401 coefficient vectors of size 238...
2023-03-06 13:45:50,122 INFO [src.cryo_signal_enhance]     Preparing starfile in the correct format...
2023-03-06 13:45:50,214 INFO [src.cryo_signal_enhance]     adding phase-flip to pipeline...
2023-03-06 13:45:50,218 INFO [src.cryo_signal_enhance]     adding downsample to pipeline (28->28)...
2023-03-06 13:45:51,116 INFO [src.cryo_signal_enhance]     received 1401 coefficient vectors of size 238...
