2023-03-02 17:49:03,709 DEBUG [root] ASPIRE configuration directory is /home/yoavharlap/.config/ASPIRE
2023-03-02 17:49:03,709 DEBUG [root] ASPIRE configuration resolution details [({'logging': {'log_dir': '/scratch/home/yoavharlap/PycharmProjects/graphCryo/logs'}}, ConfigSource(<super: <class 'ConfigSource'>, <ConfigSource object>>, None, False, False)), ({}, ConfigSource(<super: <class 'ConfigSource'>, <YamlSource object>>, '/home/yoavharlap/.config/ASPIRE/config.yaml', False, False)), ({'version': '0.10.1', 'common': OrderedDict([('numeric', 'numpy'), ('fft', 'pyfftw')]), 'logging': OrderedDict([('log_dir', 'logs'), ('log_exceptions', 1), ('tqdm_disable', False), ('console_level', 'INFO'), ('log_file_level', 'DEBUG'), ('log_prefix', 'aspire')]), 'nufft': OrderedDict([('backends', ['cufinufft', 'finufft', 'pynfft'])]), 'ray': OrderedDict([('temp_dir', '/tmp/ray')])}, ConfigSource(<super: <class 'ConfigSource'>, <YamlSource object>>, '/home/yoavharlap/.local/lib/python3.8/site-packages/aspire/config_default.yaml', True, False))]
2023-03-02 17:49:03,711 DEBUG [root] Resolved config.yaml:

logging:
    log_dir: /scratch/home/yoavharlap/PycharmProjects/graphCryo/logs
    log_exceptions: 1
    tqdm_disable: no
    console_level: INFO
    log_file_level: DEBUG
    log_prefix: aspire
version: 0.10.1
common:
    numeric: numpy
    fft: pyfftw

nufft:
    backends: [cufinufft, finufft, pynfft]

ray:
    temp_dir: /tmp/ray


2023-03-02 17:49:07,053 INFO [aspire.volume.volume] /scratch/guysharon/Work/datafiles/volrefs/emd_2660.map with dtype float32 loaded as <class 'numpy.float64'>
2023-03-02 17:49:07,194 INFO [__main__] Original volume map data shape: (1, 360, 360, 360) dtype:float64
2023-03-02 17:49:24,520 INFO [__main__] Initialize CTF filters.
2023-03-02 17:49:24,525 INFO [aspire.source.image] Creating Simulation with 1402 images.
2023-03-02 17:49:24,542 INFO [aspire.source.simulation] Appending CustomNoiseAdder to generation pipeline
2023-03-02 17:49:24,545 INFO [aspire.source.image] save metadata into STAR file
2023-03-02 17:49:24,564 INFO [aspire.storage.starfile] Created StarFile with blocks: 
2023-03-02 17:49:24,576 INFO [aspire.source.image] save images into MRCS file
2023-03-02 17:49:24,624 INFO [aspire.source.image] Saving ImageSource[0-1401] to /home/yoavharlap/work/starfile_0_1401.mrcs
2023-03-02 17:49:24,661 DEBUG [aspire.nufft] nufft passed real_type for signal, converting
2023-03-02 17:49:24,661 INFO [aspire.nufft] Trying NFFT backend cufinufft
2023-03-02 17:49:24,664 INFO [aspire.nufft] NFFT backend cufinufft not usable:
	No module named 'pycuda'
2023-03-02 17:49:24,665 INFO [aspire.nufft] Trying NFFT backend finufft
2023-03-02 17:49:24,672 INFO [aspire.nufft] NFFT backend finufft usable.
2023-03-02 17:49:24,673 INFO [aspire.nufft] Trying NFFT backend pynfft
2023-03-02 17:49:24,674 INFO [aspire.nufft] NFFT backend pynfft not usable:
	No module named 'pynfft'
2023-03-02 17:49:24,676 INFO [aspire.nufft] Selected NFFT backend = finufft.
2023-03-02 17:49:32,203 DEBUG [aspire.image.xform] Applying forward transformations in pipeline
2023-03-02 17:49:32,203 DEBUG [aspire.image.xform] All forward transformations applied
2023-03-02 17:49:32,821 INFO [src.cryo_signal_enhance]     Preparing starfile in the correct format...
2023-03-02 17:49:32,921 INFO [src.cryo_signal_enhance]     adding phase-flip to pipeline...
2023-03-02 17:49:32,925 INFO [src.cryo_signal_enhance]     adding downsample to pipeline (28->28)...
2023-03-02 17:49:33,510 INFO [src.cryo_signal_enhance]     estimating white noise...
2023-03-02 17:49:33,535 INFO [src.cryo_signal_enhance]     adding whiten to pipeline...
2023-03-02 17:49:36,006 INFO [src.cryo_signal_enhance]     received 1402 coefficient vectors of size 238...
2023-03-02 17:50:09,539 INFO [src.cryo_signal_enhance]     Preparing starfile in the correct format...
2023-03-02 17:50:09,577 INFO [src.cryo_signal_enhance]     adding phase-flip to pipeline...
2023-03-02 17:50:09,581 INFO [src.cryo_signal_enhance]     adding downsample to pipeline (28->28)...
2023-03-02 17:50:09,780 INFO [src.cryo_signal_enhance]     estimating white noise...
2023-03-02 17:50:09,793 INFO [src.cryo_signal_enhance]     adding whiten to pipeline...
2023-03-02 17:50:10,201 INFO [src.cryo_signal_enhance]     received 400 coefficient vectors of size 238...
2023-03-02 17:58:01,055 INFO [src.cryo_signal_enhance]     Preparing starfile in the correct format...
2023-03-02 17:58:01,091 INFO [src.cryo_signal_enhance]     adding phase-flip to pipeline...
2023-03-02 17:58:01,094 INFO [src.cryo_signal_enhance]     adding downsample to pipeline (28->28)...
2023-03-02 17:58:01,247 INFO [src.cryo_signal_enhance]     estimating white noise...
2023-03-02 17:58:01,259 INFO [src.cryo_signal_enhance]     adding whiten to pipeline...
2023-03-02 17:58:01,641 INFO [src.cryo_signal_enhance]     received 400 coefficient vectors of size 238...
2023-03-02 18:05:06,503 INFO [src.cryo_signal_enhance]     Preparing starfile in the correct format...
2023-03-02 18:05:06,601 INFO [src.cryo_signal_enhance]     adding phase-flip to pipeline...
2023-03-02 18:05:06,604 INFO [src.cryo_signal_enhance]     adding downsample to pipeline (28->28)...
2023-03-02 18:05:07,186 INFO [src.cryo_signal_enhance]     estimating white noise...
2023-03-02 18:05:07,212 INFO [src.cryo_signal_enhance]     adding whiten to pipeline...
2023-03-02 18:05:07,751 INFO [src.cryo_signal_enhance]     received 1402 coefficient vectors of size 238...
2023-03-02 18:07:38,578 INFO [src.cryo_signal_enhance]     Preparing starfile in the correct format...
2023-03-02 18:07:38,675 INFO [src.cryo_signal_enhance]     adding phase-flip to pipeline...
2023-03-02 18:07:38,679 INFO [src.cryo_signal_enhance]     adding downsample to pipeline (28->28)...
2023-03-02 18:07:39,236 INFO [src.cryo_signal_enhance]     estimating white noise...
2023-03-02 18:07:39,260 INFO [src.cryo_signal_enhance]     adding whiten to pipeline...
2023-03-02 18:07:39,755 INFO [src.cryo_signal_enhance]     received 1402 coefficient vectors of size 238...
2023-03-02 18:09:36,402 INFO [src.cryo_signal_enhance]     Preparing starfile in the correct format...
2023-03-02 18:09:36,525 INFO [src.cryo_signal_enhance]     adding phase-flip to pipeline...
2023-03-02 18:09:36,530 INFO [src.cryo_signal_enhance]     adding downsample to pipeline (28->28)...
2023-03-02 18:09:37,128 INFO [src.cryo_signal_enhance]     estimating white noise...
2023-03-02 18:09:37,151 INFO [src.cryo_signal_enhance]     adding whiten to pipeline...
2023-03-02 18:09:37,687 INFO [src.cryo_signal_enhance]     received 1402 coefficient vectors of size 238...
2023-03-02 18:10:39,417 INFO [src.cryo_signal_enhance]     Preparing starfile in the correct format...
2023-03-02 18:10:39,502 INFO [src.cryo_signal_enhance]     adding phase-flip to pipeline...
2023-03-02 18:10:39,505 INFO [src.cryo_signal_enhance]     adding downsample to pipeline (28->28)...
2023-03-02 18:10:39,958 INFO [src.cryo_signal_enhance]     estimating white noise...
2023-03-02 18:10:39,981 INFO [src.cryo_signal_enhance]     adding whiten to pipeline...
2023-03-02 18:10:40,481 INFO [src.cryo_signal_enhance]     received 1402 coefficient vectors of size 238...
2023-03-02 18:16:23,219 INFO [src.cryo_signal_enhance]     Preparing starfile in the correct format...
2023-03-02 18:16:23,307 INFO [src.cryo_signal_enhance]     adding phase-flip to pipeline...
2023-03-02 18:16:23,311 INFO [src.cryo_signal_enhance]     adding downsample to pipeline (28->28)...
2023-03-02 18:16:23,855 INFO [src.cryo_signal_enhance]     estimating white noise...
2023-03-02 18:16:23,880 INFO [src.cryo_signal_enhance]     adding whiten to pipeline...
2023-03-02 18:16:24,429 INFO [src.cryo_signal_enhance]     received 1402 coefficient vectors of size 238...
2023-03-02 18:21:30,350 INFO [src.cryo_signal_enhance]     Preparing starfile in the correct format...
2023-03-02 18:21:30,439 INFO [src.cryo_signal_enhance]     adding phase-flip to pipeline...
2023-03-02 18:21:30,442 INFO [src.cryo_signal_enhance]     adding downsample to pipeline (28->28)...
2023-03-02 18:21:30,913 INFO [src.cryo_signal_enhance]     estimating white noise...
2023-03-02 18:21:30,941 INFO [src.cryo_signal_enhance]     adding whiten to pipeline...
2023-03-02 18:21:31,546 INFO [src.cryo_signal_enhance]     received 1402 coefficient vectors of size 238...
2023-03-02 18:22:15,876 INFO [src.cryo_signal_enhance]     Preparing starfile in the correct format...
2023-03-02 18:22:15,963 INFO [src.cryo_signal_enhance]     adding phase-flip to pipeline...
2023-03-02 18:22:15,966 INFO [src.cryo_signal_enhance]     adding downsample to pipeline (28->28)...
2023-03-02 18:22:16,554 INFO [src.cryo_signal_enhance]     estimating white noise...
2023-03-02 18:22:16,577 INFO [src.cryo_signal_enhance]     adding whiten to pipeline...
2023-03-02 18:22:17,058 INFO [src.cryo_signal_enhance]     received 1402 coefficient vectors of size 238...
2023-03-02 18:27:57,458 INFO [src.cryo_signal_enhance]     Preparing starfile in the correct format...
2023-03-02 18:27:57,574 INFO [src.cryo_signal_enhance]     adding phase-flip to pipeline...
2023-03-02 18:27:57,577 INFO [src.cryo_signal_enhance]     adding downsample to pipeline (28->28)...
2023-03-02 18:27:58,009 INFO [src.cryo_signal_enhance]     estimating white noise...
2023-03-02 18:27:58,030 INFO [src.cryo_signal_enhance]     adding whiten to pipeline...
2023-03-02 18:27:58,479 INFO [src.cryo_signal_enhance]     received 1402 coefficient vectors of size 238...
2023-03-02 18:32:20,419 INFO [src.cryo_signal_enhance]     Preparing starfile in the correct format...
2023-03-02 18:32:20,506 INFO [src.cryo_signal_enhance]     adding phase-flip to pipeline...
2023-03-02 18:32:20,509 INFO [src.cryo_signal_enhance]     adding downsample to pipeline (28->28)...
2023-03-02 18:32:21,015 INFO [src.cryo_signal_enhance]     estimating white noise...
2023-03-02 18:32:21,040 INFO [src.cryo_signal_enhance]     adding whiten to pipeline...
2023-03-02 18:32:21,515 INFO [src.cryo_signal_enhance]     received 1402 coefficient vectors of size 238...
2023-03-02 18:39:05,980 INFO [src.cryo_signal_enhance]     Preparing starfile in the correct format...
2023-03-02 18:39:06,074 INFO [src.cryo_signal_enhance]     adding phase-flip to pipeline...
2023-03-02 18:39:06,077 INFO [src.cryo_signal_enhance]     adding downsample to pipeline (28->28)...
2023-03-02 18:39:06,540 INFO [src.cryo_signal_enhance]     estimating white noise...
2023-03-02 18:39:06,562 INFO [src.cryo_signal_enhance]     adding whiten to pipeline...
2023-03-02 18:39:07,049 INFO [src.cryo_signal_enhance]     received 1402 coefficient vectors of size 238...
2023-03-02 18:43:32,939 INFO [src.cryo_signal_enhance]     Preparing starfile in the correct format...
2023-03-02 18:43:33,040 INFO [src.cryo_signal_enhance]     adding phase-flip to pipeline...
2023-03-02 18:43:33,044 INFO [src.cryo_signal_enhance]     adding downsample to pipeline (28->28)...
2023-03-02 18:43:33,541 INFO [src.cryo_signal_enhance]     estimating white noise...
2023-03-02 18:43:33,565 INFO [src.cryo_signal_enhance]     adding whiten to pipeline...
2023-03-02 18:43:34,091 INFO [src.cryo_signal_enhance]     received 1402 coefficient vectors of size 238...
2023-03-02 18:45:50,850 INFO [src.cryo_signal_enhance]     Preparing starfile in the correct format...
2023-03-02 18:45:50,949 INFO [src.cryo_signal_enhance]     adding phase-flip to pipeline...
2023-03-02 18:45:50,952 INFO [src.cryo_signal_enhance]     adding downsample to pipeline (28->28)...
2023-03-02 18:45:51,388 INFO [src.cryo_signal_enhance]     estimating white noise...
2023-03-02 18:45:51,409 INFO [src.cryo_signal_enhance]     adding whiten to pipeline...
2023-03-02 18:45:51,967 INFO [src.cryo_signal_enhance]     received 1402 coefficient vectors of size 238...
2023-03-02 18:50:52,518 INFO [src.cryo_signal_enhance]     Preparing starfile in the correct format...
2023-03-02 18:50:52,629 INFO [src.cryo_signal_enhance]     adding phase-flip to pipeline...
2023-03-02 18:50:52,633 INFO [src.cryo_signal_enhance]     adding downsample to pipeline (28->28)...
2023-03-02 18:50:53,158 INFO [src.cryo_signal_enhance]     estimating white noise...
2023-03-02 18:50:53,184 INFO [src.cryo_signal_enhance]     adding whiten to pipeline...
2023-03-02 18:50:53,732 INFO [src.cryo_signal_enhance]     received 1402 coefficient vectors of size 238...
2023-03-02 18:52:27,187 INFO [src.cryo_signal_enhance]     Preparing starfile in the correct format...
2023-03-02 18:52:27,274 INFO [src.cryo_signal_enhance]     adding phase-flip to pipeline...
2023-03-02 18:52:27,277 INFO [src.cryo_signal_enhance]     adding downsample to pipeline (28->28)...
2023-03-02 18:52:27,705 INFO [src.cryo_signal_enhance]     estimating white noise...
2023-03-02 18:52:27,730 INFO [src.cryo_signal_enhance]     adding whiten to pipeline...
2023-03-02 18:52:28,289 INFO [src.cryo_signal_enhance]     received 1402 coefficient vectors of size 238...
2023-03-02 18:53:21,722 INFO [src.cryo_signal_enhance]     Preparing starfile in the correct format...
2023-03-02 18:53:21,812 INFO [src.cryo_signal_enhance]     adding phase-flip to pipeline...
2023-03-02 18:53:21,815 INFO [src.cryo_signal_enhance]     adding downsample to pipeline (28->28)...
2023-03-02 18:53:22,285 INFO [src.cryo_signal_enhance]     estimating white noise...
2023-03-02 18:53:22,307 INFO [src.cryo_signal_enhance]     adding whiten to pipeline...
2023-03-02 18:53:22,836 INFO [src.cryo_signal_enhance]     received 1402 coefficient vectors of size 238...
2023-03-02 18:54:28,024 INFO [src.cryo_signal_enhance]     Preparing starfile in the correct format...
2023-03-02 18:54:28,114 INFO [src.cryo_signal_enhance]     adding phase-flip to pipeline...
2023-03-02 18:54:28,117 INFO [src.cryo_signal_enhance]     adding downsample to pipeline (28->28)...
2023-03-02 18:54:28,603 INFO [src.cryo_signal_enhance]     estimating white noise...
2023-03-02 18:54:28,625 INFO [src.cryo_signal_enhance]     adding whiten to pipeline...
2023-03-02 18:54:29,086 INFO [src.cryo_signal_enhance]     received 1402 coefficient vectors of size 238...
