2023-03-07 16:23:48,521 DEBUG [root] ASPIRE configuration directory is /home/yoavharlap/.config/ASPIRE
2023-03-07 16:23:48,521 DEBUG [root] ASPIRE configuration resolution details [({'logging': {'log_dir': '/scratch/home/yoavharlap/PycharmProjects/graphCryo/logs'}}, ConfigSource(<super: <class 'ConfigSource'>, <ConfigSource object>>, None, False, False)), ({}, ConfigSource(<super: <class 'ConfigSource'>, <YamlSource object>>, '/home/yoavharlap/.config/ASPIRE/config.yaml', False, False)), ({'version': '0.10.1', 'common': OrderedDict([('numeric', 'numpy'), ('fft', 'pyfftw')]), 'logging': OrderedDict([('log_dir', 'logs'), ('log_exceptions', 1), ('tqdm_disable', False), ('console_level', 'INFO'), ('log_file_level', 'DEBUG'), ('log_prefix', 'aspire')]), 'nufft': OrderedDict([('backends', ['cufinufft', 'finufft', 'pynfft'])]), 'ray': OrderedDict([('temp_dir', '/tmp/ray')])}, ConfigSource(<super: <class 'ConfigSource'>, <YamlSource object>>, '/home/yoavharlap/.local/lib/python3.8/site-packages/aspire/config_default.yaml', True, False))]
2023-03-07 16:23:48,522 DEBUG [root] Resolved config.yaml:

logging:
    log_dir: /scratch/home/yoavharlap/PycharmProjects/graphCryo/logs
    log_exceptions: 1
    tqdm_disable: no
    console_level: INFO
    log_file_level: DEBUG
    log_prefix: aspire
version: 0.10.1
common:
    numeric: numpy
    fft: pyfftw

nufft:
    backends: [cufinufft, finufft, pynfft]

ray:
    temp_dir: /tmp/ray


2023-03-07 16:23:56,214 INFO [aspire.volume.volume] /scratch/guysharon/Work/datafiles/volrefs/emd_2660.map with dtype float32 loaded as <class 'numpy.float64'>
2023-03-07 16:23:56,353 INFO [__main__] Original volume map data shape: (1, 360, 360, 360) dtype:float64
2023-03-07 16:24:40,094 INFO [__main__] Initialize CTF filters.
2023-03-07 16:24:40,099 INFO [aspire.source.image] Creating Simulation with 600 images.
2023-03-07 16:24:40,116 INFO [aspire.source.simulation] Appending CustomNoiseAdder to generation pipeline
2023-03-07 16:24:40,118 INFO [aspire.source.image] save metadata into STAR file
2023-03-07 16:24:40,129 INFO [aspire.storage.starfile] Created StarFile with blocks: 
2023-03-07 16:24:40,134 INFO [aspire.source.image] save images into MRCS file
2023-03-07 16:24:40,203 INFO [aspire.source.image] Saving ImageSource[0-599] to /home/yoavharlap/work/starfile_0_599.mrcs
2023-03-07 16:24:41,799 DEBUG [aspire.nufft] nufft passed real_type for signal, converting
2023-03-07 16:24:42,077 INFO [aspire.nufft] Trying NFFT backend cufinufft
2023-03-07 16:24:42,079 INFO [aspire.nufft] NFFT backend cufinufft not usable:
	No module named 'pycuda'
2023-03-07 16:24:42,080 INFO [aspire.nufft] Trying NFFT backend finufft
2023-03-07 16:24:42,085 INFO [aspire.nufft] NFFT backend finufft usable.
2023-03-07 16:24:42,085 INFO [aspire.nufft] Trying NFFT backend pynfft
2023-03-07 16:24:42,086 INFO [aspire.nufft] NFFT backend pynfft not usable:
	No module named 'pynfft'
2023-03-07 16:24:42,087 INFO [aspire.nufft] Selected NFFT backend = finufft.
2023-03-07 16:26:32,311 DEBUG [aspire.image.xform] Applying forward transformations in pipeline
2023-03-07 16:26:32,311 DEBUG [aspire.image.xform] All forward transformations applied
2023-03-07 16:26:40,654 INFO [src.cryo_signal_enhance]     Preparing starfile in the correct format...
2023-03-07 16:26:40,928 INFO [src.cryo_signal_enhance]     adding phase-flip to pipeline...
2023-03-07 16:26:40,931 INFO [src.cryo_signal_enhance]     adding downsample to pipeline (359->359)...
2023-03-07 16:33:52,688 INFO [src.cryo_signal_enhance]     received 600 coefficient vectors of size 1500...
2023-03-07 16:39:12,455 INFO [src.cryo_signal_enhance]     Preparing starfile in the correct format...
2023-03-07 16:39:12,905 INFO [src.cryo_signal_enhance]     adding phase-flip to pipeline...
2023-03-07 16:39:12,909 INFO [src.cryo_signal_enhance]     adding downsample to pipeline (359->359)...
2023-03-07 16:47:42,018 INFO [src.cryo_signal_enhance]     received 900 coefficient vectors of size 1500...
2023-03-08 12:49:21,617 INFO [src.cryo_signal_enhance]     Preparing starfile in the correct format...
2023-03-08 12:49:22,115 INFO [src.cryo_signal_enhance]     adding phase-flip to pipeline...
2023-03-08 12:49:22,118 INFO [src.cryo_signal_enhance]     adding downsample to pipeline (359->359)...
2023-03-08 12:49:46,844 INFO [src.cryo_signal_enhance]     estimating white noise...
2023-03-08 12:49:49,539 INFO [src.cryo_signal_enhance]     adding whiten to pipeline...
2023-03-08 13:00:52,264 INFO [src.cryo_signal_enhance]     received 900 coefficient vectors of size 1500...
2023-03-08 13:29:29,090 INFO [src.cryo_signal_enhance]     Preparing starfile in the correct format...
2023-03-08 13:29:29,525 INFO [src.cryo_signal_enhance]     adding phase-flip to pipeline...
2023-03-08 13:29:29,529 INFO [src.cryo_signal_enhance]     adding downsample to pipeline (359->359)...
2023-03-08 13:29:52,862 INFO [src.cryo_signal_enhance]     estimating white noise...
2023-03-08 13:29:55,372 INFO [src.cryo_signal_enhance]     adding whiten to pipeline...
2023-03-08 13:39:09,501 INFO [src.cryo_signal_enhance]     received 900 coefficient vectors of size 1500...
2023-03-08 17:19:32,179 INFO [src.cryo_signal_enhance]     Preparing starfile in the correct format...
2023-03-08 17:19:32,614 INFO [src.cryo_signal_enhance]     adding phase-flip to pipeline...
2023-03-08 17:19:32,617 INFO [src.cryo_signal_enhance]     adding downsample to pipeline (359->359)...
2023-03-08 17:19:57,477 INFO [src.cryo_signal_enhance]     estimating white noise...
2023-03-08 17:20:00,006 INFO [src.cryo_signal_enhance]     adding whiten to pipeline...
2023-03-08 17:32:54,705 INFO [src.cryo_signal_enhance]     received 900 coefficient vectors of size 1500...
2023-03-08 17:37:14,571 INFO [src.cryo_signal_enhance]     Preparing starfile in the correct format...
2023-03-08 17:37:14,733 INFO [src.cryo_signal_enhance]     adding phase-flip to pipeline...
2023-03-08 17:37:14,736 INFO [src.cryo_signal_enhance]     adding downsample to pipeline (359->359)...
2023-03-08 18:03:52,961 INFO [src.cryo_signal_enhance]     received 200 coefficient vectors of size 1500...
2023-03-08 20:19:53,265 INFO [src.cryo_signal_enhance]     Preparing starfile in the correct format...
2023-03-08 20:19:53,373 INFO [src.cryo_signal_enhance]     adding phase-flip to pipeline...
2023-03-08 20:19:53,376 INFO [src.cryo_signal_enhance]     adding downsample to pipeline (359->359)...
2023-03-08 20:28:37,086 INFO [src.cryo_signal_enhance]     received 200 coefficient vectors of size 1500...
2023-03-08 20:36:41,808 INFO [src.cryo_signal_enhance]     Preparing starfile in the correct format...
2023-03-08 20:36:41,922 INFO [src.cryo_signal_enhance]     adding phase-flip to pipeline...
2023-03-08 20:36:41,928 INFO [src.cryo_signal_enhance]     adding downsample to pipeline (359->359)...
2023-03-08 20:46:52,052 INFO [src.cryo_signal_enhance]     received 200 coefficient vectors of size 1500...
2023-03-08 20:51:44,664 INFO [src.cryo_signal_enhance]     Preparing starfile in the correct format...
2023-03-08 20:51:45,103 INFO [src.cryo_signal_enhance]     adding phase-flip to pipeline...
2023-03-08 20:51:45,106 INFO [src.cryo_signal_enhance]     adding downsample to pipeline (359->359)...
2023-03-08 21:03:45,538 INFO [src.cryo_signal_enhance]     received 900 coefficient vectors of size 1500...
2023-03-09 12:54:12,068 INFO [src.cryo_signal_enhance]     Preparing starfile in the correct format...
2023-03-09 12:54:12,504 INFO [src.cryo_signal_enhance]     adding phase-flip to pipeline...
2023-03-09 12:54:12,508 INFO [src.cryo_signal_enhance]     adding downsample to pipeline (359->359)...
2023-03-09 13:02:09,011 INFO [src.cryo_signal_enhance]     received 900 coefficient vectors of size 1500...
2023-03-09 13:17:20,320 INFO [src.cryo_signal_enhance]     Preparing starfile in the correct format...
2023-03-09 13:17:20,787 INFO [src.cryo_signal_enhance]     adding phase-flip to pipeline...
2023-03-09 13:17:20,791 INFO [src.cryo_signal_enhance]     adding downsample to pipeline (359->359)...
2023-03-09 13:26:50,467 INFO [src.cryo_signal_enhance]     received 900 coefficient vectors of size 1500...
2023-03-09 16:24:26,525 INFO [src.cryo_signal_enhance]     Preparing starfile in the correct format...
2023-03-09 16:24:26,735 INFO [src.cryo_signal_enhance]     adding phase-flip to pipeline...
2023-03-09 16:24:26,737 INFO [src.cryo_signal_enhance]     adding downsample to pipeline (359->359)...
2023-03-09 16:33:23,481 INFO [src.cryo_signal_enhance]     received 400 coefficient vectors of size 1500...
2023-03-12 13:06:42,255 INFO [src.cryo_signal_enhance]     Preparing starfile in the correct format...
2023-03-12 13:06:42,718 INFO [src.cryo_signal_enhance]     adding phase-flip to pipeline...
2023-03-12 13:06:42,722 INFO [src.cryo_signal_enhance]     adding downsample to pipeline (359->359)...
2023-03-12 13:15:06,829 INFO [src.cryo_signal_enhance]     received 900 coefficient vectors of size 1500...
2023-03-12 15:55:20,043 INFO [src.cryo_signal_enhance]     Preparing starfile in the correct format...
2023-03-12 15:55:20,509 INFO [src.cryo_signal_enhance]     adding phase-flip to pipeline...
2023-03-12 15:55:20,513 INFO [src.cryo_signal_enhance]     adding downsample to pipeline (359->359)...
2023-03-12 16:02:56,073 INFO [src.cryo_signal_enhance]     received 900 coefficient vectors of size 1500...
2023-03-12 16:34:12,883 INFO [src.cryo_signal_enhance]     Preparing starfile in the correct format...
2023-03-12 16:34:13,323 INFO [src.cryo_signal_enhance]     adding phase-flip to pipeline...
2023-03-12 16:34:13,327 INFO [src.cryo_signal_enhance]     adding downsample to pipeline (359->359)...
2023-03-12 16:41:47,721 INFO [src.cryo_signal_enhance]     received 900 coefficient vectors of size 1500...
2023-03-12 19:17:31,807 INFO [src.cryo_signal_enhance]     Preparing starfile in the correct format...
2023-03-12 19:17:32,267 INFO [src.cryo_signal_enhance]     adding phase-flip to pipeline...
2023-03-12 19:17:32,271 INFO [src.cryo_signal_enhance]     adding downsample to pipeline (359->359)...
2023-03-12 19:26:50,706 INFO [src.cryo_signal_enhance]     received 900 coefficient vectors of size 1500...
2023-03-12 22:22:29,968 INFO [src.cryo_signal_enhance]     Preparing starfile in the correct format...
2023-03-12 22:22:30,399 INFO [src.cryo_signal_enhance]     adding phase-flip to pipeline...
2023-03-12 22:22:30,402 INFO [src.cryo_signal_enhance]     adding downsample to pipeline (359->89)...
2023-03-12 22:23:05,427 INFO [src.cryo_signal_enhance]     received 900 coefficient vectors of size 1500...
