2023-03-02 19:25:07,458 DEBUG [root] ASPIRE configuration directory is /home/yoavharlap/.config/ASPIRE
2023-03-02 19:25:07,458 DEBUG [root] ASPIRE configuration resolution details [({'logging': {'log_dir': '/scratch/home/yoavharlap/PycharmProjects/graphCryo/logs'}}, ConfigSource(<super: <class 'ConfigSource'>, <ConfigSource object>>, None, False, False)), ({}, ConfigSource(<super: <class 'ConfigSource'>, <YamlSource object>>, '/home/yoavharlap/.config/ASPIRE/config.yaml', False, False)), ({'version': '0.10.1', 'common': OrderedDict([('numeric', 'numpy'), ('fft', 'pyfftw')]), 'logging': OrderedDict([('log_dir', 'logs'), ('log_exceptions', 1), ('tqdm_disable', False), ('console_level', 'INFO'), ('log_file_level', 'DEBUG'), ('log_prefix', 'aspire')]), 'nufft': OrderedDict([('backends', ['cufinufft', 'finufft', 'pynfft'])]), 'ray': OrderedDict([('temp_dir', '/tmp/ray')])}, ConfigSource(<super: <class 'ConfigSource'>, <YamlSource object>>, '/home/yoavharlap/.local/lib/python3.8/site-packages/aspire/config_default.yaml', True, False))]
2023-03-02 19:25:07,459 DEBUG [root] Resolved config.yaml:

logging:
    log_dir: /scratch/home/yoavharlap/PycharmProjects/graphCryo/logs
    log_exceptions: 1
    tqdm_disable: no
    console_level: INFO
    log_file_level: DEBUG
    log_prefix: aspire
version: 0.10.1
common:
    numeric: numpy
    fft: pyfftw

nufft:
    backends: [cufinufft, finufft, pynfft]

ray:
    temp_dir: /tmp/ray


2023-03-02 19:25:10,466 INFO [aspire.volume.volume] /scratch/guysharon/Work/datafiles/volrefs/emd_2660.map with dtype float32 loaded as <class 'numpy.float64'>
2023-03-02 19:25:10,598 INFO [__main__] Original volume map data shape: (1, 360, 360, 360) dtype:float64
2023-03-02 19:25:25,583 INFO [__main__] Initialize CTF filters.
2023-03-02 19:25:25,586 INFO [aspire.source.image] Creating Simulation with 1402 images.
2023-03-02 19:25:25,606 INFO [aspire.source.simulation] Appending CustomNoiseAdder to generation pipeline
2023-03-02 19:25:25,607 INFO [aspire.source.image] save metadata into STAR file
2023-03-02 19:25:25,626 INFO [aspire.storage.starfile] Created StarFile with blocks: 
2023-03-02 19:25:25,636 INFO [aspire.source.image] save images into MRCS file
2023-03-02 19:25:25,687 INFO [aspire.source.image] Saving ImageSource[0-1401] to /home/yoavharlap/work/starfile_0_1401.mrcs
2023-03-02 19:25:25,722 DEBUG [aspire.nufft] nufft passed real_type for signal, converting
2023-03-02 19:25:25,723 INFO [aspire.nufft] Trying NFFT backend cufinufft
2023-03-02 19:25:25,725 INFO [aspire.nufft] NFFT backend cufinufft not usable:
	No module named 'pycuda'
2023-03-02 19:25:25,726 INFO [aspire.nufft] Trying NFFT backend finufft
2023-03-02 19:25:25,731 INFO [aspire.nufft] NFFT backend finufft usable.
2023-03-02 19:25:25,732 INFO [aspire.nufft] Trying NFFT backend pynfft
2023-03-02 19:25:25,733 INFO [aspire.nufft] NFFT backend pynfft not usable:
	No module named 'pynfft'
2023-03-02 19:25:25,734 INFO [aspire.nufft] Selected NFFT backend = finufft.
2023-03-02 19:25:34,905 DEBUG [aspire.image.xform] Applying forward transformations in pipeline
2023-03-02 19:25:34,906 DEBUG [aspire.image.xform] All forward transformations applied
2023-03-02 19:25:50,666 INFO [aspire.volume.volume] /scratch/guysharon/Work/datafiles/volrefs/emd_2660.map with dtype float32 loaded as <class 'numpy.float64'>
2023-03-02 19:25:50,800 INFO [__main__] Original volume map data shape: (1, 360, 360, 360) dtype:float64
2023-03-02 19:25:51,851 INFO [__main__] Initialize CTF filters.
2023-03-02 19:25:51,855 INFO [aspire.source.image] Creating Simulation with 1402 images.
2023-03-02 19:25:51,872 INFO [aspire.source.simulation] Appending CustomNoiseAdder to generation pipeline
2023-03-02 19:25:51,874 INFO [aspire.source.image] save metadata into STAR file
2023-03-02 19:25:51,892 INFO [aspire.storage.starfile] Created StarFile with blocks: 
2023-03-02 19:25:51,902 INFO [aspire.source.image] save images into MRCS file
2023-03-02 19:25:51,961 INFO [aspire.source.image] Saving ImageSource[0-1401] to /home/yoavharlap/work/starfile_0_1401.mrcs
2023-03-02 19:25:51,998 DEBUG [aspire.nufft] nufft passed real_type for signal, converting
2023-03-02 19:26:00,870 DEBUG [aspire.image.xform] Applying forward transformations in pipeline
2023-03-02 19:26:00,870 DEBUG [aspire.image.xform] All forward transformations applied
2023-03-02 19:26:01,259 INFO [src.cryo_signal_enhance]     Preparing starfile in the correct format...
2023-03-02 19:26:01,481 INFO [src.cryo_signal_enhance]     adding phase-flip to pipeline...
2023-03-02 19:26:01,483 INFO [src.cryo_signal_enhance]     adding downsample to pipeline (28->28)...
2023-03-02 19:26:02,043 INFO [src.cryo_signal_enhance]     estimating white noise...
2023-03-02 19:26:02,065 INFO [src.cryo_signal_enhance]     adding whiten to pipeline...
2023-03-02 19:26:04,372 INFO [src.cryo_signal_enhance]     received 1402 coefficient vectors of size 238...
2023-03-02 19:27:37,543 INFO [src.cryo_signal_enhance]     Preparing starfile in the correct format...
2023-03-02 19:27:37,629 INFO [src.cryo_signal_enhance]     adding phase-flip to pipeline...
2023-03-02 19:27:37,632 INFO [src.cryo_signal_enhance]     adding downsample to pipeline (28->28)...
2023-03-02 19:27:38,141 INFO [src.cryo_signal_enhance]     estimating white noise...
2023-03-02 19:27:38,166 INFO [src.cryo_signal_enhance]     adding whiten to pipeline...
2023-03-02 19:27:38,725 INFO [src.cryo_signal_enhance]     received 1402 coefficient vectors of size 238...
2023-03-02 19:30:43,824 INFO [src.cryo_signal_enhance]     Preparing starfile in the correct format...
2023-03-02 19:30:43,946 INFO [src.cryo_signal_enhance]     adding phase-flip to pipeline...
2023-03-02 19:30:43,951 INFO [src.cryo_signal_enhance]     adding downsample to pipeline (28->28)...
2023-03-02 19:30:44,588 INFO [src.cryo_signal_enhance]     estimating white noise...
2023-03-02 19:30:44,623 INFO [src.cryo_signal_enhance]     adding whiten to pipeline...
2023-03-02 19:30:45,179 INFO [src.cryo_signal_enhance]     received 1402 coefficient vectors of size 238...
2023-03-02 19:32:59,499 INFO [src.cryo_signal_enhance]     Preparing starfile in the correct format...
2023-03-02 19:32:59,602 INFO [src.cryo_signal_enhance]     adding phase-flip to pipeline...
2023-03-02 19:32:59,605 INFO [src.cryo_signal_enhance]     adding downsample to pipeline (28->28)...
2023-03-02 19:33:00,162 INFO [src.cryo_signal_enhance]     estimating white noise...
2023-03-02 19:33:00,186 INFO [src.cryo_signal_enhance]     adding whiten to pipeline...
2023-03-02 19:33:00,774 INFO [src.cryo_signal_enhance]     received 1402 coefficient vectors of size 238...
2023-03-02 19:33:51,138 INFO [src.cryo_signal_enhance]     Preparing starfile in the correct format...
2023-03-02 19:33:51,245 INFO [src.cryo_signal_enhance]     adding phase-flip to pipeline...
2023-03-02 19:33:51,250 INFO [src.cryo_signal_enhance]     adding downsample to pipeline (28->28)...
2023-03-02 19:33:51,827 INFO [src.cryo_signal_enhance]     estimating white noise...
2023-03-02 19:33:51,852 INFO [src.cryo_signal_enhance]     adding whiten to pipeline...
2023-03-02 19:33:52,414 INFO [src.cryo_signal_enhance]     received 1402 coefficient vectors of size 238...
2023-03-02 19:35:20,352 INFO [src.cryo_signal_enhance]     Preparing starfile in the correct format...
2023-03-02 19:35:20,448 INFO [src.cryo_signal_enhance]     adding phase-flip to pipeline...
2023-03-02 19:35:20,451 INFO [src.cryo_signal_enhance]     adding downsample to pipeline (28->28)...
2023-03-02 19:35:21,046 INFO [src.cryo_signal_enhance]     estimating white noise...
2023-03-02 19:35:21,070 INFO [src.cryo_signal_enhance]     adding whiten to pipeline...
2023-03-02 19:35:21,605 INFO [src.cryo_signal_enhance]     received 1402 coefficient vectors of size 238...
2023-03-02 19:36:55,764 INFO [src.cryo_signal_enhance]     Preparing starfile in the correct format...
2023-03-02 19:36:55,865 INFO [src.cryo_signal_enhance]     adding phase-flip to pipeline...
2023-03-02 19:36:55,868 INFO [src.cryo_signal_enhance]     adding downsample to pipeline (28->28)...
2023-03-02 19:36:56,472 INFO [src.cryo_signal_enhance]     estimating white noise...
2023-03-02 19:36:56,504 INFO [src.cryo_signal_enhance]     adding whiten to pipeline...
2023-03-02 19:36:57,024 INFO [src.cryo_signal_enhance]     received 1402 coefficient vectors of size 238...
2023-03-02 19:38:46,691 INFO [src.cryo_signal_enhance]     Preparing starfile in the correct format...
2023-03-02 19:38:46,798 INFO [src.cryo_signal_enhance]     adding phase-flip to pipeline...
2023-03-02 19:38:46,802 INFO [src.cryo_signal_enhance]     adding downsample to pipeline (28->28)...
2023-03-02 19:38:47,399 INFO [src.cryo_signal_enhance]     estimating white noise...
2023-03-02 19:38:47,424 INFO [src.cryo_signal_enhance]     adding whiten to pipeline...
2023-03-02 19:38:48,070 INFO [src.cryo_signal_enhance]     received 1402 coefficient vectors of size 238...
2023-03-02 19:42:36,595 INFO [src.cryo_signal_enhance]     Preparing starfile in the correct format...
2023-03-02 19:42:36,692 INFO [src.cryo_signal_enhance]     adding phase-flip to pipeline...
2023-03-02 19:42:36,695 INFO [src.cryo_signal_enhance]     adding downsample to pipeline (28->28)...
2023-03-02 19:42:37,236 INFO [src.cryo_signal_enhance]     estimating white noise...
2023-03-02 19:42:37,259 INFO [src.cryo_signal_enhance]     adding whiten to pipeline...
2023-03-02 19:42:37,830 INFO [src.cryo_signal_enhance]     received 1402 coefficient vectors of size 238...
2023-03-02 19:44:10,508 INFO [src.cryo_signal_enhance]     Preparing starfile in the correct format...
2023-03-02 19:44:10,627 INFO [src.cryo_signal_enhance]     adding phase-flip to pipeline...
2023-03-02 19:44:10,631 INFO [src.cryo_signal_enhance]     adding downsample to pipeline (28->28)...
2023-03-02 19:44:11,132 INFO [src.cryo_signal_enhance]     estimating white noise...
2023-03-02 19:44:11,159 INFO [src.cryo_signal_enhance]     adding whiten to pipeline...
2023-03-02 19:44:11,795 INFO [src.cryo_signal_enhance]     received 1402 coefficient vectors of size 238...
2023-03-02 19:45:07,603 INFO [src.cryo_signal_enhance]     Preparing starfile in the correct format...
2023-03-02 19:45:07,738 INFO [src.cryo_signal_enhance]     adding phase-flip to pipeline...
2023-03-02 19:45:07,741 INFO [src.cryo_signal_enhance]     adding downsample to pipeline (28->28)...
2023-03-02 19:45:08,318 INFO [src.cryo_signal_enhance]     estimating white noise...
2023-03-02 19:45:08,356 INFO [src.cryo_signal_enhance]     adding whiten to pipeline...
2023-03-02 19:45:08,906 INFO [src.cryo_signal_enhance]     received 1402 coefficient vectors of size 238...
2023-03-02 19:47:08,941 INFO [src.cryo_signal_enhance]     Preparing starfile in the correct format...
2023-03-02 19:47:09,031 INFO [src.cryo_signal_enhance]     adding phase-flip to pipeline...
2023-03-02 19:47:09,034 INFO [src.cryo_signal_enhance]     adding downsample to pipeline (28->28)...
2023-03-02 19:47:09,529 INFO [src.cryo_signal_enhance]     estimating white noise...
2023-03-02 19:47:09,566 INFO [src.cryo_signal_enhance]     adding whiten to pipeline...
2023-03-02 19:47:10,024 INFO [src.cryo_signal_enhance]     received 1402 coefficient vectors of size 238...
2023-03-02 19:47:37,463 INFO [src.cryo_signal_enhance]     Preparing starfile in the correct format...
2023-03-02 19:47:37,555 INFO [src.cryo_signal_enhance]     adding phase-flip to pipeline...
2023-03-02 19:47:37,558 INFO [src.cryo_signal_enhance]     adding downsample to pipeline (28->28)...
2023-03-02 19:47:38,013 INFO [src.cryo_signal_enhance]     estimating white noise...
2023-03-02 19:47:38,036 INFO [src.cryo_signal_enhance]     adding whiten to pipeline...
2023-03-02 19:47:38,605 INFO [src.cryo_signal_enhance]     received 1402 coefficient vectors of size 238...
